<?xml version="1.0" encoding="UTF-8"?>
<coverage generated="1779636562377" clover="3.2.0">
  <project timestamp="1779636562377" name="All files">
    <metrics statements="2591" coveredstatements="2384" conditionals="2261" coveredconditionals="1946" methods="1125" coveredmethods="1030" elements="5977" coveredelements="5360" complexity="0" loc="2591" ncloc="2591" packages="37" files="206" classes="206"/>
    <package name="src">
      <metrics statements="20" coveredstatements="20" conditionals="2" coveredconditionals="2" methods="18" coveredmethods="5"/>
      <file name="App.tsx" path="/home/jacob/FINAL-AAU-REDESIGN/src/App.tsx">
        <metrics statements="5" coveredstatements="5" conditionals="2" coveredconditionals="2" methods="4" coveredmethods="4"/>
        <line num="9" count="3" type="stmt"/>
        <line num="10" count="3" type="stmt"/>
        <line num="11" count="1" type="stmt"/>
        <line num="12" count="1" type="stmt"/>
        <line num="19" count="14" type="cond" truecount="2" falsecount="0"/>
      </file>
      <file name="routes.ts" path="/home/jacob/FINAL-AAU-REDESIGN/src/routes.ts">
        <metrics statements="15" coveredstatements="15" conditionals="0" coveredconditionals="0" methods="14" coveredmethods="1"/>
        <line num="3" count="2" type="stmt"/>
        <line num="4" count="2" type="stmt"/>
        <line num="5" count="2" type="stmt"/>
        <line num="6" count="2" type="stmt"/>
        <line num="7" count="2" type="stmt"/>
        <line num="8" count="2" type="stmt"/>
        <line num="9" count="2" type="stmt"/>
        <line num="10" count="2" type="stmt"/>
        <line num="11" count="2" type="stmt"/>
        <line num="12" count="2" type="stmt"/>
        <line num="13" count="2" type="stmt"/>
        <line num="14" count="2" type="stmt"/>
        <line num="15" count="2" type="stmt"/>
        <line num="16" count="2" type="stmt"/>
        <line num="24" count="2" type="stmt"/>
      </file>
    </package>
    <package name="src.api">
      <metrics statements="83" coveredstatements="67" conditionals="59" coveredconditionals="44" methods="46" coveredmethods="40"/>
      <file name="courses.ts" path="/home/jacob/FINAL-AAU-REDESIGN/src/api/courses.ts">
        <metrics statements="12" coveredstatements="12" conditionals="4" coveredconditionals="4" methods="8" coveredmethods="8"/>
        <line num="5" count="1" type="stmt"/>
        <line num="7" count="1" type="stmt"/>
        <line num="8" count="1" type="stmt"/>
        <line num="13" count="2" type="stmt"/>
        <line num="14" count="2" type="stmt"/>
        <line num="15" count="2" type="cond" truecount="2" falsecount="0"/>
        <line num="16" count="1" type="stmt"/>
        <line num="21" count="1" type="stmt"/>
        <line num="25" count="2" type="stmt"/>
        <line num="26" count="2" type="stmt"/>
        <line num="27" count="2" type="cond" truecount="2" falsecount="0"/>
        <line num="28" count="1" type="stmt"/>
      </file>
      <file name="index.ts" path="/home/jacob/FINAL-AAU-REDESIGN/src/api/index.ts">
        <metrics statements="63" coveredstatements="47" conditionals="55" coveredconditionals="40" methods="30" coveredmethods="24"/>
        <line num="4" count="10" type="cond" truecount="2" falsecount="0"/>
        <line num="5" count="8" type="cond" truecount="2" falsecount="0"/>
        <line num="6" count="7" type="cond" truecount="1" falsecount="1"/>
        <line num="7" count="7" type="stmt"/>
        <line num="8" count="7" type="cond" truecount="2" falsecount="0"/>
        <line num="9" count="6" type="cond" truecount="2" falsecount="0"/>
        <line num="11" count="5" type="stmt"/>
        <line num="14" count="9" type="stmt"/>
        <line num="17" count="1" type="cond" truecount="1" falsecount="1"/>
        <line num="18" count="1" type="cond" truecount="1" falsecount="1"/>
        <line num="19" count="1" type="stmt"/>
        <line num="20" count="1" type="cond" truecount="2" falsecount="0"/>
        <line num="21" count="1" type="stmt"/>
        <line num="25" count="1" type="stmt"/>
        <line num="26" count="1" type="cond" truecount="1" falsecount="1"/>
        <line num="27" count="1" type="stmt"/>
        <line num="28" count="1" type="cond" truecount="1" falsecount="1"/>
        <line num="29" count="1" type="stmt"/>
        <line num="33" count="3" type="stmt"/>
        <line num="34" count="3" type="stmt"/>
        <line num="35" count="3" type="stmt"/>
        <line num="36" count="2" type="stmt"/>
        <line num="37" count="1" type="stmt"/>
        <line num="43" count="4" type="cond" truecount="1" falsecount="1"/>
        <line num="45" count="4" type="stmt"/>
        <line num="46" count="5" type="stmt"/>
        <line num="47" count="3" type="cond" truecount="4" falsecount="0"/>
        <line num="48" count="1" type="stmt"/>
        <line num="49" count="1" type="stmt"/>
        <line num="52" count="4" type="stmt"/>
        <line num="56" count="1" type="cond" truecount="1" falsecount="1"/>
        <line num="57" count="1" type="stmt"/>
        <line num="58" count="1" type="stmt"/>
        <line num="59" count="1" type="cond" truecount="1" falsecount="1"/>
        <line num="61" count="0" type="stmt"/>
        <line num="62" count="0" type="cond" truecount="0" falsecount="2"/>
        <line num="63" count="0" type="stmt"/>
        <line num="65" count="0" type="stmt"/>
        <line num="66" count="0" type="cond" truecount="0" falsecount="2"/>
        <line num="67" count="0" type="stmt"/>
        <line num="68" count="0" type="stmt"/>
        <line num="78" count="17" type="stmt"/>
        <line num="79" count="17" type="stmt"/>
        <line num="80" count="17" type="stmt"/>
        <line num="84" count="1" type="stmt"/>
        <line num="88" count="1" type="stmt"/>
        <line num="92" count="10" type="cond" truecount="4" falsecount="0"/>
        <line num="93" count="1" type="stmt"/>
        <line num="94" count="1" type="stmt"/>
        <line num="98" count="1" type="stmt"/>
        <line num="105" count="6" type="cond" truecount="3" falsecount="1"/>
        <line num="106" count="0" type="stmt"/>
        <line num="107" count="0" type="stmt"/>
        <line num="113" count="0" type="stmt"/>
        <line num="120" count="2" type="cond" truecount="3" falsecount="1"/>
        <line num="121" count="0" type="stmt"/>
        <line num="122" count="0" type="stmt"/>
        <line num="128" count="0" type="stmt"/>
        <line num="135" count="1" type="cond" truecount="3" falsecount="1"/>
        <line num="136" count="0" type="stmt"/>
        <line num="137" count="0" type="stmt"/>
        <line num="142" count="0" type="stmt"/>
        <line num="149" count="9" type="stmt"/>
      </file>
      <file name="settings.ts" path="/home/jacob/FINAL-AAU-REDESIGN/src/api/settings.ts">
        <metrics statements="2" coveredstatements="2" conditionals="0" coveredconditionals="0" methods="2" coveredmethods="2"/>
        <line num="4" count="3" type="stmt"/>
        <line num="5" count="1" type="stmt"/>
      </file>
      <file name="submissions.ts" path="/home/jacob/FINAL-AAU-REDESIGN/src/api/submissions.ts">
        <metrics statements="2" coveredstatements="2" conditionals="0" coveredconditionals="0" methods="2" coveredmethods="2"/>
        <line num="4" count="1" type="stmt"/>
        <line num="5" count="2" type="stmt"/>
      </file>
      <file name="support.ts" path="/home/jacob/FINAL-AAU-REDESIGN/src/api/support.ts">
        <metrics statements="2" coveredstatements="2" conditionals="0" coveredconditionals="0" methods="2" coveredmethods="2"/>
        <line num="4" count="1" type="stmt"/>
        <line num="5" count="3" type="stmt"/>
      </file>
      <file name="users.ts" path="/home/jacob/FINAL-AAU-REDESIGN/src/api/users.ts">
        <metrics statements="2" coveredstatements="2" conditionals="0" coveredconditionals="0" methods="2" coveredmethods="2"/>
        <line num="5" count="1" type="stmt"/>
        <line num="7" count="1" type="stmt"/>
      </file>
    </package>
    <package name="src.components">
      <metrics statements="49" coveredstatements="49" conditionals="18" coveredconditionals="16" methods="18" coveredmethods="18"/>
      <file name="ErrorBoundary.tsx" path="/home/jacob/FINAL-AAU-REDESIGN/src/components/ErrorBoundary.tsx">
        <metrics statements="15" coveredstatements="15" conditionals="10" coveredconditionals="8" methods="7" coveredmethods="7"/>
        <line num="34" count="231" type="stmt"/>
        <line num="40" count="8" type="stmt"/>
        <line num="45" count="4" type="stmt"/>
        <line num="53" count="2" type="stmt"/>
        <line num="54" count="2" type="stmt"/>
        <line num="58" count="1" type="stmt"/>
        <line num="59" count="1" type="cond" truecount="2" falsecount="2"/>
        <line num="60" count="1" type="stmt"/>
        <line num="61" count="1" type="stmt"/>
        <line num="66" count="375" type="cond" truecount="2" falsecount="0"/>
        <line num="67" count="8" type="cond" truecount="2" falsecount="0"/>
        <line num="69" count="6" type="stmt"/>
        <line num="72" count="367" type="stmt"/>
        <line num="89" count="6" type="stmt"/>
        <line num="91" count="6" type="stmt"/>
      </file>
      <file name="StoreInit.tsx" path="/home/jacob/FINAL-AAU-REDESIGN/src/components/StoreInit.tsx">
        <metrics statements="34" coveredstatements="34" conditionals="8" coveredconditionals="8" methods="11" coveredmethods="11"/>
        <line num="6" count="46" type="stmt"/>
        <line num="7" count="46" type="stmt"/>
        <line num="8" count="46" type="stmt"/>
        <line num="9" count="46" type="stmt"/>
        <line num="12" count="8" type="stmt"/>
        <line num="13" count="8" type="stmt"/>
        <line num="14" count="8" type="cond" truecount="2" falsecount="0"/>
        <line num="15" count="2" type="stmt"/>
        <line num="20" count="8" type="stmt"/>
        <line num="24" count="8" type="stmt"/>
        <line num="25" count="8" type="stmt"/>
        <line num="28" count="8" type="stmt"/>
        <line num="29" count="6" type="stmt"/>
        <line num="30" count="8" type="stmt"/>
        <line num="31" count="8" type="stmt"/>
        <line num="32" count="8" type="stmt"/>
        <line num="34" count="8" type="cond" truecount="2" falsecount="0"/>
        <line num="35" count="2" type="stmt"/>
        <line num="36" count="2" type="stmt"/>
        <line num="37" count="6" type="cond" truecount="2" falsecount="0"/>
        <line num="38" count="1" type="stmt"/>
        <line num="39" count="1" type="stmt"/>
        <line num="41" count="5" type="stmt"/>
        <line num="45" count="6" type="stmt"/>
        <line num="47" count="6" type="stmt"/>
        <line num="48" count="2" type="cond" truecount="2" falsecount="0"/>
        <line num="49" count="1" type="stmt"/>
        <line num="53" count="6" type="stmt"/>
        <line num="54" count="6" type="stmt"/>
        <line num="55" count="6" type="stmt"/>
        <line num="57" count="6" type="stmt"/>
        <line num="58" count="6" type="stmt"/>
        <line num="59" count="6" type="stmt"/>
        <line num="63" count="8" type="stmt"/>
      </file>
    </package>
    <package name="src.components.common">
      <metrics statements="38" coveredstatements="38" conditionals="38" coveredconditionals="38" methods="15" coveredmethods="15"/>
      <file name="IconCircle.tsx" path="/home/jacob/FINAL-AAU-REDESIGN/src/components/common/IconCircle.tsx">
        <metrics statements="4" coveredstatements="4" conditionals="5" coveredconditionals="5" methods="1" coveredmethods="1"/>
        <line num="5" count="7" type="stmt"/>
        <line num="24" count="283" type="cond" truecount="4" falsecount="0"/>
        <line num="27" count="283" type="stmt"/>
        <line num="29" count="283" type="stmt"/>
      </file>
      <file name="PageGuide.tsx" path="/home/jacob/FINAL-AAU-REDESIGN/src/components/common/PageGuide.tsx">
        <metrics statements="24" coveredstatements="24" conditionals="14" coveredconditionals="14" methods="8" coveredmethods="8"/>
        <line num="11" count="1" type="stmt"/>
        <line num="225" count="75" type="stmt"/>
        <line num="226" count="75" type="stmt"/>
        <line num="227" count="25" type="stmt"/>
        <line num="228" count="25" type="stmt"/>
        <line num="229" count="25" type="stmt"/>
        <line num="231" count="25" type="stmt"/>
        <line num="233" count="8" type="stmt"/>
        <line num="234" count="8" type="stmt"/>
        <line num="236" count="8" type="cond" truecount="2" falsecount="0"/>
        <line num="239" count="2" type="stmt"/>
        <line num="240" count="14" type="cond" truecount="2" falsecount="0"/>
        <line num="242" count="3" type="stmt"/>
        <line num="245" count="3" type="stmt"/>
        <line num="247" count="3" type="cond" truecount="2" falsecount="0"/>
        <line num="252" count="1" type="stmt"/>
        <line num="255" count="8" type="stmt"/>
        <line num="256" count="8" type="stmt"/>
        <line num="258" count="8" type="stmt"/>
        <line num="261" count="25" type="cond" truecount="2" falsecount="0"/>
        <line num="263" count="17" type="stmt"/>
        <line num="269" count="8" type="stmt"/>
        <line num="291" count="28" type="stmt"/>
        <line num="304" count="1" type="stmt"/>
      </file>
      <file name="PageHeader.tsx" path="/home/jacob/FINAL-AAU-REDESIGN/src/components/common/PageHeader.tsx">
        <metrics statements="9" coveredstatements="9" conditionals="19" coveredconditionals="19" methods="5" coveredmethods="5"/>
        <line num="41" count="1513" type="stmt"/>
        <line num="42" count="1513" type="stmt"/>
        <line num="44" count="443" type="stmt"/>
        <line num="46" count="443" type="stmt"/>
        <line num="47" count="212" type="cond" truecount="2" falsecount="0"/>
        <line num="48" count="212" type="stmt"/>
        <line num="49" count="212" type="stmt"/>
        <line num="53" count="443" type="cond" truecount="4" falsecount="0"/>
        <line num="55" count="443" type="stmt"/>
      </file>
      <file name="WavesBackground.tsx" path="/home/jacob/FINAL-AAU-REDESIGN/src/components/common/WavesBackground.tsx">
        <metrics statements="1" coveredstatements="1" conditionals="0" coveredconditionals="0" methods="1" coveredmethods="1"/>
        <line num="8" count="1" type="stmt"/>
      </file>
    </package>
    <package name="src.components.layout">
      <metrics statements="348" coveredstatements="288" conditionals="343" coveredconditionals="269" methods="131" coveredmethods="120"/>
      <file name="DashboardLayout.tsx" path="/home/jacob/FINAL-AAU-REDESIGN/src/components/layout/DashboardLayout.tsx">
        <metrics statements="9" coveredstatements="7" conditionals="8" coveredconditionals="3" methods="7" coveredmethods="6"/>
        <line num="18" count="3" type="cond" truecount="2" falsecount="0"/>
        <line num="20" count="3" type="stmt"/>
        <line num="27" count="11" type="stmt"/>
        <line num="28" count="9" type="stmt"/>
        <line num="36" count="1" type="stmt"/>
        <line num="38" count="1" type="stmt"/>
        <line num="40" count="0" type="cond" truecount="0" falsecount="4"/>
        <line num="41" count="0" type="stmt"/>
        <line num="56" count="9" type="stmt"/>
      </file>
      <file name="DynamicWaveBackground.tsx" path="/home/jacob/FINAL-AAU-REDESIGN/src/components/layout/DynamicWaveBackground.tsx">
        <metrics statements="35" coveredstatements="35" conditionals="14" coveredconditionals="14" methods="10" coveredmethods="10"/>
        <line num="6" count="2" type="stmt"/>
        <line num="18" count="17" type="stmt"/>
        <line num="19" count="51" type="stmt"/>
        <line num="20" count="17" type="stmt"/>
        <line num="21" count="17" type="stmt"/>
        <line num="22" count="17" type="stmt"/>
        <line num="24" count="17" type="stmt"/>
        <line num="25" count="8" type="stmt"/>
        <line num="26" count="8" type="stmt"/>
        <line num="28" count="8" type="cond" truecount="2" falsecount="0"/>
        <line num="30" count="2" type="stmt"/>
        <line num="31" count="16" type="cond" truecount="2" falsecount="0"/>
        <line num="32" count="2" type="stmt"/>
        <line num="33" count="4" type="stmt"/>
        <line num="34" count="2" type="cond" truecount="2" falsecount="0"/>
        <line num="36" count="1" type="stmt"/>
        <line num="37" count="1" type="stmt"/>
        <line num="40" count="17" type="cond" truecount="2" falsecount="0"/>
        <line num="44" count="17" type="stmt"/>
        <line num="45" count="9" type="cond" truecount="2" falsecount="0"/>
        <line num="47" count="8" type="stmt"/>
        <line num="48" count="8" type="stmt"/>
        <line num="49" count="8" type="stmt"/>
        <line num="50" count="1" type="stmt"/>
        <line num="51" count="1" type="stmt"/>
        <line num="52" count="1" type="stmt"/>
        <line num="54" count="8" type="stmt"/>
        <line num="55" count="1" type="stmt"/>
        <line num="56" count="1" type="stmt"/>
        <line num="58" count="8" type="stmt"/>
        <line num="60" count="8" type="stmt"/>
        <line num="61" count="8" type="stmt"/>
        <line num="62" count="8" type="stmt"/>
        <line num="66" count="17" type="cond" truecount="2" falsecount="0"/>
        <line num="71" count="17" type="stmt"/>
      </file>
      <file name="Footer.tsx" path="/home/jacob/FINAL-AAU-REDESIGN/src/components/layout/Footer.tsx">
        <metrics statements="3" coveredstatements="2" conditionals="0" coveredconditionals="0" methods="3" coveredmethods="2"/>
        <line num="7" count="18" type="stmt"/>
        <line num="8" count="6" type="stmt"/>
        <line num="39" count="0" type="stmt"/>
      </file>
      <file name="Layout.tsx" path="/home/jacob/FINAL-AAU-REDESIGN/src/components/layout/Layout.tsx">
        <metrics statements="28" coveredstatements="28" conditionals="10" coveredconditionals="10" methods="9" coveredmethods="9"/>
        <line num="11" count="32" type="stmt"/>
        <line num="12" count="32" type="stmt"/>
        <line num="13" count="32" type="stmt"/>
        <line num="14" count="32" type="stmt"/>
        <line num="15" count="32" type="stmt"/>
        <line num="16" count="10" type="stmt"/>
        <line num="17" count="10" type="stmt"/>
        <line num="18" count="10" type="stmt"/>
        <line num="19" count="10" type="stmt"/>
        <line num="20" count="10" type="stmt"/>
        <line num="22" count="10" type="stmt"/>
        <line num="23" count="10" type="cond" truecount="2" falsecount="0"/>
        <line num="24" count="5" type="stmt"/>
        <line num="25" count="5" type="stmt"/>
        <line num="26" count="5" type="stmt"/>
        <line num="29" count="5" type="cond" truecount="2" falsecount="0"/>
        <line num="30" count="3" type="stmt"/>
        <line num="31" count="3" type="stmt"/>
        <line num="37" count="2" type="stmt"/>
        <line num="38" count="2" type="stmt"/>
        <line num="39" count="2" type="cond" truecount="2" falsecount="0"/>
        <line num="46" count="5" type="stmt"/>
        <line num="48" count="5" type="stmt"/>
        <line num="49" count="5" type="stmt"/>
        <line num="50" count="5" type="stmt"/>
        <line num="54" count="10" type="stmt"/>
        <line num="55" count="8" type="stmt"/>
        <line num="58" count="10" type="stmt"/>
      </file>
      <file name="MessagesDropdown.tsx" path="/home/jacob/FINAL-AAU-REDESIGN/src/components/layout/MessagesDropdown.tsx">
        <metrics statements="24" coveredstatements="24" conditionals="32" coveredconditionals="31" methods="14" coveredmethods="14"/>
        <line num="13" count="72" type="stmt"/>
        <line num="14" count="220" type="stmt"/>
        <line num="15" count="220" type="stmt"/>
        <line num="16" count="220" type="stmt"/>
        <line num="18" count="72" type="stmt"/>
        <line num="19" count="72" type="stmt"/>
        <line num="21" count="72" type="stmt"/>
        <line num="23" count="72" type="stmt"/>
        <line num="24" count="52" type="stmt"/>
        <line num="25" count="4" type="cond" truecount="3" falsecount="1"/>
        <line num="27" count="52" type="stmt"/>
        <line num="28" count="2" type="cond" truecount="2" falsecount="0"/>
        <line num="30" count="52" type="stmt"/>
        <line num="31" count="52" type="stmt"/>
        <line num="32" count="52" type="stmt"/>
        <line num="33" count="52" type="stmt"/>
        <line num="34" count="52" type="stmt"/>
        <line num="38" count="72" type="stmt"/>
        <line num="49" count="8" type="stmt"/>
        <line num="80" count="2" type="stmt"/>
        <line num="81" count="2" type="stmt"/>
        <line num="90" count="16" type="stmt"/>
        <line num="94" count="3" type="stmt"/>
        <line num="95" count="3" type="stmt"/>
      </file>
      <file name="NotificationsDropdown.tsx" path="/home/jacob/FINAL-AAU-REDESIGN/src/components/layout/NotificationsDropdown.tsx">
        <metrics statements="59" coveredstatements="44" conditionals="48" coveredconditionals="30" methods="19" coveredmethods="17"/>
        <line num="12" count="73" type="stmt"/>
        <line num="13" count="223" type="stmt"/>
        <line num="14" count="223" type="stmt"/>
        <line num="15" count="223" type="stmt"/>
        <line num="16" count="73" type="stmt"/>
        <line num="17" count="73" type="stmt"/>
        <line num="18" count="73" type="stmt"/>
        <line num="19" count="73" type="stmt"/>
        <line num="21" count="73" type="stmt"/>
        <line num="22" count="1" type="stmt"/>
        <line num="23" count="1" type="stmt"/>
        <line num="26" count="73" type="stmt"/>
        <line num="27" count="67" type="cond" truecount="2" falsecount="0"/>
        <line num="28" count="9" type="stmt"/>
        <line num="29" count="7" type="stmt"/>
        <line num="30" count="7" type="stmt"/>
        <line num="35" count="73" type="stmt"/>
        <line num="36" count="52" type="stmt"/>
        <line num="37" count="4" type="cond" truecount="3" falsecount="1"/>
        <line num="38" count="4" type="stmt"/>
        <line num="41" count="52" type="stmt"/>
        <line num="42" count="2" type="cond" truecount="2" falsecount="0"/>
        <line num="44" count="52" type="stmt"/>
        <line num="45" count="52" type="stmt"/>
        <line num="46" count="52" type="stmt"/>
        <line num="47" count="52" type="stmt"/>
        <line num="48" count="52" type="stmt"/>
        <line num="52" count="73" type="stmt"/>
        <line num="53" count="45" type="cond" truecount="5" falsecount="0"/>
        <line num="54" count="9" type="stmt"/>
        <line num="55" count="9" type="stmt"/>
        <line num="56" count="9" type="stmt"/>
        <line num="57" count="9" type="stmt"/>
        <line num="58" count="9" type="stmt"/>
        <line num="62" count="73" type="stmt"/>
        <line num="63" count="0" type="cond" truecount="0" falsecount="2"/>
        <line num="64" count="0" type="stmt"/>
        <line num="65" count="0" type="stmt"/>
        <line num="68" count="0" type="cond" truecount="0" falsecount="4"/>
        <line num="69" count="0" type="stmt"/>
        <line num="70" count="0" type="stmt"/>
        <line num="71" count="0" type="stmt"/>
        <line num="73" count="0" type="stmt"/>
        <line num="74" count="0" type="cond" truecount="0" falsecount="2"/>
        <line num="75" count="0" type="cond" truecount="0" falsecount="2"/>
        <line num="77" count="0" type="cond" truecount="0" falsecount="2"/>
        <line num="79" count="0" type="stmt"/>
        <line num="83" count="73" type="stmt"/>
        <line num="84" count="0" type="cond" truecount="0" falsecount="5"/>
        <line num="85" count="0" type="stmt"/>
        <line num="86" count="0" type="stmt"/>
        <line num="90" count="73" type="stmt"/>
        <line num="103" count="9" type="stmt"/>
        <line num="136" count="2" type="stmt"/>
        <line num="137" count="2" type="stmt"/>
        <line num="147" count="45" type="stmt"/>
        <line num="148" count="45" type="stmt"/>
        <line num="158" count="3" type="stmt"/>
        <line num="159" count="3" type="stmt"/>
      </file>
      <file name="ProfileDropdown.tsx" path="/home/jacob/FINAL-AAU-REDESIGN/src/components/layout/ProfileDropdown.tsx">
        <metrics statements="43" coveredstatements="26" conditionals="33" coveredconditionals="13" methods="14" coveredmethods="11"/>
        <line num="10" count="220" type="stmt"/>
        <line num="11" count="72" type="stmt"/>
        <line num="12" count="72" type="stmt"/>
        <line num="13" count="72" type="stmt"/>
        <line num="14" count="72" type="stmt"/>
        <line num="16" count="72" type="stmt"/>
        <line num="17" count="0" type="stmt"/>
        <line num="18" count="0" type="stmt"/>
        <line num="21" count="72" type="stmt"/>
        <line num="22" count="53" type="stmt"/>
        <line num="23" count="4" type="stmt"/>
        <line num="24" count="4" type="cond" truecount="3" falsecount="1"/>
        <line num="25" count="4" type="stmt"/>
        <line num="28" count="53" type="stmt"/>
        <line num="29" count="53" type="stmt"/>
        <line num="32" count="72" type="stmt"/>
        <line num="33" count="68" type="cond" truecount="2" falsecount="0"/>
        <line num="34" count="8" type="stmt"/>
        <line num="35" count="5" type="stmt"/>
        <line num="36" count="5" type="stmt"/>
        <line num="41" count="72" type="stmt"/>
        <line num="42" count="0" type="cond" truecount="0" falsecount="2"/>
        <line num="43" count="0" type="stmt"/>
        <line num="44" count="0" type="stmt"/>
        <line num="47" count="0" type="cond" truecount="0" falsecount="4"/>
        <line num="48" count="0" type="stmt"/>
        <line num="49" count="0" type="stmt"/>
        <line num="50" count="0" type="stmt"/>
        <line num="52" count="0" type="stmt"/>
        <line num="53" count="0" type="cond" truecount="0" falsecount="2"/>
        <line num="54" count="0" type="cond" truecount="0" falsecount="2"/>
        <line num="56" count="0" type="cond" truecount="0" falsecount="2"/>
        <line num="59" count="0" type="stmt"/>
        <line num="63" count="72" type="stmt"/>
        <line num="64" count="0" type="cond" truecount="0" falsecount="5"/>
        <line num="65" count="0" type="stmt"/>
        <line num="66" count="0" type="stmt"/>
        <line num="70" count="72" type="stmt"/>
        <line num="77" count="8" type="stmt"/>
        <line num="78" count="8" type="stmt"/>
        <line num="127" count="2" type="stmt"/>
        <line num="141" count="2" type="stmt"/>
        <line num="157" count="2" type="stmt"/>
      </file>
      <file name="Sidebar.tsx" path="/home/jacob/FINAL-AAU-REDESIGN/src/components/layout/Sidebar.tsx">
        <metrics statements="50" coveredstatements="49" conditionals="105" coveredconditionals="103" methods="18" coveredmethods="17"/>
        <line num="11" count="87" type="stmt"/>
        <line num="12" count="87" type="stmt"/>
        <line num="13" count="87" type="stmt"/>
        <line num="14" count="87" type="stmt"/>
        <line num="15" count="87" type="stmt"/>
        <line num="16" count="87" type="stmt"/>
        <line num="17" count="87" type="stmt"/>
        <line num="18" count="28" type="stmt"/>
        <line num="19" count="28" type="stmt"/>
        <line num="20" count="28" type="stmt"/>
        <line num="22" count="28" type="stmt"/>
        <line num="23" count="25" type="cond" truecount="2" falsecount="0"/>
        <line num="24" count="14" type="stmt"/>
        <line num="25" count="0" type="stmt"/>
        <line num="30" count="28" type="stmt"/>
        <line num="31" count="25" type="cond" truecount="4" falsecount="0"/>
        <line num="33" count="13" type="stmt"/>
        <line num="34" count="7" type="cond" truecount="2" falsecount="0"/>
        <line num="35" count="1" type="stmt"/>
        <line num="36" count="1" type="stmt"/>
        <line num="37" count="1" type="stmt"/>
        <line num="40" count="6" type="cond" truecount="2" falsecount="0"/>
        <line num="41" count="5" type="cond" truecount="1" falsecount="1"/>
        <line num="43" count="5" type="stmt"/>
        <line num="46" count="5" type="stmt"/>
        <line num="47" count="5" type="stmt"/>
        <line num="49" count="5" type="cond" truecount="3" falsecount="1"/>
        <line num="51" count="5" type="cond" truecount="2" falsecount="0"/>
        <line num="52" count="1" type="stmt"/>
        <line num="53" count="1" type="stmt"/>
        <line num="54" count="1" type="stmt"/>
        <line num="57" count="4" type="cond" truecount="2" falsecount="0"/>
        <line num="58" count="2" type="cond" truecount="2" falsecount="0"/>
        <line num="59" count="1" type="stmt"/>
        <line num="60" count="1" type="stmt"/>
        <line num="63" count="2" type="cond" truecount="2" falsecount="0"/>
        <line num="64" count="1" type="stmt"/>
        <line num="65" count="1" type="stmt"/>
        <line num="70" count="13" type="stmt"/>
        <line num="71" count="13" type="stmt"/>
        <line num="74" count="28" type="cond" truecount="4" falsecount="0"/>
        <line num="78" count="28" type="cond" truecount="4" falsecount="0"/>
        <line num="80" count="28" type="stmt"/>
        <line num="149" count="1" type="stmt"/>
        <line num="155" count="2" type="cond" truecount="2" falsecount="0"/>
        <line num="183" count="196" type="stmt"/>
        <line num="189" count="196" type="cond" truecount="2" falsecount="0"/>
        <line num="190" count="196" type="cond" truecount="4" falsecount="0"/>
        <line num="195" count="196" type="cond" truecount="2" falsecount="0"/>
        <line num="196" count="196" type="stmt"/>
      </file>
      <file name="Topbar.tsx" path="/home/jacob/FINAL-AAU-REDESIGN/src/components/layout/Topbar.tsx">
        <metrics statements="15" coveredstatements="15" conditionals="24" coveredconditionals="24" methods="13" coveredmethods="13"/>
        <line num="16" count="53" type="stmt"/>
        <line num="17" count="163" type="stmt"/>
        <line num="18" count="163" type="stmt"/>
        <line num="19" count="163" type="stmt"/>
        <line num="20" count="163" type="stmt"/>
        <line num="21" count="163" type="stmt"/>
        <line num="22" count="163" type="stmt"/>
        <line num="23" count="163" type="stmt"/>
        <line num="24" count="163" type="stmt"/>
        <line num="25" count="163" type="stmt"/>
        <line num="26" count="163" type="stmt"/>
        <line num="28" count="53" type="cond" truecount="4" falsecount="0"/>
        <line num="35" count="53" type="stmt"/>
        <line num="67" count="69" type="stmt"/>
        <line num="88" count="3" type="cond" truecount="4" falsecount="0"/>
      </file>
      <file name="TopbarSearch.tsx" path="/home/jacob/FINAL-AAU-REDESIGN/src/components/layout/TopbarSearch.tsx">
        <metrics statements="82" coveredstatements="58" conditionals="69" coveredconditionals="41" methods="24" coveredmethods="21"/>
        <line num="15" count="87" type="stmt"/>
        <line num="16" count="87" type="stmt"/>
        <line num="17" count="250" type="stmt"/>
        <line num="18" count="250" type="stmt"/>
        <line num="20" count="87" type="stmt"/>
        <line num="21" count="87" type="stmt"/>
        <line num="22" count="87" type="stmt"/>
        <line num="23" count="87" type="stmt"/>
        <line num="25" count="87" type="stmt"/>
        <line num="26" count="87" type="stmt"/>
        <line num="27" count="87" type="stmt"/>
        <line num="28" count="87" type="stmt"/>
        <line num="30" count="87" type="stmt"/>
        <line num="31" count="54" type="cond" truecount="2" falsecount="0"/>
        <line num="32" count="4" type="stmt"/>
        <line num="33" count="54" type="stmt"/>
        <line num="40" count="0" type="cond" truecount="0" falsecount="2"/>
        <line num="41" count="0" type="cond" truecount="0" falsecount="2"/>
        <line num="42" count="0" type="stmt"/>
        <line num="45" count="0" type="stmt"/>
        <line num="46" count="0" type="stmt"/>
        <line num="47" count="0" type="cond" truecount="0" falsecount="4"/>
        <line num="49" count="0" type="cond" truecount="0" falsecount="2"/>
        <line num="50" count="0" type="cond" truecount="0" falsecount="2"/>
        <line num="51" count="0" type="stmt"/>
        <line num="52" count="0" type="stmt"/>
        <line num="55" count="0" type="cond" truecount="0" falsecount="2"/>
        <line num="56" count="0" type="stmt"/>
        <line num="57" count="0" type="stmt"/>
        <line num="62" count="54" type="stmt"/>
        <line num="63" count="54" type="stmt"/>
        <line num="66" count="87" type="stmt"/>
        <line num="67" count="54" type="stmt"/>
        <line num="68" count="3" type="stmt"/>
        <line num="69" count="3" type="cond" truecount="4" falsecount="0"/>
        <line num="70" count="3" type="cond" truecount="5" falsecount="0"/>
        <line num="71" count="1" type="stmt"/>
        <line num="72" count="1" type="stmt"/>
        <line num="75" count="54" type="stmt"/>
        <line num="76" count="54" type="stmt"/>
        <line num="79" count="87" type="stmt"/>
        <line num="80" count="49" type="cond" truecount="2" falsecount="0"/>
        <line num="81" count="48" type="stmt"/>
        <line num="83" count="49" type="stmt"/>
        <line num="86" count="87" type="cond" truecount="2" falsecount="0"/>
        <line num="88" count="8" type="stmt"/>
        <line num="100" count="87" type="stmt"/>
        <line num="101" count="2" type="cond" truecount="3" falsecount="1"/>
        <line num="102" count="0" type="stmt"/>
        <line num="103" count="0" type="cond" truecount="0" falsecount="2"/>
        <line num="104" count="0" type="stmt"/>
        <line num="106" count="2" type="cond" truecount="3" falsecount="1"/>
        <line num="107" count="0" type="stmt"/>
        <line num="108" count="0" type="cond" truecount="0" falsecount="2"/>
        <line num="109" count="0" type="stmt"/>
        <line num="111" count="2" type="cond" truecount="3" falsecount="1"/>
        <line num="112" count="0" type="stmt"/>
        <line num="113" count="0" type="stmt"/>
        <line num="114" count="0" type="stmt"/>
        <line num="117" count="2" type="cond" truecount="1" falsecount="1"/>
        <line num="118" count="2" type="cond" truecount="2" falsecount="2"/>
        <line num="119" count="0" type="stmt"/>
        <line num="120" count="2" type="cond" truecount="1" falsecount="1"/>
        <line num="121" count="2" type="stmt"/>
        <line num="122" count="2" type="stmt"/>
        <line num="123" count="2" type="stmt"/>
        <line num="128" count="87" type="stmt"/>
        <line num="129" count="1" type="stmt"/>
        <line num="130" count="1" type="stmt"/>
        <line num="131" count="1" type="stmt"/>
        <line num="132" count="1" type="stmt"/>
        <line num="135" count="87" type="stmt"/>
        <line num="142" count="7" type="stmt"/>
        <line num="143" count="7" type="stmt"/>
        <line num="170" count="10" type="stmt"/>
        <line num="174" count="1" type="stmt"/>
        <line num="175" count="0" type="stmt"/>
        <line num="193" count="1" type="stmt"/>
        <line num="208" count="4" type="stmt"/>
        <line num="226" count="1" type="stmt"/>
        <line num="241" count="1" type="stmt"/>
        <line num="242" count="1" type="stmt"/>
      </file>
    </package>
    <package name="src.components.ui">
      <metrics statements="335" coveredstatements="317" conditionals="622" coveredconditionals="567" methods="98" coveredmethods="92"/>
      <file name="Accordion.tsx" path="/home/jacob/FINAL-AAU-REDESIGN/src/components/ui/Accordion.tsx">
        <metrics statements="13" coveredstatements="13" conditionals="3" coveredconditionals="3" methods="4" coveredmethods="4"/>
        <line num="1" count="3" type="stmt"/>
        <line num="13" count="3" type="stmt"/>
        <line num="15" count="3" type="stmt"/>
        <line num="19" count="221" type="stmt"/>
        <line num="28" count="3" type="stmt"/>
        <line num="30" count="3" type="stmt"/>
        <line num="34" count="221" type="stmt"/>
        <line num="55" count="3" type="stmt"/>
        <line num="57" count="3" type="stmt"/>
        <line num="61" count="221" type="stmt"/>
        <line num="71" count="3" type="stmt"/>
        <line num="84" count="3" type="cond" truecount="1" falsecount="0"/>
        <line num="85" count="12" type="stmt"/>
      </file>
      <file name="ActionBlock.tsx" path="/home/jacob/FINAL-AAU-REDESIGN/src/components/ui/ActionBlock.tsx">
        <metrics statements="2" coveredstatements="2" conditionals="8" coveredconditionals="8" methods="1" coveredmethods="1"/>
        <line num="7" count="1" type="stmt"/>
        <line num="44" count="8" type="stmt"/>
      </file>
      <file name="Avatar.tsx" path="/home/jacob/FINAL-AAU-REDESIGN/src/components/ui/Avatar.tsx">
        <metrics statements="16" coveredstatements="13" conditionals="38" coveredconditionals="27" methods="6" coveredmethods="5"/>
        <line num="1" count="10" type="stmt"/>
        <line num="30" count="10" type="stmt"/>
        <line num="40" count="10" type="stmt"/>
        <line num="50" count="10" type="stmt"/>
        <line num="58" count="250" type="stmt"/>
        <line num="59" count="250" type="cond" truecount="2" falsecount="0"/>
        <line num="60" count="221" type="cond" truecount="2" falsecount="0"/>
        <line num="63" count="250" type="stmt"/>
        <line num="64" count="250" type="cond" truecount="2" falsecount="0"/>
        <line num="65" count="249" type="stmt"/>
        <line num="67" count="490" type="stmt"/>
        <line num="73" count="250" type="stmt"/>
        <line num="78" count="250" type="stmt"/>
        <line num="84" count="0" type="cond" truecount="0" falsecount="4"/>
        <line num="85" count="0" type="stmt"/>
        <line num="86" count="0" type="stmt"/>
      </file>
      <file name="Badge.tsx" path="/home/jacob/FINAL-AAU-REDESIGN/src/components/ui/Badge.tsx">
        <metrics statements="7" coveredstatements="6" conditionals="2" coveredconditionals="1" methods="1" coveredmethods="1"/>
        <line num="1" count="18" type="stmt"/>
        <line num="12" count="18" type="stmt"/>
        <line num="57" count="18" type="stmt"/>
        <line num="59" count="461" type="cond" truecount="1" falsecount="1"/>
        <line num="60" count="0" type="stmt"/>
        <line num="75" count="461" type="stmt"/>
        <line num="88" count="18" type="stmt"/>
      </file>
      <file name="Button.tsx" path="/home/jacob/FINAL-AAU-REDESIGN/src/components/ui/Button.tsx">
        <metrics statements="5" coveredstatements="5" conditionals="12" coveredconditionals="12" methods="1" coveredmethods="1"/>
        <line num="1" count="46" type="stmt"/>
        <line num="13" count="46" type="stmt"/>
        <line num="71" count="46" type="stmt"/>
        <line num="89" count="3781" type="stmt"/>
        <line num="111" count="46" type="stmt"/>
      </file>
      <file name="Card.tsx" path="/home/jacob/FINAL-AAU-REDESIGN/src/components/ui/Card.tsx">
        <metrics statements="23" coveredstatements="23" conditionals="19" coveredconditionals="17" methods="6" coveredmethods="6"/>
        <line num="1" count="36" type="stmt"/>
        <line num="12" count="36" type="stmt"/>
        <line num="58" count="36" type="stmt"/>
        <line num="60" count="1499" type="cond" truecount="2" falsecount="0"/>
        <line num="61" count="1499" type="stmt"/>
        <line num="63" count="1499" type="stmt"/>
        <line num="64" count="1" type="cond" truecount="2" falsecount="2"/>
        <line num="65" count="1" type="stmt"/>
        <line num="66" count="1" type="stmt"/>
        <line num="70" count="1499" type="stmt"/>
        <line num="88" count="36" type="stmt"/>
        <line num="90" count="36" type="stmt"/>
        <line num="108" count="36" type="stmt"/>
        <line num="109" count="618" type="stmt"/>
        <line num="114" count="36" type="stmt"/>
        <line num="129" count="36" type="stmt"/>
        <line num="130" count="1051" type="stmt"/>
        <line num="135" count="36" type="stmt"/>
        <line num="153" count="36" type="stmt"/>
        <line num="154" count="263" type="stmt"/>
        <line num="163" count="36" type="stmt"/>
        <line num="164" count="41" type="stmt"/>
        <line num="175" count="36" type="stmt"/>
      </file>
      <file name="Dialog.tsx" path="/home/jacob/FINAL-AAU-REDESIGN/src/components/ui/Dialog.tsx">
        <metrics statements="27" coveredstatements="27" conditionals="6" coveredconditionals="6" methods="8" coveredmethods="8"/>
        <line num="1" count="3" type="stmt"/>
        <line num="16" count="3" type="stmt"/>
        <line num="18" count="3" type="stmt"/>
        <line num="19" count="14" type="stmt"/>
        <line num="21" count="3" type="stmt"/>
        <line num="23" count="3" type="stmt"/>
        <line num="25" count="3" type="stmt"/>
        <line num="26" count="2" type="stmt"/>
        <line num="28" count="3" type="stmt"/>
        <line num="30" count="3" type="stmt"/>
        <line num="32" count="21" type="stmt"/>
        <line num="51" count="3" type="stmt"/>
        <line num="53" count="3" type="stmt"/>
        <line num="56" count="140" type="stmt"/>
        <line num="97" count="3" type="stmt"/>
        <line num="99" count="3" type="stmt"/>
        <line num="100" count="25" type="stmt"/>
        <line num="106" count="3" type="stmt"/>
        <line num="108" count="3" type="stmt"/>
        <line num="116" count="4" type="stmt"/>
        <line num="134" count="3" type="stmt"/>
        <line num="136" count="3" type="stmt"/>
        <line num="138" count="10" type="stmt"/>
        <line num="149" count="3" type="stmt"/>
        <line num="151" count="3" type="stmt"/>
        <line num="153" count="2" type="stmt"/>
        <line num="164" count="3" type="stmt"/>
      </file>
      <file name="Dropdown.tsx" path="/home/jacob/FINAL-AAU-REDESIGN/src/components/ui/Dropdown.tsx">
        <metrics statements="26" coveredstatements="26" conditionals="30" coveredconditionals="25" methods="6" coveredmethods="6"/>
        <line num="1" count="4" type="stmt"/>
        <line num="13" count="4" type="stmt"/>
        <line num="15" count="4" type="stmt"/>
        <line num="17" count="72" type="stmt"/>
        <line num="28" count="4" type="stmt"/>
        <line num="30" count="4" type="stmt"/>
        <line num="32" count="4" type="stmt"/>
        <line num="34" count="19" type="stmt"/>
        <line num="49" count="4" type="stmt"/>
        <line num="51" count="4" type="stmt"/>
        <line num="55" count="72" type="stmt"/>
        <line num="81" count="4" type="stmt"/>
        <line num="99" count="4" type="stmt"/>
        <line num="109" count="34" type="stmt"/>
        <line num="110" count="34" type="cond" truecount="2" falsecount="0"/>
        <line num="112" count="34" type="stmt"/>
        <line num="113" count="14" type="cond" truecount="2" falsecount="0"/>
        <line num="114" count="14" type="cond" truecount="4" falsecount="0"/>
        <line num="115" count="14" type="cond" truecount="4" falsecount="0"/>
        <line num="116" count="14" type="cond" truecount="3" falsecount="2"/>
        <line num="119" count="34" type="stmt"/>
        <line num="121" count="34" type="stmt"/>
        <line num="134" count="34" type="cond" truecount="2" falsecount="0"/>
        <line num="135" count="14" type="cond" truecount="2" falsecount="0"/>
        <line num="136" count="14" type="stmt"/>
        <line num="140" count="20" type="stmt"/>
      </file>
      <file name="EmptyState.tsx" path="/home/jacob/FINAL-AAU-REDESIGN/src/components/ui/EmptyState.tsx">
        <metrics statements="2" coveredstatements="2" conditionals="6" coveredconditionals="6" methods="1" coveredmethods="1"/>
        <line num="16" count="27" type="cond" truecount="2" falsecount="0"/>
        <line num="18" count="27" type="stmt"/>
      </file>
      <file name="FavoriteItem.tsx" path="/home/jacob/FINAL-AAU-REDESIGN/src/components/ui/FavoriteItem.tsx">
        <metrics statements="11" coveredstatements="7" conditionals="11" coveredconditionals="6" methods="4" coveredmethods="2"/>
        <line num="12" count="6" type="stmt"/>
        <line num="44" count="6" type="stmt"/>
        <line num="54" count="53" type="stmt"/>
        <line num="55" count="53" type="stmt"/>
        <line num="78" count="0" type="cond" truecount="0" falsecount="2"/>
        <line num="79" count="0" type="stmt"/>
        <line num="89" count="0" type="cond" truecount="0" falsecount="2"/>
        <line num="90" count="0" type="stmt"/>
        <line num="124" count="3" type="stmt"/>
        <line num="125" count="3" type="stmt"/>
        <line num="126" count="3" type="stmt"/>
      </file>
      <file name="FeedbackCard.tsx" path="/home/jacob/FINAL-AAU-REDESIGN/src/components/ui/FeedbackCard.tsx">
        <metrics statements="9" coveredstatements="6" conditionals="28" coveredconditionals="23" methods="2" coveredmethods="1"/>
        <line num="6" count="1" type="stmt"/>
        <line num="46" count="1" type="stmt"/>
        <line num="62" count="12" type="stmt"/>
        <line num="64" count="12" type="stmt"/>
        <line num="65" count="0" type="cond" truecount="0" falsecount="4"/>
        <line num="66" count="0" type="stmt"/>
        <line num="67" count="0" type="stmt"/>
        <line num="71" count="12" type="stmt"/>
        <line num="105" count="1" type="stmt"/>
      </file>
      <file name="FormField.tsx" path="/home/jacob/FINAL-AAU-REDESIGN/src/components/ui/FormField.tsx">
        <metrics statements="6" coveredstatements="5" conditionals="27" coveredconditionals="26" methods="2" coveredmethods="2"/>
        <line num="30" count="150" type="cond" truecount="2" falsecount="0"/>
        <line num="31" count="150" type="cond" truecount="2" falsecount="0"/>
        <line num="33" count="150" type="stmt"/>
        <line num="53" count="145" type="cond" truecount="1" falsecount="1"/>
        <line num="54" count="145" type="stmt"/>
        <line num="72" count="0" type="stmt"/>
      </file>
      <file name="Grid.tsx" path="/home/jacob/FINAL-AAU-REDESIGN/src/components/ui/Grid.tsx">
        <metrics statements="6" coveredstatements="6" conditionals="51" coveredconditionals="49" methods="2" coveredmethods="2"/>
        <line num="21" count="609" type="cond" truecount="4" falsecount="0"/>
        <line num="25" count="609" type="cond" truecount="2" falsecount="0"/>
        <line num="33" count="609" type="cond" truecount="2" falsecount="0"/>
        <line num="41" count="609" type="stmt"/>
        <line num="60" count="18" type="stmt"/>
        <line num="72" count="1398" type="stmt"/>
      </file>
      <file name="Icon.tsx" path="/home/jacob/FINAL-AAU-REDESIGN/src/components/ui/Icon.tsx">
        <metrics statements="5" coveredstatements="5" conditionals="10" coveredconditionals="10" methods="1" coveredmethods="1"/>
        <line num="15" count="6" type="stmt"/>
        <line num="34" count="6" type="stmt"/>
        <line num="44" count="6" type="stmt"/>
        <line num="64" count="407" type="cond" truecount="3" falsecount="0"/>
        <line num="66" count="407" type="stmt"/>
      </file>
      <file name="InfoCard.tsx" path="/home/jacob/FINAL-AAU-REDESIGN/src/components/ui/InfoCard.tsx">
        <metrics statements="10" coveredstatements="10" conditionals="31" coveredconditionals="31" methods="4" coveredmethods="4"/>
        <line num="29" count="4" type="stmt"/>
        <line num="46" count="259" type="stmt"/>
        <line num="48" count="259" type="stmt"/>
        <line num="49" count="6" type="stmt"/>
        <line num="50" count="6" type="stmt"/>
        <line num="53" count="259" type="stmt"/>
        <line num="54" count="3" type="stmt"/>
        <line num="55" count="3" type="stmt"/>
        <line num="58" count="259" type="stmt"/>
        <line num="60" count="259" type="stmt"/>
      </file>
      <file name="Input.tsx" path="/home/jacob/FINAL-AAU-REDESIGN/src/components/ui/Input.tsx">
        <metrics statements="6" coveredstatements="6" conditionals="11" coveredconditionals="10" methods="1" coveredmethods="1"/>
        <line num="5" count="16" type="stmt"/>
        <line num="45" count="16" type="stmt"/>
        <line num="59" count="387" type="stmt"/>
        <line num="60" count="387" type="cond" truecount="4" falsecount="0"/>
        <line num="62" count="387" type="stmt"/>
        <line num="79" count="16" type="stmt"/>
      </file>
      <file name="KeyValue.tsx" path="/home/jacob/FINAL-AAU-REDESIGN/src/components/ui/KeyValue.tsx">
        <metrics statements="1" coveredstatements="1" conditionals="3" coveredconditionals="3" methods="1" coveredmethods="1"/>
        <line num="12" count="5" type="stmt"/>
      </file>
      <file name="LessonItem.tsx" path="/home/jacob/FINAL-AAU-REDESIGN/src/components/ui/LessonItem.tsx">
        <metrics statements="16" coveredstatements="13" conditionals="28" coveredconditionals="23" methods="4" coveredmethods="3"/>
        <line num="9" count="3" type="stmt"/>
        <line num="27" count="3" type="stmt"/>
        <line num="57" count="3" type="stmt"/>
        <line num="69" count="342" type="stmt"/>
        <line num="71" count="114" type="stmt"/>
        <line num="79" count="114" type="stmt"/>
        <line num="80" count="6" type="stmt"/>
        <line num="81" count="6" type="cond" truecount="1" falsecount="1"/>
        <line num="84" count="114" type="stmt"/>
        <line num="85" count="114" type="cond" truecount="2" falsecount="0"/>
        <line num="87" count="114" type="stmt"/>
        <line num="88" count="0" type="cond" truecount="0" falsecount="4"/>
        <line num="89" count="0" type="stmt"/>
        <line num="90" count="0" type="stmt"/>
        <line num="94" count="114" type="stmt"/>
        <line num="145" count="3" type="stmt"/>
      </file>
      <file name="ListItem.tsx" path="/home/jacob/FINAL-AAU-REDESIGN/src/components/ui/ListItem.tsx">
        <metrics statements="13" coveredstatements="10" conditionals="46" coveredconditionals="40" methods="2" coveredmethods="1"/>
        <line num="16" count="6" type="stmt"/>
        <line num="29" count="580" type="cond" truecount="3" falsecount="0"/>
        <line num="31" count="580" type="cond" truecount="4" falsecount="0"/>
        <line num="35" count="0" type="cond" truecount="0" falsecount="4"/>
        <line num="36" count="0" type="stmt"/>
        <line num="37" count="0" type="stmt"/>
        <line num="43" count="580" type="stmt"/>
        <line num="62" count="580" type="stmt"/>
        <line num="71" count="580" type="cond" truecount="4" falsecount="0"/>
        <line num="72" count="21" type="stmt"/>
        <line num="85" count="559" type="cond" truecount="2" falsecount="0"/>
        <line num="86" count="201" type="stmt"/>
        <line num="101" count="358" type="stmt"/>
      </file>
      <file name="ModuleHeader.tsx" path="/home/jacob/FINAL-AAU-REDESIGN/src/components/ui/ModuleHeader.tsx">
        <metrics statements="1" coveredstatements="1" conditionals="8" coveredconditionals="8" methods="1" coveredmethods="1"/>
        <line num="22" count="26" type="stmt"/>
      </file>
      <file name="PageSkeleton.tsx" path="/home/jacob/FINAL-AAU-REDESIGN/src/components/ui/PageSkeleton.tsx">
        <metrics statements="2" coveredstatements="2" conditionals="0" coveredconditionals="0" methods="2" coveredmethods="2"/>
        <line num="4" count="2" type="stmt"/>
        <line num="14" count="12" type="stmt"/>
      </file>
      <file name="ProgressBar.tsx" path="/home/jacob/FINAL-AAU-REDESIGN/src/components/ui/ProgressBar.tsx">
        <metrics statements="4" coveredstatements="4" conditionals="10" coveredconditionals="9" methods="1" coveredmethods="1"/>
        <line num="32" count="66" type="stmt"/>
        <line num="34" count="66" type="cond" truecount="1" falsecount="1"/>
        <line num="35" count="66" type="stmt"/>
        <line num="38" count="66" type="stmt"/>
      </file>
      <file name="ResizeCorner.tsx" path="/home/jacob/FINAL-AAU-REDESIGN/src/components/ui/ResizeCorner.tsx">
        <metrics statements="1" coveredstatements="1" conditionals="0" coveredconditionals="0" methods="1" coveredmethods="1"/>
        <line num="4" count="57" type="stmt"/>
      </file>
      <file name="SearchInput.tsx" path="/home/jacob/FINAL-AAU-REDESIGN/src/components/ui/SearchInput.tsx">
        <metrics statements="6" coveredstatements="6" conditionals="8" coveredconditionals="8" methods="2" coveredmethods="2"/>
        <line num="14" count="10" type="stmt"/>
        <line num="33" count="156" type="stmt"/>
        <line num="69" count="156" type="cond" truecount="2" falsecount="0"/>
        <line num="70" count="11" type="stmt"/>
        <line num="73" count="145" type="stmt"/>
        <line num="77" count="10" type="stmt"/>
      </file>
      <file name="SectionHeader.tsx" path="/home/jacob/FINAL-AAU-REDESIGN/src/components/ui/SectionHeader.tsx">
        <metrics statements="1" coveredstatements="1" conditionals="6" coveredconditionals="6" methods="1" coveredmethods="1"/>
        <line num="14" count="180" type="stmt"/>
      </file>
      <file name="SegmentedControl.tsx" path="/home/jacob/FINAL-AAU-REDESIGN/src/components/ui/SegmentedControl.tsx">
        <metrics statements="11" coveredstatements="11" conditionals="12" coveredconditionals="12" methods="5" coveredmethods="5"/>
        <line num="19" count="193" type="stmt"/>
        <line num="20" count="143" type="stmt"/>
        <line num="22" count="143" type="stmt"/>
        <line num="23" count="2" type="cond" truecount="2" falsecount="0"/>
        <line num="24" count="1" type="stmt"/>
        <line num="25" count="1" type="stmt"/>
        <line num="29" count="143" type="stmt"/>
        <line num="42" count="405" type="stmt"/>
        <line num="43" count="405" type="stmt"/>
        <line num="54" count="18" type="stmt"/>
        <line num="55" count="18" type="stmt"/>
      </file>
      <file name="Skeleton.tsx" path="/home/jacob/FINAL-AAU-REDESIGN/src/components/ui/Skeleton.tsx">
        <metrics statements="6" coveredstatements="6" conditionals="11" coveredconditionals="11" methods="1" coveredmethods="1"/>
        <line num="12" count="64" type="cond" truecount="2" falsecount="0"/>
        <line num="13" count="3" type="cond" truecount="2" falsecount="0"/>
        <line num="14" count="3" type="stmt"/>
        <line num="23" count="61" type="cond" truecount="2" falsecount="0"/>
        <line num="24" count="16" type="stmt"/>
        <line num="33" count="45" type="stmt"/>
      </file>
      <file name="Stack.tsx" path="/home/jacob/FINAL-AAU-REDESIGN/src/components/ui/Stack.tsx">
        <metrics statements="6" coveredstatements="6" conditionals="17" coveredconditionals="17" methods="1" coveredmethods="1"/>
        <line num="17" count="47" type="stmt"/>
        <line num="29" count="47" type="stmt"/>
        <line num="37" count="47" type="stmt"/>
        <line num="46" count="47" type="stmt"/>
        <line num="61" count="9712" type="stmt"/>
        <line num="82" count="47" type="stmt"/>
      </file>
      <file name="StatusItem.tsx" path="/home/jacob/FINAL-AAU-REDESIGN/src/components/ui/StatusItem.tsx">
        <metrics statements="5" coveredstatements="5" conditionals="26" coveredconditionals="26" methods="2" coveredmethods="2"/>
        <line num="19" count="7" type="stmt"/>
        <line num="31" count="132" type="stmt"/>
        <line num="43" count="3" type="cond" truecount="4" falsecount="0"/>
        <line num="44" count="2" type="stmt"/>
        <line num="45" count="2" type="stmt"/>
      </file>
      <file name="TabBar.tsx" path="/home/jacob/FINAL-AAU-REDESIGN/src/components/ui/TabBar.tsx">
        <metrics statements="18" coveredstatements="18" conditionals="18" coveredconditionals="16" methods="6" coveredmethods="6"/>
        <line num="18" count="101" type="stmt"/>
        <line num="19" count="5" type="cond" truecount="4" falsecount="0"/>
        <line num="20" count="4" type="stmt"/>
        <line num="22" count="4" type="stmt"/>
        <line num="23" count="8" type="stmt"/>
        <line num="25" count="6" type="stmt"/>
        <line num="27" count="4" type="cond" truecount="1" falsecount="1"/>
        <line num="29" count="4" type="stmt"/>
        <line num="30" count="4" type="cond" truecount="2" falsecount="0"/>
        <line num="31" count="2" type="stmt"/>
        <line num="32" count="2" type="cond" truecount="1" falsecount="1"/>
        <line num="33" count="2" type="stmt"/>
        <line num="36" count="4" type="stmt"/>
        <line num="37" count="4" type="stmt"/>
        <line num="40" count="101" type="stmt"/>
        <line num="48" count="202" type="stmt"/>
        <line num="49" count="202" type="stmt"/>
        <line num="56" count="13" type="stmt"/>
      </file>
      <file name="Tabs.tsx" path="/home/jacob/FINAL-AAU-REDESIGN/src/components/ui/Tabs.tsx">
        <metrics statements="20" coveredstatements="20" conditionals="34" coveredconditionals="30" methods="6" coveredmethods="6"/>
        <line num="16" count="70" type="stmt"/>
        <line num="17" count="5" type="cond" truecount="4" falsecount="0"/>
        <line num="18" count="4" type="stmt"/>
        <line num="20" count="4" type="stmt"/>
        <line num="21" count="12" type="stmt"/>
        <line num="23" count="7" type="stmt"/>
        <line num="25" count="4" type="cond" truecount="1" falsecount="1"/>
        <line num="27" count="4" type="stmt"/>
        <line num="28" count="4" type="cond" truecount="2" falsecount="0"/>
        <line num="29" count="2" type="stmt"/>
        <line num="30" count="2" type="cond" truecount="1" falsecount="1"/>
        <line num="31" count="2" type="stmt"/>
        <line num="34" count="4" type="stmt"/>
        <line num="35" count="4" type="cond" truecount="1" falsecount="1"/>
        <line num="36" count="5" type="stmt"/>
        <line num="39" count="70" type="stmt"/>
        <line num="42" count="283" type="cond" truecount="2" falsecount="0"/>
        <line num="43" count="283" type="cond" truecount="2" falsecount="0"/>
        <line num="44" count="283" type="stmt"/>
        <line num="53" count="7" type="stmt"/>
      </file>
      <file name="TeaserCard.tsx" path="/home/jacob/FINAL-AAU-REDESIGN/src/components/ui/TeaserCard.tsx">
        <metrics statements="18" coveredstatements="18" conditionals="55" coveredconditionals="52" methods="7" coveredmethods="7"/>
        <line num="18" count="5" type="stmt"/>
        <line num="91" count="5" type="stmt"/>
        <line num="110" count="888" type="stmt"/>
        <line num="112" count="253" type="stmt"/>
        <line num="113" count="191" type="cond" truecount="4" falsecount="0"/>
        <line num="114" count="33" type="stmt"/>
        <line num="115" count="33" type="stmt"/>
        <line num="121" count="253" type="stmt"/>
        <line num="123" count="253" type="cond" truecount="2" falsecount="0"/>
        <line num="124" count="1" type="stmt"/>
        <line num="134" count="247" type="stmt"/>
        <line num="141" count="3" type="stmt"/>
        <line num="149" count="4" type="stmt"/>
        <line num="150" count="4" type="stmt"/>
        <line num="214" count="6" type="stmt"/>
        <line num="215" count="6" type="stmt"/>
        <line num="294" count="1" type="stmt"/>
        <line num="295" count="1" type="stmt"/>
      </file>
      <file name="Textarea.tsx" path="/home/jacob/FINAL-AAU-REDESIGN/src/components/ui/Textarea.tsx">
        <metrics statements="7" coveredstatements="7" conditionals="22" coveredconditionals="21" methods="1" coveredmethods="1"/>
        <line num="5" count="6" type="stmt"/>
        <line num="41" count="6" type="stmt"/>
        <line num="56" count="124" type="stmt"/>
        <line num="57" count="124" type="stmt"/>
        <line num="58" count="124" type="cond" truecount="4" falsecount="0"/>
        <line num="60" count="124" type="stmt"/>
        <line num="82" count="6" type="stmt"/>
      </file>
      <file name="Typography.tsx" path="/home/jacob/FINAL-AAU-REDESIGN/src/components/ui/Typography.tsx">
        <metrics statements="25" coveredstatements="25" conditionals="25" coveredconditionals="25" methods="4" coveredmethods="4"/>
        <line num="8" count="49" type="stmt"/>
        <line num="17" count="49" type="stmt"/>
        <line num="27" count="49" type="stmt"/>
        <line num="49" count="49" type="stmt"/>
        <line num="80" count="49" type="stmt"/>
        <line num="82" count="1695" type="cond" truecount="2" falsecount="0"/>
        <line num="83" count="1695" type="stmt"/>
        <line num="85" count="1695" type="cond" truecount="2" falsecount="0"/>
        <line num="86" count="2" type="cond" truecount="2" falsecount="0"/>
        <line num="89" count="1695" type="stmt"/>
        <line num="100" count="49" type="stmt"/>
        <line num="115" count="49" type="stmt"/>
        <line num="117" count="9325" type="cond" truecount="4" falsecount="0"/>
        <line num="118" count="9325" type="stmt"/>
        <line num="120" count="9325" type="cond" truecount="2" falsecount="0"/>
        <line num="121" count="5583" type="cond" truecount="2" falsecount="0"/>
        <line num="126" count="18650" type="stmt"/>
        <line num="127" count="9325" type="cond" truecount="4" falsecount="0"/>
        <line num="129" count="9325" type="cond" truecount="4" falsecount="0"/>
        <line num="130" count="396" type="stmt"/>
        <line num="133" count="9325" type="stmt"/>
        <line num="144" count="49" type="stmt"/>
        <line num="148" count="49" type="stmt"/>
        <line num="150" count="1" type="stmt"/>
        <line num="162" count="49" type="stmt"/>
      </file>
    </package>
    <package name="src.config">
      <metrics statements="1" coveredstatements="1" conditionals="0" coveredconditionals="0" methods="0" coveredmethods="0"/>
      <file name="dashboard.ts" path="/home/jacob/FINAL-AAU-REDESIGN/src/config/dashboard.ts">
        <metrics statements="1" coveredstatements="1" conditionals="0" coveredconditionals="0" methods="0" coveredmethods="0"/>
        <line num="5" count="100" type="stmt"/>
      </file>
    </package>
    <package name="src.constants">
      <metrics statements="18" coveredstatements="18" conditionals="3" coveredconditionals="3" methods="5" coveredmethods="5"/>
      <file name="assets.ts" path="/home/jacob/FINAL-AAU-REDESIGN/src/constants/assets.ts">
        <metrics statements="3" coveredstatements="3" conditionals="0" coveredconditionals="0" methods="2" coveredmethods="2"/>
        <line num="1" count="14" type="stmt"/>
        <line num="10" count="15" type="stmt"/>
        <line num="11" count="2" type="stmt"/>
      </file>
      <file name="index.ts" path="/home/jacob/FINAL-AAU-REDESIGN/src/constants/index.ts">
        <metrics statements="2" coveredstatements="2" conditionals="0" coveredconditionals="0" methods="0" coveredmethods="0"/>
        <line num="6" count="14" type="stmt"/>
        <line num="7" count="14" type="stmt"/>
      </file>
      <file name="settingsCategories.ts" path="/home/jacob/FINAL-AAU-REDESIGN/src/constants/settingsCategories.ts">
        <metrics statements="1" coveredstatements="1" conditionals="0" coveredconditionals="0" methods="0" coveredmethods="0"/>
        <line num="1" count="3" type="stmt"/>
      </file>
      <file name="theme.ts" path="/home/jacob/FINAL-AAU-REDESIGN/src/constants/theme.ts">
        <metrics statements="2" coveredstatements="2" conditionals="0" coveredconditionals="0" methods="0" coveredmethods="0"/>
        <line num="1" count="15" type="stmt"/>
        <line num="7" count="15" type="stmt"/>
      </file>
      <file name="tools.ts" path="/home/jacob/FINAL-AAU-REDESIGN/src/constants/tools.ts">
        <metrics statements="2" coveredstatements="2" conditionals="0" coveredconditionals="0" methods="0" coveredmethods="0"/>
        <line num="17" count="1" type="stmt"/>
        <line num="26" count="1" type="stmt"/>
      </file>
      <file name="urls.ts" path="/home/jacob/FINAL-AAU-REDESIGN/src/constants/urls.ts">
        <metrics statements="3" coveredstatements="3" conditionals="0" coveredconditionals="0" methods="2" coveredmethods="2"/>
        <line num="1" count="15" type="stmt"/>
        <line num="5" count="1" type="stmt"/>
        <line num="10" count="1" type="stmt"/>
      </file>
      <file name="waves.ts" path="/home/jacob/FINAL-AAU-REDESIGN/src/constants/waves.ts">
        <metrics statements="5" coveredstatements="5" conditionals="3" coveredconditionals="3" methods="1" coveredmethods="1"/>
        <line num="1" count="24" type="stmt"/>
        <line num="3" count="24" type="stmt"/>
        <line num="13" count="24" type="stmt"/>
        <line num="14" count="1" type="cond" truecount="3" falsecount="0"/>
        <line num="15" count="1" type="stmt"/>
      </file>
    </package>
    <package name="src.context">
      <metrics statements="8" coveredstatements="8" conditionals="4" coveredconditionals="4" methods="2" coveredmethods="2"/>
      <file name="ModalContext.ts" path="/home/jacob/FINAL-AAU-REDESIGN/src/context/ModalContext.ts">
        <metrics statements="4" coveredstatements="4" conditionals="2" coveredconditionals="2" methods="1" coveredmethods="1"/>
        <line num="17" count="17" type="stmt"/>
        <line num="20" count="14" type="stmt"/>
        <line num="21" count="14" type="cond" truecount="2" falsecount="0"/>
        <line num="22" count="10" type="stmt"/>
      </file>
      <file name="ToastContext.ts" path="/home/jacob/FINAL-AAU-REDESIGN/src/context/ToastContext.ts">
        <metrics statements="4" coveredstatements="4" conditionals="2" coveredconditionals="2" methods="1" coveredmethods="1"/>
        <line num="23" count="19" type="stmt"/>
        <line num="26" count="135" type="stmt"/>
        <line num="27" count="135" type="cond" truecount="2" falsecount="0"/>
        <line num="28" count="131" type="stmt"/>
      </file>
    </package>
    <package name="src.context.providers">
      <metrics statements="31" coveredstatements="31" conditionals="10" coveredconditionals="10" methods="26" coveredmethods="26"/>
      <file name="ModalProvider.tsx" path="/home/jacob/FINAL-AAU-REDESIGN/src/context/providers/ModalProvider.tsx">
        <metrics statements="12" coveredstatements="12" conditionals="3" coveredconditionals="3" methods="12" coveredmethods="12"/>
        <line num="9" count="168" type="stmt"/>
        <line num="11" count="168" type="cond" truecount="1" falsecount="0"/>
        <line num="12" count="5" type="stmt"/>
        <line num="15" count="168" type="stmt"/>
        <line num="16" count="1" type="stmt"/>
        <line num="19" count="168" type="stmt"/>
        <line num="20" count="1" type="stmt"/>
        <line num="23" count="168" type="stmt"/>
        <line num="24" count="3" type="stmt"/>
        <line num="27" count="168" type="stmt"/>
        <line num="28" count="4" type="cond" truecount="2" falsecount="0"/>
        <line num="31" count="168" type="stmt"/>
      </file>
      <file name="ToastProvider.tsx" path="/home/jacob/FINAL-AAU-REDESIGN/src/context/providers/ToastProvider.tsx">
        <metrics statements="19" coveredstatements="19" conditionals="7" coveredconditionals="7" methods="14" coveredmethods="14"/>
        <line num="8" count="18" type="stmt"/>
        <line num="15" count="221" type="stmt"/>
        <line num="17" count="221" type="cond" truecount="1" falsecount="0"/>
        <line num="18" count="11" type="stmt"/>
        <line num="19" count="11" type="cond" truecount="2" falsecount="0"/>
        <line num="20" count="11" type="stmt"/>
        <line num="21" count="11" type="cond" truecount="2" falsecount="0"/>
        <line num="22" count="10" type="stmt"/>
        <line num="23" count="2" type="stmt"/>
        <line num="26" count="11" type="stmt"/>
        <line num="29" count="221" type="stmt"/>
        <line num="30" count="1" type="stmt"/>
        <line num="33" count="221" type="stmt"/>
        <line num="34" count="221" type="stmt"/>
        <line num="35" count="221" type="stmt"/>
        <line num="37" count="221" type="stmt"/>
        <line num="42" count="11" type="stmt"/>
        <line num="43" count="11" type="stmt"/>
        <line num="55" count="1" type="stmt"/>
      </file>
    </package>
    <package name="src.data">
      <metrics statements="62" coveredstatements="61" conditionals="27" coveredconditionals="21" methods="3" coveredmethods="3"/>
      <file name="courseData.ts" path="/home/jacob/FINAL-AAU-REDESIGN/src/data/courseData.ts">
        <metrics statements="4" coveredstatements="4" conditionals="0" coveredconditionals="0" methods="0" coveredmethods="0"/>
        <line num="20" count="1" type="stmt"/>
        <line num="107" count="1" type="stmt"/>
        <line num="109" count="1" type="stmt"/>
        <line num="120" count="1" type="stmt"/>
      </file>
      <file name="dashboardWidgets.ts" path="/home/jacob/FINAL-AAU-REDESIGN/src/data/dashboardWidgets.ts">
        <metrics statements="3" coveredstatements="3" conditionals="0" coveredconditionals="0" methods="0" coveredmethods="0"/>
        <line num="1" count="6" type="stmt"/>
        <line num="7" count="6" type="stmt"/>
        <line num="13" count="6" type="stmt"/>
      </file>
      <file name="mockData.json" path="/home/jacob/FINAL-AAU-REDESIGN/src/data/mockData.json">
        <metrics statements="13" coveredstatements="13" conditionals="0" coveredconditionals="0" methods="0" coveredmethods="0"/>
        <line num="1" count="100" type="stmt"/>
        <line num="2" count="100" type="stmt"/>
        <line num="3" count="100" type="stmt"/>
        <line num="4" count="100" type="stmt"/>
        <line num="5" count="100" type="stmt"/>
        <line num="6" count="100" type="stmt"/>
        <line num="7" count="100" type="stmt"/>
        <line num="8" count="100" type="stmt"/>
        <line num="9" count="100" type="stmt"/>
        <line num="10" count="100" type="stmt"/>
        <line num="11" count="100" type="stmt"/>
        <line num="12" count="100" type="stmt"/>
        <line num="13" count="100" type="stmt"/>
      </file>
      <file name="mockData.ts" path="/home/jacob/FINAL-AAU-REDESIGN/src/data/mockData.ts">
        <metrics statements="8" coveredstatements="8" conditionals="0" coveredconditionals="0" methods="0" coveredmethods="0"/>
        <line num="13" count="100" type="stmt"/>
        <line num="14" count="100" type="stmt"/>
        <line num="15" count="100" type="stmt"/>
        <line num="16" count="100" type="stmt"/>
        <line num="17" count="100" type="stmt"/>
        <line num="18" count="100" type="stmt"/>
        <line num="19" count="100" type="stmt"/>
        <line num="20" count="100" type="stmt"/>
      </file>
      <file name="mockGrades.ts" path="/home/jacob/FINAL-AAU-REDESIGN/src/data/mockGrades.ts">
        <metrics statements="2" coveredstatements="2" conditionals="0" coveredconditionals="0" methods="0" coveredmethods="0"/>
        <line num="3" count="1" type="stmt"/>
        <line num="5" count="1" type="stmt"/>
      </file>
      <file name="support.ts" path="/home/jacob/FINAL-AAU-REDESIGN/src/data/support.ts">
        <metrics statements="3" coveredstatements="3" conditionals="0" coveredconditionals="0" methods="0" coveredmethods="0"/>
        <line num="3" count="2" type="stmt"/>
        <line num="4" count="2" type="stmt"/>
        <line num="5" count="2" type="stmt"/>
      </file>
      <file name="tools.ts" path="/home/jacob/FINAL-AAU-REDESIGN/src/data/tools.ts">
        <metrics statements="4" coveredstatements="4" conditionals="4" coveredconditionals="2" methods="2" coveredmethods="2"/>
        <line num="5" count="9" type="stmt"/>
        <line num="18" count="36" type="stmt"/>
        <line num="23" count="72" type="stmt"/>
        <line num="28" count="9" type="stmt"/>
      </file>
      <file name="translations.ts" path="/home/jacob/FINAL-AAU-REDESIGN/src/data/translations.ts">
        <metrics statements="25" coveredstatements="24" conditionals="23" coveredconditionals="19" methods="1" coveredmethods="1"/>
        <line num="8" count="100" type="stmt"/>
        <line num="1257" count="100" type="stmt"/>
        <line num="1258" count="100" type="stmt"/>
        <line num="1259" count="200" type="stmt"/>
        <line num="1261" count="200" type="stmt"/>
        <line num="1262" count="5200" type="cond" truecount="4" falsecount="1"/>
        <line num="1263" count="0" type="stmt"/>
        <line num="1266" count="5200" type="cond" truecount="2" falsecount="0"/>
        <line num="1268" count="5200" type="stmt"/>
        <line num="1269" count="113800" type="cond" truecount="1" falsecount="1"/>
        <line num="1271" count="113800" type="cond" truecount="2" falsecount="0"/>
        <line num="1272" count="105800" type="stmt"/>
        <line num="1275" count="113800" type="stmt"/>
        <line num="1276" count="113800" type="cond" truecount="2" falsecount="0"/>
        <line num="1277" count="113600" type="stmt"/>
        <line num="1280" count="113800" type="stmt"/>
        <line num="1281" count="113800" type="cond" truecount="2" falsecount="0"/>
        <line num="1282" count="45000" type="stmt"/>
        <line num="1285" count="113800" type="cond" truecount="2" falsecount="0"/>
        <line num="1286" count="4400" type="stmt"/>
        <line num="1287" count="4400" type="cond" truecount="1" falsecount="1"/>
        <line num="1288" count="4400" type="stmt"/>
        <line num="1294" count="200" type="cond" truecount="3" falsecount="1"/>
        <line num="1295" count="200" type="stmt"/>
        <line num="1300" count="100" type="stmt"/>
      </file>
    </package>
    <package name="src.features.calendar">
      <metrics statements="53" coveredstatements="48" conditionals="26" coveredconditionals="19" methods="22" coveredmethods="19"/>
      <file name="Calendar.tsx" path="/home/jacob/FINAL-AAU-REDESIGN/src/features/calendar/Calendar.tsx">
        <metrics statements="53" coveredstatements="48" conditionals="26" coveredconditionals="19" methods="22" coveredmethods="19"/>
        <line num="1" count="1" type="stmt"/>
        <line num="40" count="1" type="stmt"/>
        <line num="41" count="1" type="stmt"/>
        <line num="42" count="1" type="stmt"/>
        <line num="44" count="1" type="stmt"/>
        <line num="45" count="339" type="stmt"/>
        <line num="46" count="339" type="stmt"/>
        <line num="47" count="114" type="stmt"/>
        <line num="48" count="114" type="stmt"/>
        <line num="66" count="114" type="stmt"/>
        <line num="69" count="114" type="stmt"/>
        <line num="79" count="114" type="stmt"/>
        <line num="80" count="40" type="cond" truecount="1" falsecount="1"/>
        <line num="81" count="0" type="stmt"/>
        <line num="82" count="0" type="stmt"/>
        <line num="86" count="114" type="stmt"/>
        <line num="87" count="6" type="stmt"/>
        <line num="88" count="6" type="stmt"/>
        <line num="91" count="114" type="stmt"/>
        <line num="92" count="1" type="stmt"/>
        <line num="93" count="1" type="stmt"/>
        <line num="96" count="114" type="stmt"/>
        <line num="97" count="3" type="stmt"/>
        <line num="98" count="3" type="cond" truecount="1" falsecount="1"/>
        <line num="100" count="3" type="stmt"/>
        <line num="101" count="3" type="cond" truecount="2" falsecount="0"/>
        <line num="102" count="1" type="cond" truecount="1" falsecount="1"/>
        <line num="103" count="1" type="stmt"/>
        <line num="106" count="2" type="stmt"/>
        <line num="107" count="2" type="stmt"/>
        <line num="108" count="2" type="stmt"/>
        <line num="111" count="3" type="cond" truecount="1" falsecount="1"/>
        <line num="112" count="0" type="stmt"/>
        <line num="114" count="3" type="stmt"/>
        <line num="118" count="114" type="stmt"/>
        <line num="119" count="82" type="cond" truecount="1" falsecount="1"/>
        <line num="121" count="82" type="stmt"/>
        <line num="123" count="82" type="cond" truecount="3" falsecount="1"/>
        <line num="125" count="51" type="stmt"/>
        <line num="127" count="16" type="stmt"/>
        <line num="129" count="15" type="stmt"/>
        <line num="131" count="0" type="stmt"/>
        <line num="135" count="114" type="stmt"/>
        <line num="141" count="114" type="stmt"/>
        <line num="154" count="2" type="stmt"/>
        <line num="157" count="2" type="stmt"/>
        <line num="160" count="6" type="stmt"/>
        <line num="178" count="16" type="stmt"/>
        <line num="189" count="6" type="stmt"/>
        <line num="206" count="15" type="stmt"/>
        <line num="220" count="0" type="stmt"/>
        <line num="259" count="2" type="stmt"/>
        <line num="269" count="1" type="stmt"/>
      </file>
    </package>
    <package name="src.features.calendar.api">
      <metrics statements="2" coveredstatements="2" conditionals="0" coveredconditionals="0" methods="2" coveredmethods="2"/>
      <file name="calendar.ts" path="/home/jacob/FINAL-AAU-REDESIGN/src/features/calendar/api/calendar.ts">
        <metrics statements="2" coveredstatements="2" conditionals="0" coveredconditionals="0" methods="2" coveredmethods="2"/>
        <line num="5" count="1" type="stmt"/>
        <line num="7" count="1" type="stmt"/>
      </file>
    </package>
    <package name="src.features.calendar.components">
      <metrics statements="147" coveredstatements="143" conditionals="107" coveredconditionals="93" methods="55" coveredmethods="52"/>
      <file name="CalendarDayView.tsx" path="/home/jacob/FINAL-AAU-REDESIGN/src/features/calendar/components/CalendarDayView.tsx">
        <metrics statements="16" coveredstatements="14" conditionals="22" coveredconditionals="19" methods="6" coveredmethods="4"/>
        <line num="20" count="1" type="stmt"/>
        <line num="28" count="52" type="stmt"/>
        <line num="30" count="15" type="stmt"/>
        <line num="31" count="15" type="stmt"/>
        <line num="32" count="15" type="stmt"/>
        <line num="33" count="15" type="cond" truecount="2" falsecount="0"/>
        <line num="34" count="15" type="stmt"/>
        <line num="36" count="15" type="stmt"/>
        <line num="38" count="15" type="cond" truecount="3" falsecount="0"/>
        <line num="42" count="15" type="stmt"/>
        <line num="45" count="15" type="stmt"/>
        <line num="47" count="15" type="stmt"/>
        <line num="48" count="1" type="cond" truecount="1" falsecount="2"/>
        <line num="51" count="15" type="stmt"/>
        <line num="81" count="0" type="stmt"/>
        <line num="157" count="0" type="stmt"/>
      </file>
      <file name="CalendarEventDetailsDialog.tsx" path="/home/jacob/FINAL-AAU-REDESIGN/src/features/calendar/components/CalendarEventDetailsDialog.tsx">
        <metrics statements="12" coveredstatements="12" conditionals="7" coveredconditionals="6" methods="7" coveredmethods="7"/>
        <line num="29" count="113" type="stmt"/>
        <line num="30" count="379" type="stmt"/>
[...]
        <line num="60" count="1" type="stmt"/>
        <line num="61" count="8" type="cond" truecount="2" falsecount="0"/>
        <line num="62" count="1" type="stmt"/>
        <line num="63" count="7" type="cond" truecount="2" falsecount="0"/>
        <line num="64" count="1" type="stmt"/>
        <line num="65" count="6" type="cond" truecount="2" falsecount="0"/>
        <line num="66" count="1" type="stmt"/>
        <line num="67" count="5" type="cond" truecount="2" falsecount="0"/>
        <line num="68" count="1" type="stmt"/>
        <line num="69" count="4" type="cond" truecount="2" falsecount="0"/>
        <line num="70" count="1" type="stmt"/>
        <line num="73" count="3" type="stmt"/>
        <line num="74" count="3" type="stmt"/>
        <line num="75" count="12" type="stmt"/>
        <line num="78" count="12" type="stmt"/>
        <line num="85" count="16" type="stmt"/>
      </file>
      <file name="dates.ts" path="/home/jacob/FINAL-AAU-REDESIGN/src/utils/dates.ts">
        <metrics statements="17" coveredstatements="17" conditionals="9" coveredconditionals="9" methods="7" coveredmethods="7"/>
        <line num="5" count="208" type="cond" truecount="2" falsecount="0"/>
        <line num="9" count="30" type="stmt"/>
        <line num="10" count="30" type="stmt"/>
        <line num="11" count="30" type="stmt"/>
        <line num="15" count="30" type="stmt"/>
        <line num="19" count="52" type="stmt"/>
        <line num="23" count="125" type="stmt"/>
        <line num="27" count="31" type="stmt"/>
        <line num="31" count="133" type="stmt"/>
        <line num="32" count="133" type="stmt"/>
        <line num="33" count="133" type="stmt"/>
        <line num="35" count="133" type="stmt"/>
        <line num="37" count="133" type="cond" truecount="2" falsecount="0"/>
        <line num="38" count="57" type="stmt"/>
        <line num="41" count="76" type="cond" truecount="2" falsecount="0"/>
        <line num="42" count="24" type="stmt"/>
        <line num="45" count="52" type="stmt"/>
      </file>
      <file name="env.ts" path="/home/jacob/FINAL-AAU-REDESIGN/src/utils/env.ts">
        <metrics statements="19" coveredstatements="10" conditionals="14" coveredconditionals="10" methods="9" coveredmethods="3"/>
        <line num="5" count="100" type="stmt"/>
        <line num="10" count="8" type="stmt"/>
        <line num="11" count="8" type="cond" truecount="3" falsecount="1"/>
        <line num="12" count="8" type="stmt"/>
        <line num="14" count="0" type="stmt"/>
        <line num="16" count="0" type="stmt"/>
        <line num="18" count="0" type="stmt"/>
        <line num="25" count="8" type="stmt"/>
        <line num="26" count="8" type="cond" truecount="1" falsecount="1"/>
        <line num="28" count="0" type="stmt"/>
        <line num="36" count="112" type="stmt"/>
        <line num="37" count="112" type="cond" truecount="4" falsecount="0"/>
        <line num="38" count="15" type="stmt"/>
        <line num="41" count="0" type="stmt"/>
        <line num="43" count="97" type="stmt"/>
        <line num="51" count="0" type="stmt"/>
        <line num="59" count="0" type="stmt"/>
        <line num="60" count="0" type="cond" truecount="0" falsecount="2"/>
        <line num="62" count="0" type="stmt"/>
      </file>
      <file name="favorites.ts" path="/home/jacob/FINAL-AAU-REDESIGN/src/utils/favorites.ts">
        <metrics statements="44" coveredstatements="44" conditionals="46" coveredconditionals="44" methods="11" coveredmethods="11"/>
        <line num="22" count="5" type="cond" truecount="5" falsecount="0"/>
        <line num="23" count="1" type="stmt"/>
        <line num="24" count="1" type="stmt"/>
        <line num="25" count="1" type="stmt"/>
        <line num="26" count="1" type="stmt"/>
        <line num="27" count="1" type="stmt"/>
        <line num="32" count="14" type="cond" truecount="5" falsecount="0"/>
        <line num="33" count="3" type="stmt"/>
        <line num="34" count="4" type="stmt"/>
        <line num="35" count="3" type="stmt"/>
        <line num="36" count="3" type="stmt"/>
        <line num="37" count="1" type="stmt"/>
        <line num="42" count="14" type="cond" truecount="5" falsecount="0"/>
        <line num="43" count="3" type="stmt"/>
        <line num="44" count="4" type="stmt"/>
        <line num="45" count="3" type="stmt"/>
        <line num="46" count="3" type="stmt"/>
        <line num="47" count="1" type="stmt"/>
        <line num="52" count="63" type="cond" truecount="1" falsecount="1"/>
        <line num="61" count="14" type="cond" truecount="5" falsecount="0"/>
        <line num="63" count="3" type="stmt"/>
        <line num="64" count="3" type="cond" truecount="2" falsecount="0"/>
        <line num="65" count="2" type="stmt"/>
        <line num="77" count="23" type="stmt"/>
        <line num="78" count="4" type="cond" truecount="2" falsecount="0"/>
        <line num="79" count="3" type="stmt"/>
        <line num="92" count="4" type="stmt"/>
        <line num="93" count="3" type="cond" truecount="2" falsecount="0"/>
        <line num="94" count="2" type="stmt"/>
        <line num="106" count="3" type="stmt"/>
        <line num="107" count="3" type="stmt"/>
        <line num="108" count="3" type="stmt"/>
        <line num="109" count="5" type="stmt"/>
        <line num="110" count="5" type="stmt"/>
        <line num="111" count="14" type="stmt"/>
        <line num="112" count="8" type="cond" truecount="2" falsecount="0"/>
        <line num="113" count="2" type="cond" truecount="2" falsecount="0"/>
        <line num="114" count="2" type="stmt"/>
        <line num="115" count="2" type="stmt"/>
        <line num="118" count="5" type="cond" truecount="2" falsecount="0"/>
        <line num="120" count="3" type="cond" truecount="2" falsecount="0"/>
        <line num="121" count="2" type="stmt"/>
        <line num="133" count="1" type="stmt"/>
        <line num="139" count="10" type="stmt"/>
      </file>
      <file name="notifications.ts" path="/home/jacob/FINAL-AAU-REDESIGN/src/utils/notifications.ts">
        <metrics statements="3" coveredstatements="3" conditionals="2" coveredconditionals="2" methods="2" coveredmethods="2"/>
        <line num="7" count="1" type="stmt"/>
        <line num="19" count="156" type="cond" truecount="2" falsecount="0"/>
        <line num="27" count="13" type="stmt"/>
      </file>
      <file name="storage.ts" path="/home/jacob/FINAL-AAU-REDESIGN/src/utils/storage.ts">
        <metrics statements="20" coveredstatements="12" conditionals="10" coveredconditionals="5" methods="3" coveredmethods="2"/>
        <line num="5" count="8" type="stmt"/>
        <line num="7" count="134" type="stmt"/>
        <line num="8" count="134" type="cond" truecount="1" falsecount="1"/>
        <line num="9" count="134" type="cond" truecount="2" falsecount="0"/>
        <line num="10" count="15" type="stmt"/>
        <line num="11" count="15" type="stmt"/>
        <line num="13" count="3" type="cond" truecount="1" falsecount="1"/>
        <line num="14" count="0" type="stmt"/>
        <line num="16" count="3" type="stmt"/>
        <line num="17" count="3" type="stmt"/>
        <line num="20" count="0" type="stmt"/>
        <line num="21" count="0" type="stmt"/>
        <line num="26" count="111" type="stmt"/>
        <line num="27" count="111" type="cond" truecount="1" falsecount="1"/>
        <line num="28" count="111" type="stmt"/>
        <line num="31" count="0" type="stmt"/>
        <line num="36" count="0" type="stmt"/>
        <line num="37" count="0" type="cond" truecount="0" falsecount="2"/>
        <line num="38" count="0" type="stmt"/>
        <line num="41" count="0" type="stmt"/>
      </file>
      <file name="theme.ts" path="/home/jacob/FINAL-AAU-REDESIGN/src/utils/theme.ts">
        <metrics statements="4" coveredstatements="4" conditionals="6" coveredconditionals="6" methods="1" coveredmethods="1"/>
        <line num="7" count="119" type="cond" truecount="2" falsecount="0"/>
        <line num="8" count="115" type="cond" truecount="2" falsecount="0"/>
        <line num="9" count="108" type="cond" truecount="2" falsecount="0"/>
        <line num="10" count="106" type="stmt"/>
      </file>
      <file name="widgetLayout.ts" path="/home/jacob/FINAL-AAU-REDESIGN/src/utils/widgetLayout.ts">
        <metrics statements="5" coveredstatements="5" conditionals="6" coveredconditionals="6" methods="1" coveredmethods="1"/>
        <line num="7" count="37" type="cond" truecount="2" falsecount="0"/>
        <line num="8" count="15" type="stmt"/>
        <line num="11" count="22" type="cond" truecount="2" falsecount="0"/>
        <line num="12" count="5" type="stmt"/>
        <line num="15" count="17" type="stmt"/>
      </file>
    </package>
    <package name="src.widgets">
      <metrics statements="166" coveredstatements="165" conditionals="98" coveredconditionals="84" methods="95" coveredmethods="94"/>
      <file name="DeadlinesWidget.tsx" path="/home/jacob/FINAL-AAU-REDESIGN/src/widgets/DeadlinesWidget.tsx">
        <metrics statements="22" coveredstatements="22" conditionals="16" coveredconditionals="13" methods="11" coveredmethods="11"/>
        <line num="27" count="4" type="stmt"/>
        <line num="28" count="30" type="stmt"/>
        <line num="30" count="30" type="cond" truecount="1" falsecount="1"/>
        <line num="36" count="30" type="cond" truecount="2" falsecount="0"/>
        <line num="42" count="15" type="cond" truecount="2" falsecount="0"/>
        <line num="48" count="7" type="stmt"/>
        <line num="58" count="4" type="stmt"/>
        <line num="59" count="21" type="stmt"/>
        <line num="60" count="69" type="stmt"/>
        <line num="61" count="69" type="stmt"/>
        <line num="63" count="21" type="stmt"/>
        <line num="65" count="21" type="stmt"/>
        <line num="66" count="15" type="stmt"/>
        <line num="67" count="30" type="stmt"/>
        <line num="68" count="30" type="stmt"/>
        <line num="77" count="21" type="stmt"/>
        <line num="78" count="2" type="cond" truecount="2" falsecount="0"/>
        <line num="81" count="21" type="stmt"/>
        <line num="82" count="2" type="cond" truecount="2" falsecount="0"/>
        <line num="85" count="21" type="stmt"/>
        <line num="118" count="36" type="stmt"/>
        <line num="124" count="2" type="stmt"/>
      </file>
      <file name="FavoritesWidget.tsx" path="/home/jacob/FINAL-AAU-REDESIGN/src/widgets/FavoritesWidget.tsx">
        <metrics statements="23" coveredstatements="23" conditionals="10" coveredconditionals="9" methods="12" coveredmethods="12"/>
        <line num="17" count="26" type="stmt"/>
        <line num="18" count="63" type="stmt"/>
        <line num="19" count="63" type="stmt"/>
        <line num="20" count="63" type="stmt"/>
        <line num="21" count="63" type="stmt"/>
        <line num="22" count="63" type="stmt"/>
        <line num="24" count="26" type="stmt"/>
        <line num="26" count="26" type="stmt"/>
        <line num="27" count="18" type="stmt"/>
        <line num="28" count="18" type="stmt"/>
        <line num="29" count="18" type="stmt"/>
        <line num="30" count="18" type="stmt"/>
        <line num="31" count="30" type="stmt"/>
        <line num="33" count="18" type="stmt"/>
        <line num="36" count="26" type="stmt"/>
        <line num="37" count="1" type="cond" truecount="1" falsecount="1"/>
        <line num="40" count="26" type="stmt"/>
        <line num="71" count="30" type="stmt"/>
        <line num="75" count="1" type="stmt"/>
        <line num="77" count="3" type="cond" truecount="2" falsecount="0"/>
        <line num="78" count="2" type="cond" truecount="2" falsecount="0"/>
        <line num="79" count="1" type="stmt"/>
        <line num="81" count="1" type="stmt"/>
      </file>
      <file name="ForumActivityWidget.tsx" path="/home/jacob/FINAL-AAU-REDESIGN/src/widgets/ForumActivityWidget.tsx">
        <metrics statements="18" coveredstatements="18" conditionals="10" coveredconditionals="9" methods="10" coveredmethods="10"/>
        <line num="25" count="4" type="stmt"/>
        <line num="61" count="4" type="stmt"/>
        <line num="66" count="141" type="stmt"/>
        <line num="67" count="141" type="stmt"/>
        <line num="69" count="44" type="stmt"/>
        <line num="83" count="1" type="stmt"/>
        <line num="115" count="4" type="stmt"/>
        <line num="120" count="4" type="stmt"/>
        <line num="121" count="20" type="stmt"/>
        <line num="122" count="63" type="stmt"/>
        <line num="124" count="20" type="stmt"/>
        <line num="125" count="13" type="cond" truecount="4" falsecount="0"/>
        <line num="129" count="20" type="stmt"/>
        <line num="130" count="2" type="cond" truecount="2" falsecount="0"/>
        <line num="133" count="20" type="stmt"/>
        <line num="134" count="1" type="cond" truecount="1" falsecount="1"/>
        <line num="137" count="20" type="stmt"/>
        <line num="167" count="43" type="stmt"/>
      </file>
      <file name="ForumWidget.tsx" path="/home/jacob/FINAL-AAU-REDESIGN/src/widgets/ForumWidget.tsx">
        <metrics statements="20" coveredstatements="19" conditionals="12" coveredconditionals="8" methods="13" coveredmethods="12"/>
        <line num="32" count="4" type="stmt"/>
        <line num="36" count="75" type="stmt"/>
        <line num="38" count="27" type="stmt"/>
        <line num="52" count="1" type="stmt"/>
        <line num="83" count="4" type="stmt"/>
        <line num="88" count="4" type="stmt"/>
        <line num="89" count="30" type="stmt"/>
        <line num="90" count="30" type="stmt"/>
        <line num="91" count="12" type="stmt"/>
        <line num="93" count="12" type="stmt"/>
        <line num="94" count="12" type="stmt"/>
        <line num="95" count="25" type="stmt"/>
        <line num="104" count="12" type="stmt"/>
        <line num="105" count="1" type="cond" truecount="1" falsecount="1"/>
        <line num="108" count="12" type="stmt"/>
        <line num="109" count="1" type="cond" truecount="1" falsecount="1"/>
        <line num="112" count="12" type="stmt"/>
        <line num="113" count="0" type="cond" truecount="0" falsecount="2"/>
        <line num="116" count="12" type="stmt"/>
        <line num="147" count="25" type="stmt"/>
      </file>
      <file name="ModulesWidget.tsx" path="/home/jacob/FINAL-AAU-REDESIGN/src/widgets/ModulesWidget.tsx">
        <metrics statements="32" coveredstatements="32" conditionals="18" coveredconditionals="16" methods="20" coveredmethods="20"/>
        <line num="18" count="1" type="stmt"/>
        <line num="28" count="32" type="stmt"/>
        <line num="29" count="60" type="cond" truecount="2" falsecount="0"/>
        <line num="30" count="32" type="cond" truecount="2" falsecount="0"/>
        <line num="37" count="1" type="stmt"/>
        <line num="38" count="9" type="stmt"/>
        <line num="39" count="3" type="stmt"/>
        <line num="69" count="1" type="stmt"/>
        <line num="75" count="99" type="stmt"/>
        <line num="76" count="33" type="stmt"/>
        <line num="78" count="33" type="stmt"/>
        <line num="80" count="33" type="cond" truecount="1" falsecount="1"/>
        <line num="81" count="33" type="stmt"/>
        <line num="83" count="33" type="stmt"/>
        <line num="102" count="1" type="stmt"/>
        <line num="103" count="2" type="cond" truecount="2" falsecount="0"/>
        <line num="110" count="1" type="stmt"/>
        <line num="114" count="1" type="stmt"/>
        <line num="115" count="15" type="stmt"/>
        <line num="116" count="43" type="stmt"/>
        <line num="117" count="43" type="stmt"/>
        <line num="118" count="43" type="stmt"/>
        <line num="119" count="43" type="stmt"/>
        <line num="120" count="43" type="stmt"/>
        <line num="122" count="15" type="stmt"/>
        <line num="123" count="32" type="stmt"/>
        <line num="127" count="15" type="stmt"/>
        <line num="128" count="1" type="stmt"/>
        <line num="131" count="15" type="stmt"/>
        <line num="132" count="2" type="cond" truecount="1" falsecount="1"/>
        <line num="135" count="15" type="stmt"/>
        <line num="170" count="32" type="stmt"/>
      </file>
      <file name="QuickOverviewWidget.tsx" path="/home/jacob/FINAL-AAU-REDESIGN/src/widgets/QuickOverviewWidget.tsx">
        <metrics statements="13" coveredstatements="13" conditionals="4" coveredconditionals="4" methods="6" coveredmethods="6"/>
        <line num="19" count="4" type="stmt"/>
        <line num="27" count="4" type="stmt"/>
        <line num="32" count="120" type="stmt"/>
        <line num="33" count="38" type="stmt"/>
        <line num="35" count="38" type="stmt"/>
        <line num="63" count="4" type="stmt"/>
        <line num="68" count="4" type="stmt"/>
        <line num="69" count="20" type="stmt"/>
        <line num="70" count="60" type="stmt"/>
        <line num="72" count="20" type="stmt"/>
        <line num="73" count="2" type="cond" truecount="2" falsecount="0"/>
        <line num="76" count="20" type="stmt"/>
        <line num="106" count="36" type="stmt"/>
      </file>
      <file name="QuickToolsWidget.tsx" path="/home/jacob/FINAL-AAU-REDESIGN/src/widgets/QuickToolsWidget.tsx">
        <metrics statements="22" coveredstatements="22" conditionals="16" coveredconditionals="15" methods="13" coveredmethods="13"/>
        <line num="25" count="1" type="stmt"/>
        <line num="32" count="29" type="stmt"/>
        <line num="33" count="29" type="cond" truecount="1" falsecount="1"/>
        <line num="35" count="29" type="stmt"/>
        <line num="53" count="2" type="cond" truecount="2" falsecount="0"/>
        <line num="83" count="1" type="stmt"/>
        <line num="84" count="1" type="stmt"/>
        <line num="108" count="1" type="stmt"/>
        <line num="109" count="8" type="stmt"/>
        <line num="110" count="8" type="stmt"/>
        <line num="111" count="8" type="stmt"/>
        <line num="112" count="8" type="stmt"/>
        <line num="114" count="8" type="stmt"/>
        <line num="116" count="8" type="stmt"/>
        <line num="117" count="1" type="stmt"/>
        <line num="120" count="8" type="stmt"/>
        <line num="121" count="1" type="stmt"/>
        <line num="124" count="8" type="stmt"/>
        <line num="125" count="2" type="cond" truecount="2" falsecount="0"/>
        <line num="128" count="8" type="stmt"/>
        <line num="155" count="28" type="stmt"/>
        <line num="182" count="1" type="stmt"/>
      </file>
      <file name="RecentGradesWidget.tsx" path="/home/jacob/FINAL-AAU-REDESIGN/src/widgets/RecentGradesWidget.tsx">
        <metrics statements="16" coveredstatements="16" conditionals="12" coveredconditionals="10" methods="10" coveredmethods="10"/>
        <line num="29" count="4" type="stmt"/>
        <line num="32" count="132" type="stmt"/>
        <line num="34" count="41" type="stmt"/>
        <line num="78" count="4" type="stmt"/>
        <line num="83" count="4" type="stmt"/>
        <line num="84" count="19" type="stmt"/>
        <line num="85" count="60" type="stmt"/>
        <line num="86" count="60" type="stmt"/>
        <line num="88" count="19" type="stmt"/>
        <line num="89" count="19" type="stmt"/>
        <line num="90" count="28" type="stmt"/>
        <line num="99" count="19" type="stmt"/>
        <line num="100" count="2" type="cond" truecount="2" falsecount="0"/>
        <line num="103" count="19" type="stmt"/>
        <line num="134" count="40" type="stmt"/>
        <line num="173" count="4" type="stmt"/>
      </file>
      <file name="index.ts" path="/home/jacob/FINAL-AAU-REDESIGN/src/widgets/index.ts">
        <metrics statements="0" coveredstatements="0" conditionals="0" coveredconditionals="0" methods="0" coveredmethods="0"/>
      </file>
    </package>
  </project>
</coverage>
