{"E:\\FINAL-AAU-REDESIGN\\src\\App.tsx": {"path":"E:\\FINAL-AAU-REDESIGN\\src\\App.tsx","statementMap":{"0":{"start":{"line":9,"column":8},"end":{"line":9,"column":null}},"1":{"start":{"line":9,"column":30},"end":{"line":9,"column":37}},"2":{"start":{"line":10,"column":8},"end":{"line":10,"column":null}},"3":{"start":{"line":10,"column":34},"end":{"line":10,"column":44}},"4":{"start":{"line":11,"column":2},"end":{"line":11,"column":null}},"5":{"start":{"line":12,"column":2},"end":{"line":29,"column":null}},"6":{"start":{"line":19,"column":14},"end":{"line":22,"column":null}}},"fnMap":{"0":{"name":"App","decl":{"start":{"line":8,"column":9},"end":{"line":8,"column":15}},"loc":{"start":{"line":8,"column":15},"end":{"line":31,"column":null}},"line":8},"1":{"name":"(anonymous_1)","decl":{"start":{"line":9,"column":12},"end":{"line":9,"column":21}},"loc":{"start":{"line":9,"column":30},"end":{"line":9,"column":37}},"line":9},"2":{"name":"(anonymous_2)","decl":{"start":{"line":10,"column":16},"end":{"line":10,"column":25}},"loc":{"start":{"line":10,"column":34},"end":{"line":10,"column":44}},"line":10},"3":{"name":"(anonymous_3)","decl":{"start":{"line":18,"column":20},"end":{"line":18,"column":25}},"loc":{"start":{"line":19,"column":14},"end":{"line":22,"column":null}},"line":19}},"branchMap":{"0":{"loc":{"start":{"line":19,"column":14},"end":{"line":22,"column":null}},"type":"cond-expr","locations":[{"start":{"line":20,"column":16},"end":{"line":20,"column":null}},{"start":{"line":22,"column":16},"end":{"line":22,"column":null}}],"line":19}},"s":{"0":0,"1":0,"2":0,"3":0,"4":0,"5":0,"6":0},"f":{"0":0,"1":0,"2":0,"3":0},"b":{"0":[0,0]},"meta":{"lastBranch":1,"lastFunction":4,"lastStatement":7,"seen":{"f:8:9:8:15":0,"s:9:8:9:Infinity":0,"f:9:12:9:21":1,"s:9:30:9:37":1,"s:10:8:10:Infinity":2,"f:10:16:10:25":2,"s:10:34:10:44":3,"s:11:2:11:Infinity":4,"s:12:2:29:Infinity":5,"f:18:20:18:25":3,"s:19:14:22:Infinity":6,"b:20:16:20:Infinity:22:16:22:Infinity":0}}}
,"E:\\FINAL-AAU-REDESIGN\\src\\routes.ts": {"path":"E:\\FINAL-AAU-REDESIGN\\src\\routes.ts","statementMap":{"0":{"start":{"line":3,"column":6},"end":{"line":3,"column":null}},"1":{"start":{"line":3,"column":29},"end":{"line":3,"column":null}},"2":{"start":{"line":4,"column":6},"end":{"line":4,"column":null}},"3":{"start":{"line":4,"column":28},"end":{"line":4,"column":null}},"4":{"start":{"line":5,"column":6},"end":{"line":5,"column":null}},"5":{"start":{"line":5,"column":27},"end":{"line":5,"column":null}},"6":{"start":{"line":6,"column":6},"end":{"line":6,"column":null}},"7":{"start":{"line":6,"column":26},"end":{"line":6,"column":null}},"8":{"start":{"line":7,"column":6},"end":{"line":7,"column":null}},"9":{"start":{"line":7,"column":27},"end":{"line":7,"column":null}},"10":{"start":{"line":8,"column":6},"end":{"line":8,"column":null}},"11":{"start":{"line":8,"column":28},"end":{"line":8,"column":null}},"12":{"start":{"line":9,"column":6},"end":{"line":9,"column":null}},"13":{"start":{"line":9,"column":28},"end":{"line":9,"column":null}},"14":{"start":{"line":10,"column":6},"end":{"line":10,"column":null}},"15":{"start":{"line":10,"column":29},"end":{"line":10,"column":null}},"16":{"start":{"line":11,"column":6},"end":{"line":11,"column":null}},"17":{"start":{"line":11,"column":33},"end":{"line":11,"column":null}},"18":{"start":{"line":12,"column":6},"end":{"line":12,"column":null}},"19":{"start":{"line":12,"column":30},"end":{"line":12,"column":null}},"20":{"start":{"line":13,"column":6},"end":{"line":13,"column":null}},"21":{"start":{"line":13,"column":33},"end":{"line":13,"column":null}},"22":{"start":{"line":14,"column":6},"end":{"line":14,"column":null}},"23":{"start":{"line":14,"column":29},"end":{"line":14,"column":null}},"24":{"start":{"line":15,"column":6},"end":{"line":15,"column":null}},"25":{"start":{"line":15,"column":26},"end":{"line":15,"column":null}},"26":{"start":{"line":16,"column":6},"end":{"line":16,"column":null}},"27":{"start":{"line":16,"column":29},"end":{"line":16,"column":null}},"28":{"start":{"line":24,"column":30},"end":{"line":39,"column":null}}},"fnMap":{"0":{"name":"(anonymous_0)","decl":{"start":{"line":3,"column":18},"end":{"line":3,"column":29}},"loc":{"start":{"line":3,"column":29},"end":{"line":3,"column":null}},"line":3},"1":{"name":"(anonymous_1)","decl":{"start":{"line":4,"column":17},"end":{"line":4,"column":28}},"loc":{"start":{"line":4,"column":28},"end":{"line":4,"column":null}},"line":4},"2":{"name":"(anonymous_2)","decl":{"start":{"line":5,"column":16},"end":{"line":5,"column":27}},"loc":{"start":{"line":5,"column":27},"end":{"line":5,"column":null}},"line":5},"3":{"name":"(anonymous_3)","decl":{"start":{"line":6,"column":15},"end":{"line":6,"column":26}},"loc":{"start":{"line":6,"column":26},"end":{"line":6,"column":null}},"line":6},"4":{"name":"(anonymous_4)","decl":{"start":{"line":7,"column":16},"end":{"line":7,"column":27}},"loc":{"start":{"line":7,"column":27},"end":{"line":7,"column":null}},"line":7},"5":{"name":"(anonymous_5)","decl":{"start":{"line":8,"column":17},"end":{"line":8,"column":28}},"loc":{"start":{"line":8,"column":28},"end":{"line":8,"column":null}},"line":8},"6":{"name":"(anonymous_6)","decl":{"start":{"line":9,"column":17},"end":{"line":9,"column":28}},"loc":{"start":{"line":9,"column":28},"end":{"line":9,"column":null}},"line":9},"7":{"name":"(anonymous_7)","decl":{"start":{"line":10,"column":18},"end":{"line":10,"column":29}},"loc":{"start":{"line":10,"column":29},"end":{"line":10,"column":null}},"line":10},"8":{"name":"(anonymous_8)","decl":{"start":{"line":11,"column":22},"end":{"line":11,"column":33}},"loc":{"start":{"line":11,"column":33},"end":{"line":11,"column":null}},"line":11},"9":{"name":"(anonymous_9)","decl":{"start":{"line":12,"column":19},"end":{"line":12,"column":30}},"loc":{"start":{"line":12,"column":30},"end":{"line":12,"column":null}},"line":12},"10":{"name":"(anonymous_10)","decl":{"start":{"line":13,"column":22},"end":{"line":13,"column":33}},"loc":{"start":{"line":13,"column":33},"end":{"line":13,"column":null}},"line":13},"11":{"name":"(anonymous_11)","decl":{"start":{"line":14,"column":18},"end":{"line":14,"column":29}},"loc":{"start":{"line":14,"column":29},"end":{"line":14,"column":null}},"line":14},"12":{"name":"(anonymous_12)","decl":{"start":{"line":15,"column":15},"end":{"line":15,"column":26}},"loc":{"start":{"line":15,"column":26},"end":{"line":15,"column":null}},"line":15},"13":{"name":"(anonymous_13)","decl":{"start":{"line":16,"column":18},"end":{"line":16,"column":29}},"loc":{"start":{"line":16,"column":29},"end":{"line":16,"column":null}},"line":16}},"branchMap":{},"s":{"0":0,"1":0,"2":0,"3":0,"4":0,"5":0,"6":0,"7":0,"8":0,"9":0,"10":0,"11":0,"12":0,"13":0,"14":0,"15":0,"16":0,"17":0,"18":0,"19":0,"20":0,"21":0,"22":0,"23":0,"24":0,"25":0,"26":0,"27":0,"28":0},"f":{"0":0,"1":0,"2":0,"3":0,"4":0,"5":0,"6":0,"7":0,"8":0,"9":0,"10":0,"11":0,"12":0,"13":0},"b":{},"meta":{"lastBranch":0,"lastFunction":14,"lastStatement":29,"seen":{"s:3:6:3:Infinity":0,"f:3:18:3:29":0,"s:3:29:3:Infinity":1,"s:4:6:4:Infinity":2,"f:4:17:4:28":1,"s:4:28:4:Infinity":3,"s:5:6:5:Infinity":4,"f:5:16:5:27":2,"s:5:27:5:Infinity":5,"s:6:6:6:Infinity":6,"f:6:15:6:26":3,"s:6:26:6:Infinity":7,"s:7:6:7:Infinity":8,"f:7:16:7:27":4,"s:7:27:7:Infinity":9,"s:8:6:8:Infinity":10,"f:8:17:8:28":5,"s:8:28:8:Infinity":11,"s:9:6:9:Infinity":12,"f:9:17:9:28":6,"s:9:28:9:Infinity":13,"s:10:6:10:Infinity":14,"f:10:18:10:29":7,"s:10:29:10:Infinity":15,"s:11:6:11:Infinity":16,"f:11:22:11:33":8,"s:11:33:11:Infinity":17,"s:12:6:12:Infinity":18,"f:12:19:12:30":9,"s:12:30:12:Infinity":19,"s:13:6:13:Infinity":20,"f:13:22:13:33":10,"s:13:33:13:Infinity":21,"s:14:6:14:Infinity":22,"f:14:18:14:29":11,"s:14:29:14:Infinity":23,"s:15:6:15:Infinity":24,"f:15:15:15:26":12,"s:15:26:15:Infinity":25,"s:16:6:16:Infinity":26,"f:16:18:16:29":13,"s:16:29:16:Infinity":27,"s:24:30:39:Infinity":28}}}
,"E:\\FINAL-AAU-REDESIGN\\src\\api\\courses.ts": {"path":"E:\\FINAL-AAU-REDESIGN\\src\\api\\courses.ts","statementMap":{"0":{"start":{"line":5,"column":26},"end":{"line":31,"column":null}},"1":{"start":{"line":7,"column":4},"end":{"line":9,"column":null}},"2":{"start":{"line":8,"column":6},"end":{"line":8,"column":null}},"3":{"start":{"line":13,"column":4},"end":{"line":17,"column":null}},"4":{"start":{"line":14,"column":21},"end":{"line":14,"column":null}},"5":{"start":{"line":15,"column":6},"end":{"line":15,"column":null}},"6":{"start":{"line":15,"column":19},"end":{"line":15,"column":null}},"7":{"start":{"line":16,"column":6},"end":{"line":16,"column":null}},"8":{"start":{"line":21,"column":4},"end":{"line":21,"column":null}},"9":{"start":{"line":21,"column":53},"end":{"line":21,"column":60}},"10":{"start":{"line":25,"column":4},"end":{"line":29,"column":null}},"11":{"start":{"line":26,"column":21},"end":{"line":26,"column":null}},"12":{"start":{"line":27,"column":6},"end":{"line":27,"column":null}},"13":{"start":{"line":27,"column":19},"end":{"line":27,"column":null}},"14":{"start":{"line":28,"column":6},"end":{"line":28,"column":null}}},"fnMap":{"0":{"name":"(anonymous_0)","decl":{"start":{"line":6,"column":2},"end":{"line":6,"column":11}},"loc":{"start":{"line":6,"column":11},"end":{"line":10,"column":null}},"line":6},"1":{"name":"(anonymous_1)","decl":{"start":{"line":7,"column":37},"end":{"line":7,"column":null}},"loc":{"start":{"line":8,"column":6},"end":{"line":8,"column":null}},"line":8},"2":{"name":"(anonymous_2)","decl":{"start":{"line":12,"column":2},"end":{"line":12,"column":10}},"loc":{"start":{"line":12,"column":22},"end":{"line":18,"column":null}},"line":12},"3":{"name":"(anonymous_3)","decl":{"start":{"line":13,"column":43},"end":{"line":13,"column":55}},"loc":{"start":{"line":13,"column":55},"end":{"line":17,"column":5}},"line":13},"4":{"name":"(anonymous_4)","decl":{"start":{"line":20,"column":2},"end":{"line":20,"column":14}},"loc":{"start":{"line":20,"column":14},"end":{"line":22,"column":null}},"line":20},"5":{"name":"(anonymous_5)","decl":{"start":{"line":21,"column":31},"end":{"line":21,"column":53}},"loc":{"start":{"line":21,"column":53},"end":{"line":21,"column":60}},"line":21},"6":{"name":"(anonymous_6)","decl":{"start":{"line":24,"column":2},"end":{"line":24,"column":14}},"loc":{"start":{"line":24,"column":32},"end":{"line":30,"column":null}},"line":24},"7":{"name":"(anonymous_7)","decl":{"start":{"line":25,"column":64},"end":{"line":25,"column":82}},"loc":{"start":{"line":25,"column":82},"end":{"line":29,"column":5}},"line":25}},"branchMap":{"0":{"loc":{"start":{"line":15,"column":6},"end":{"line":15,"column":null}},"type":"if","locations":[{"start":{"line":15,"column":6},"end":{"line":15,"column":null}},{"start":{},"end":{}}],"line":15},"1":{"loc":{"start":{"line":27,"column":6},"end":{"line":27,"column":null}},"type":"if","locations":[{"start":{"line":27,"column":6},"end":{"line":27,"column":null}},{"start":{},"end":{}}],"line":27}},"s":{"0":0,"1":0,"2":0,"3":0,"4":0,"5":0,"6":0,"7":0,"8":0,"9":0,"10":0,"11":0,"12":0,"13":0,"14":0},"f":{"0":0,"1":0,"2":0,"3":0,"4":0,"5":0,"6":0,"7":0},"b":{"0":[0,0],"1":[0,0]},"meta":{"lastBranch":2,"lastFunction":8,"lastStatement":15,"seen":{"s:5:26:31:Infinity":0,"f:6:2:6:11":0,"s:7:4:9:Infinity":1,"f:7:37:7:Infinity":1,"s:8:6:8:Infinity":2,"f:12:2:12:10":2,"s:13:4:17:Infinity":3,"f:13:43:13:55":3,"s:14:21:14:Infinity":4,"b:15:6:15:Infinity:undefined:undefined:undefined:undefined":0,"s:15:6:15:Infinity":5,"s:15:19:15:Infinity":6,"s:16:6:16:Infinity":7,"f:20:2:20:14":4,"s:21:4:21:Infinity":8,"f:21:31:21:53":5,"s:21:53:21:60":9,"f:24:2:24:14":6,"s:25:4:29:Infinity":10,"f:25:64:25:82":7,"s:26:21:26:Infinity":11,"b:27:6:27:Infinity:undefined:undefined:undefined:undefined":1,"s:27:6:27:Infinity":12,"s:27:19:27:Infinity":13,"s:28:6:28:Infinity":14}}}
,"E:\\FINAL-AAU-REDESIGN\\src\\api\\settings.ts": {"path":"E:\\FINAL-AAU-REDESIGN\\src\\api\\settings.ts","statementMap":{"0":{"start":{"line":4,"column":13},"end":{"line":5,"column":null}},"1":{"start":{"line":5,"column":2},"end":{"line":5,"column":null}},"2":{"start":{"line":5,"column":36},"end":{"line":5,"column":54}}},"fnMap":{"0":{"name":"(anonymous_0)","decl":{"start":{"line":4,"column":13},"end":{"line":4,"column":29}},"loc":{"start":{"line":5,"column":2},"end":{"line":5,"column":null}},"line":5},"1":{"name":"(anonymous_1)","decl":{"start":{"line":5,"column":23},"end":{"line":5,"column":36}},"loc":{"start":{"line":5,"column":36},"end":{"line":5,"column":54}},"line":5}},"branchMap":{},"s":{"0":0,"1":0,"2":0},"f":{"0":0,"1":0},"b":{},"meta":{"lastBranch":0,"lastFunction":2,"lastStatement":3,"seen":{"s:4:13:5:Infinity":0,"f:4:13:4:29":0,"s:5:2:5:Infinity":1,"f:5:23:5:36":1,"s:5:36:5:54":2}}}
,"E:\\FINAL-AAU-REDESIGN\\src\\api\\submissions.ts": {"path":"E:\\FINAL-AAU-REDESIGN\\src\\api\\submissions.ts","statementMap":{"0":{"start":{"line":4,"column":13},"end":{"line":5,"column":null}},"1":{"start":{"line":5,"column":2},"end":{"line":5,"column":null}},"2":{"start":{"line":5,"column":40},"end":{"line":5,"column":84}}},"fnMap":{"0":{"name":"(anonymous_0)","decl":{"start":{"line":4,"column":13},"end":{"line":4,"column":33}},"loc":{"start":{"line":5,"column":2},"end":{"line":5,"column":null}},"line":5},"1":{"name":"(anonymous_1)","decl":{"start":{"line":5,"column":27},"end":{"line":5,"column":40}},"loc":{"start":{"line":5,"column":40},"end":{"line":5,"column":84}},"line":5}},"branchMap":{},"s":{"0":0,"1":0,"2":0},"f":{"0":0,"1":0},"b":{},"meta":{"lastBranch":0,"lastFunction":2,"lastStatement":3,"seen":{"s:4:13:5:Infinity":0,"f:4:13:4:33":0,"s:5:2:5:Infinity":1,"f:5:27:5:40":1,"s:5:40:5:84":2}}}
,"E:\\FINAL-AAU-REDESIGN\\src\\api\\support.ts": {"path":"E:\\FINAL-AAU-REDESIGN\\src\\api\\support.ts","statementMap":{"0":{"start":{"line":4,"column":13},"end":{"line":5,"column":null}},"1":{"start":{"line":5,"column":2},"end":{"line":5,"column":null}},"2":{"start":{"line":5,"column":44},"end":{"line":5,"column":84}}},"fnMap":{"0":{"name":"(anonymous_0)","decl":{"start":{"line":4,"column":13},"end":{"line":4,"column":36}},"loc":{"start":{"line":5,"column":2},"end":{"line":5,"column":null}},"line":5},"1":{"name":"(anonymous_1)","decl":{"start":{"line":5,"column":31},"end":{"line":5,"column":44}},"loc":{"start":{"line":5,"column":44},"end":{"line":5,"column":84}},"line":5}},"branchMap":{},"s":{"0":0,"1":0,"2":0},"f":{"0":0,"1":0},"b":{},"meta":{"lastBranch":0,"lastFunction":2,"lastStatement":3,"seen":{"s:4:13:5:Infinity":0,"f:4:13:4:36":0,"s:5:2:5:Infinity":1,"f:5:31:5:44":1,"s:5:44:5:84":2}}}
,"E:\\FINAL-AAU-REDESIGN\\src\\api\\users.ts": {"path":"E:\\FINAL-AAU-REDESIGN\\src\\api\\users.ts","statementMap":{"0":{"start":{"line":5,"column":24},"end":{"line":9,"column":null}},"1":{"start":{"line":7,"column":4},"end":{"line":7,"column":null}},"2":{"start":{"line":7,"column":61},"end":{"line":7,"column":73}}},"fnMap":{"0":{"name":"(anonymous_0)","decl":{"start":{"line":6,"column":2},"end":{"line":6,"column":16}},"loc":{"start":{"line":6,"column":16},"end":{"line":8,"column":null}},"line":6},"1":{"name":"(anonymous_1)","decl":{"start":{"line":7,"column":36},"end":{"line":7,"column":61}},"loc":{"start":{"line":7,"column":61},"end":{"line":7,"column":73}},"line":7}},"branchMap":{},"s":{"0":0,"1":0,"2":0},"f":{"0":0,"1":0},"b":{},"meta":{"lastBranch":0,"lastFunction":2,"lastStatement":3,"seen":{"s:5:24:9:Infinity":0,"f:6:2:6:16":0,"s:7:4:7:Infinity":1,"f:7:36:7:61":1,"s:7:61:7:73":2}}}
,"E:\\FINAL-AAU-REDESIGN\\src\\components\\ErrorBoundary.tsx": {"path":"E:\\FINAL-AAU-REDESIGN\\src\\components\\ErrorBoundary.tsx","statementMap":{"0":{"start":{"line":34,"column":24},"end":{"line":36,"column":null}},"1":{"start":{"line":53,"column":10},"end":{"line":55,"column":null}},"2":{"start":{"line":58,"column":10},"end":{"line":63,"column":null}},"3":{"start":{"line":40,"column":4},"end":{"line":40,"column":null}},"4":{"start":{"line":45,"column":4},"end":{"line":49,"column":null}},"5":{"start":{"line":54,"column":4},"end":{"line":54,"column":null}},"6":{"start":{"line":59,"column":4},"end":{"line":62,"column":null}},"7":{"start":{"line":60,"column":6},"end":{"line":60,"column":null}},"8":{"start":{"line":61,"column":6},"end":{"line":61,"column":null}},"9":{"start":{"line":66,"column":4},"end":{"line":70,"column":null}},"10":{"start":{"line":67,"column":6},"end":{"line":67,"column":null}},"11":{"start":{"line":67,"column":31},"end":{"line":67,"column":null}},"12":{"start":{"line":69,"column":6},"end":{"line":69,"column":null}},"13":{"start":{"line":72,"column":4},"end":{"line":72,"column":null}},"14":{"start":{"line":89,"column":8},"end":{"line":89,"column":null}},"15":{"start":{"line":89,"column":30},"end":{"line":89,"column":37}},"16":{"start":{"line":91,"column":2},"end":{"line":116,"column":null}}},"fnMap":{"0":{"name":"(anonymous_0)","decl":{"start":{"line":39,"column":16},"end":{"line":39,"column":41}},"loc":{"start":{"line":39,"column":58},"end":{"line":41,"column":null}},"line":39},"1":{"name":"(anonymous_1)","decl":{"start":{"line":44,"column":2},"end":{"line":44,"column":9}},"loc":{"start":{"line":44,"column":63},"end":{"line":50,"column":null}},"line":44},"2":{"name":"(anonymous_2)","decl":{"start":{"line":53,"column":10},"end":{"line":53,"column":30}},"loc":{"start":{"line":53,"column":30},"end":{"line":55,"column":null}},"line":53},"3":{"name":"(anonymous_3)","decl":{"start":{"line":58,"column":10},"end":{"line":58,"column":27}},"loc":{"start":{"line":58,"column":67},"end":{"line":63,"column":null}},"line":58},"4":{"name":"(anonymous_4)","decl":{"start":{"line":65,"column":2},"end":{"line":65,"column":9}},"loc":{"start":{"line":65,"column":18},"end":{"line":73,"column":null}},"line":65},"5":{"name":"ErrorDisplay","decl":{"start":{"line":82,"column":9},"end":{"line":82,"column":22}},"loc":{"start":{"line":88,"column":3},"end":{"line":118,"column":null}},"line":88},"6":{"name":"(anonymous_6)","decl":{"start":{"line":89,"column":12},"end":{"line":89,"column":21}},"loc":{"start":{"line":89,"column":30},"end":{"line":89,"column":37}},"line":89}},"branchMap":{"0":{"loc":{"start":{"line":46,"column":27},"end":{"line":46,"column":58}},"type":"binary-expr","locations":[{"start":{"line":46,"column":27},"end":{"line":46,"column":46}},{"start":{"line":46,"column":46},"end":{"line":46,"column":58}}],"line":46},"1":{"loc":{"start":{"line":59,"column":4},"end":{"line":62,"column":null}},"type":"if","locations":[{"start":{"line":59,"column":4},"end":{"line":62,"column":null}},{"start":{},"end":{}}],"line":59},"2":{"loc":{"start":{"line":59,"column":8},"end":{"line":59,"column":44}},"type":"binary-expr","locations":[{"start":{"line":59,"column":8},"end":{"line":59,"column":29}},{"start":{"line":59,"column":29},"end":{"line":59,"column":44}}],"line":59},"3":{"loc":{"start":{"line":66,"column":4},"end":{"line":70,"column":null}},"type":"if","locations":[{"start":{"line":66,"column":4},"end":{"line":70,"column":null}},{"start":{},"end":{}}],"line":66},"4":{"loc":{"start":{"line":67,"column":6},"end":{"line":67,"column":null}},"type":"if","locations":[{"start":{"line":67,"column":6},"end":{"line":67,"column":null}},{"start":{},"end":{}}],"line":67}},"s":{"0":0,"1":0,"2":0,"3":0,"4":0,"5":0,"6":0,"7":0,"8":0,"9":0,"10":0,"11":0,"12":0,"13":0,"14":0,"15":0,"16":0},"f":{"0":0,"1":0,"2":0,"3":0,"4":0,"5":0,"6":0},"b":{"0":[0,0],"1":[0,0],"2":[0,0],"3":[0,0],"4":[0,0]},"meta":{"lastBranch":5,"lastFunction":7,"lastStatement":17,"seen":{"s:34:24:36:Infinity":0,"s:53:10:55:Infinity":1,"s:58:10:63:Infinity":2,"f:39:16:39:41":0,"s:40:4:40:Infinity":3,"f:44:2:44:9":1,"s:45:4:49:Infinity":4,"b:46:27:46:46:46:46:46:58":0,"f:53:10:53:30":2,"s:54:4:54:Infinity":5,"f:58:10:58:27":3,"b:59:4:62:Infinity:undefined:undefined:undefined:undefined":1,"s:59:4:62:Infinity":6,"b:59:8:59:29:59:29:59:44":2,"s:60:6:60:Infinity":7,"s:61:6:61:Infinity":8,"f:65:2:65:9":4,"b:66:4:70:Infinity:undefined:undefined:undefined:undefined":3,"s:66:4:70:Infinity":9,"b:67:6:67:Infinity:undefined:undefined:undefined:undefined":4,"s:67:6:67:Infinity":10,"s:67:31:67:Infinity":11,"s:69:6:69:Infinity":12,"s:72:4:72:Infinity":13,"f:82:9:82:22":5,"s:89:8:89:Infinity":14,"f:89:12:89:21":6,"s:89:30:89:37":15,"s:91:2:116:Infinity":16}}}
,"E:\\FINAL-AAU-REDESIGN\\src\\components\\StoreInit.tsx": {"path":"E:\\FINAL-AAU-REDESIGN\\src\\components\\StoreInit.tsx","statementMap":{"0":{"start":{"line":6,"column":8},"end":{"line":6,"column":null}},"1":{"start":{"line":6,"column":32},"end":{"line":6,"column":39}},"2":{"start":{"line":7,"column":8},"end":{"line":7,"column":null}},"3":{"start":{"line":7,"column":37},"end":{"line":7,"column":49}},"4":{"start":{"line":8,"column":8},"end":{"line":8,"column":null}},"5":{"start":{"line":8,"column":35},"end":{"line":8,"column":45}},"6":{"start":{"line":9,"column":8},"end":{"line":9,"column":null}},"7":{"start":{"line":9,"column":38},"end":{"line":9,"column":51}},"8":{"start":{"line":12,"column":2},"end":{"line":17,"column":null}},"9":{"start":{"line":13,"column":10},"end":{"line":13,"column":null}},"10":{"start":{"line":14,"column":4},"end":{"line":16,"column":null}},"11":{"start":{"line":15,"column":6},"end":{"line":15,"column":null}},"12":{"start":{"line":20,"column":2},"end":{"line":26,"column":null}},"13":{"start":{"line":24,"column":4},"end":{"line":24,"column":null}},"14":{"start":{"line":25,"column":4},"end":{"line":25,"column":null}},"15":{"start":{"line":28,"column":2},"end":{"line":61,"column":null}},"16":{"start":{"line":29,"column":10},"end":{"line":43,"column":null}},"17":{"start":{"line":30,"column":20},"end":{"line":30,"column":null}},"18":{"start":{"line":31,"column":22},"end":{"line":31,"column":null}},"19":{"start":{"line":32,"column":6},"end":{"line":32,"column":null}},"20":{"start":{"line":34,"column":6},"end":{"line":42,"column":null}},"21":{"start":{"line":35,"column":8},"end":{"line":35,"column":null}},"22":{"start":{"line":36,"column":8},"end":{"line":36,"column":null}},"23":{"start":{"line":37,"column":13},"end":{"line":42,"column":null}},"24":{"start":{"line":38,"column":8},"end":{"line":38,"column":null}},"25":{"start":{"line":39,"column":8},"end":{"line":39,"column":null}},"26":{"start":{"line":41,"column":8},"end":{"line":41,"column":null}},"27":{"start":{"line":45,"column":23},"end":{"line":45,"column":null}},"28":{"start":{"line":47,"column":10},"end":{"line":51,"column":null}},"29":{"start":{"line":48,"column":6},"end":{"line":50,"column":null}},"30":{"start":{"line":49,"column":8},"end":{"line":49,"column":null}},"31":{"start":{"line":53,"column":4},"end":{"line":53,"column":null}},"32":{"start":{"line":54,"column":4},"end":{"line":54,"column":null}},"33":{"start":{"line":55,"column":4},"end":{"line":55,"column":null}},"34":{"start":{"line":57,"column":4},"end":{"line":60,"column":null}},"35":{"start":{"line":58,"column":6},"end":{"line":58,"column":null}},"36":{"start":{"line":59,"column":6},"end":{"line":59,"column":null}},"37":{"start":{"line":63,"column":2},"end":{"line":63,"column":null}}},"fnMap":{"0":{"name":"StoreInit","decl":{"start":{"line":5,"column":24},"end":{"line":5,"column":34}},"loc":{"start":{"line":5,"column":73},"end":{"line":64,"column":null}},"line":5},"1":{"name":"(anonymous_1)","decl":{"start":{"line":6,"column":16},"end":{"line":6,"column":26}},"loc":{"start":{"line":6,"column":32},"end":{"line":6,"column":39}},"line":6},"2":{"name":"(anonymous_2)","decl":{"start":{"line":7,"column":21},"end":{"line":7,"column":31}},"loc":{"start":{"line":7,"column":37},"end":{"line":7,"column":49}},"line":7},"3":{"name":"(anonymous_3)","decl":{"start":{"line":8,"column":19},"end":{"line":8,"column":29}},"loc":{"start":{"line":8,"column":35},"end":{"line":8,"column":45}},"line":8},"4":{"name":"(anonymous_4)","decl":{"start":{"line":9,"column":22},"end":{"line":9,"column":32}},"loc":{"start":{"line":9,"column":38},"end":{"line":9,"column":51}},"line":9},"5":{"name":"(anonymous_5)","decl":{"start":{"line":12,"column":2},"end":{"line":12,"column":18}},"loc":{"start":{"line":12,"column":18},"end":{"line":17,"column":5}},"line":12},"6":{"name":"(anonymous_6)","decl":{"start":{"line":20,"column":2},"end":{"line":20,"column":18}},"loc":{"start":{"line":20,"column":18},"end":{"line":26,"column":5}},"line":20},"7":{"name":"(anonymous_7)","decl":{"start":{"line":28,"column":2},"end":{"line":28,"column":18}},"loc":{"start":{"line":28,"column":18},"end":{"line":61,"column":5}},"line":28},"8":{"name":"(anonymous_8)","decl":{"start":{"line":29,"column":10},"end":{"line":29,"column":31}},"loc":{"start":{"line":29,"column":31},"end":{"line":43,"column":null}},"line":29},"9":{"name":"(anonymous_9)","decl":{"start":{"line":47,"column":10},"end":{"line":47,"column":42}},"loc":{"start":{"line":47,"column":42},"end":{"line":51,"column":null}},"line":47},"10":{"name":"(anonymous_10)","decl":{"start":{"line":57,"column":4},"end":{"line":57,"column":17}},"loc":{"start":{"line":57,"column":17},"end":{"line":60,"column":null}},"line":57}},"branchMap":{"0":{"loc":{"start":{"line":14,"column":4},"end":{"line":16,"column":null}},"type":"if","locations":[{"start":{"line":14,"column":4},"end":{"line":16,"column":null}},{"start":{},"end":{}}],"line":14},"1":{"loc":{"start":{"line":34,"column":6},"end":{"line":42,"column":null}},"type":"if","locations":[{"start":{"line":34,"column":6},"end":{"line":42,"column":null}},{"start":{"line":37,"column":13},"end":{"line":42,"column":null}}],"line":34},"2":{"loc":{"start":{"line":37,"column":13},"end":{"line":42,"column":null}},"type":"if","locations":[{"start":{"line":37,"column":13},"end":{"line":42,"column":null}},{"start":{"line":40,"column":13},"end":{"line":42,"column":null}}],"line":37},"3":{"loc":{"start":{"line":48,"column":6},"end":{"line":50,"column":null}},"type":"if","locations":[{"start":{"line":48,"column":6},"end":{"line":50,"column":null}},{"start":{},"end":{}}],"line":48}},"s":{"0":0,"1":0,"2":0,"3":0,"4":0,"5":0,"6":0,"7":0,"8":0,"9":0,"10":0,"11":0,"12":0,"13":0,"14":0,"15":0,"16":0,"17":0,"18":0,"19":0,"20":0,"21":0,"22":0,"23":0,"24":0,"25":0,"26":0,"27":0,"28":0,"29":0,"30":0,"31":0,"32":0,"33":0,"34":0,"35":0,"36":0,"37":0},"f":{"0":0,"1":0,"2":0,"3":0,"4":0,"5":0,"6":0,"7":0,"8":0,"9":0,"10":0},"b":{"0":[0,0],"1":[0,0],"2":[0,0],"3":[0,0]},"meta":{"lastBranch":4,"lastFunction":11,"lastStatement":38,"seen":{"f:5:24:5:34":0,"s:6:8:6:Infinity":0,"f:6:16:6:26":1,"s:6:32:6:39":1,"s:7:8:7:Infinity":2,"f:7:21:7:31":2,"s:7:37:7:49":3,"s:8:8:8:Infinity":4,"f:8:19:8:29":3,"s:8:35:8:45":5,"s:9:8:9:Infinity":6,"f:9:22:9:32":4,"s:9:38:9:51":7,"s:12:2:17:Infinity":8,"f:12:2:12:18":5,"s:13:10:13:Infinity":9,"b:14:4:16:Infinity:undefined:undefined:undefined:undefined":0,"s:14:4:16:Infinity":10,"s:15:6:15:Infinity":11,"s:20:2:26:Infinity":12,"f:20:2:20:18":6,"s:24:4:24:Infinity":13,"s:25:4:25:Infinity":14,"s:28:2:61:Infinity":15,"f:28:2:28:18":7,"s:29:10:43:Infinity":16,"f:29:10:29:31":8,"s:30:20:30:Infinity":17,"s:31:22:31:Infinity":18,"s:32:6:32:Infinity":19,"b:34:6:42:Infinity:37:13:42:Infinity":1,"s:34:6:42:Infinity":20,"s:35:8:35:Infinity":21,"s:36:8:36:Infinity":22,"b:37:13:42:Infinity:40:13:42:Infinity":2,"s:37:13:42:Infinity":23,"s:38:8:38:Infinity":24,"s:39:8:39:Infinity":25,"s:41:8:41:Infinity":26,"s:45:23:45:Infinity":27,"s:47:10:51:Infinity":28,"f:47:10:47:42":9,"b:48:6:50:Infinity:undefined:undefined:undefined:undefined":3,"s:48:6:50:Infinity":29,"s:49:8:49:Infinity":30,"s:53:4:53:Infinity":31,"s:54:4:54:Infinity":32,"s:55:4:55:Infinity":33,"s:57:4:60:Infinity":34,"f:57:4:57:17":10,"s:58:6:58:Infinity":35,"s:59:6:59:Infinity":36,"s:63:2:63:Infinity":37}}}
,"E:\\FINAL-AAU-REDESIGN\\src\\components\\common\\IconCircle.tsx": {"path":"E:\\FINAL-AAU-REDESIGN\\src\\components\\common\\IconCircle.tsx","statementMap":{"0":{"start":{"line":5,"column":16},"end":{"line":11,"column":null}},"1":{"start":{"line":24,"column":13},"end":{"line":24,"column":null}},"2":{"start":{"line":27,"column":19},"end":{"line":27,"column":null}},"3":{"start":{"line":29,"column":2},"end":{"line":42,"column":null}}},"fnMap":{"0":{"name":"IconCircle","decl":{"start":{"line":23,"column":24},"end":{"line":23,"column":35}},"loc":{"start":{"line":23,"column":103},"end":{"line":44,"column":null}},"line":23}},"branchMap":{"0":{"loc":{"start":{"line":23,"column":60},"end":{"line":23,"column":73}},"type":"default-arg","locations":[{"start":{"line":23,"column":67},"end":{"line":23,"column":73}}],"line":23},"1":{"loc":{"start":{"line":24,"column":13},"end":{"line":24,"column":null}},"type":"cond-expr","locations":[{"start":{"line":24,"column":40},"end":{"line":24,"column":48}},{"start":{"line":24,"column":48},"end":{"line":24,"column":null}}],"line":24},"2":{"loc":{"start":{"line":24,"column":48},"end":{"line":24,"column":null}},"type":"binary-expr","locations":[{"start":{"line":24,"column":48},"end":{"line":24,"column":65}},{"start":{"line":24,"column":65},"end":{"line":24,"column":null}}],"line":24}},"s":{"0":0,"1":0,"2":0,"3":0},"f":{"0":0},"b":{"0":[0],"1":[0,0],"2":[0,0]},"meta":{"lastBranch":3,"lastFunction":1,"lastStatement":4,"seen":{"s:5:16:11:Infinity":0,"f:23:24:23:35":0,"b:23:67:23:73":0,"s:24:13:24:Infinity":1,"b:24:40:24:48:24:48:24:Infinity":1,"b:24:48:24:65:24:65:24:Infinity":2,"s:27:19:27:Infinity":2,"s:29:2:42:Infinity":3}}}
,"E:\\FINAL-AAU-REDESIGN\\src\\components\\common\\PageGuide.tsx": {"path":"E:\\FINAL-AAU-REDESIGN\\src\\components\\common\\PageGuide.tsx","statementMap":{"0":{"start":{"line":11,"column":19},"end":{"line":212,"column":null}},"1":{"start":{"line":225,"column":8},"end":{"line":225,"column":null}},"2":{"start":{"line":225,"column":33},"end":{"line":225,"column":43}},"3":{"start":{"line":226,"column":8},"end":{"line":226,"column":null}},"4":{"start":{"line":226,"column":30},"end":{"line":226,"column":37}},"5":{"start":{"line":227,"column":8},"end":{"line":227,"column":null}},"6":{"start":{"line":228,"column":17},"end":{"line":228,"column":null}},"7":{"start":{"line":229,"column":23},"end":{"line":229,"column":null}},"8":{"start":{"line":231,"column":2},"end":{"line":259,"column":null}},"9":{"start":{"line":233,"column":10},"end":{"line":253,"column":null}},"10":{"start":{"line":234,"column":21},"end":{"line":234,"column":null}},"11":{"start":{"line":236,"column":6},"end":{"line":236,"column":null}},"12":{"start":{"line":236,"column":37},"end":{"line":236,"column":null}},"13":{"start":{"line":239,"column":6},"end":{"line":249,"column":null}},"14":{"start":{"line":240,"column":8},"end":{"line":248,"column":null}},"15":{"start":{"line":242,"column":31},"end":{"line":244,"column":null}},"16":{"start":{"line":245,"column":24},"end":{"line":245,"column":null}},"17":{"start":{"line":247,"column":10},"end":{"line":247,"column":null}},"18":{"start":{"line":247,"column":45},"end":{"line":247,"column":null}},"19":{"start":{"line":252,"column":6},"end":{"line":252,"column":null}},"20":{"start":{"line":255,"column":18},"end":{"line":255,"column":null}},"21":{"start":{"line":256,"column":4},"end":{"line":256,"column":null}},"22":{"start":{"line":258,"column":4},"end":{"line":258,"column":null}},"23":{"start":{"line":261,"column":2},"end":{"line":261,"column":null}},"24":{"start":{"line":261,"column":21},"end":{"line":261,"column":null}},"25":{"start":{"line":263,"column":2},"end":{"line":310,"column":null}},"26":{"start":{"line":269,"column":23},"end":{"line":269,"column":null}},"27":{"start":{"line":291,"column":18},"end":{"line":299,"column":null}},"28":{"start":{"line":304,"column":65},"end":{"line":304,"column":null}}},"fnMap":{"0":{"name":"PageGuide","decl":{"start":{"line":224,"column":9},"end":{"line":224,"column":21}},"loc":{"start":{"line":224,"column":21},"end":{"line":312,"column":null}},"line":224},"1":{"name":"(anonymous_1)","decl":{"start":{"line":225,"column":15},"end":{"line":225,"column":24}},"loc":{"start":{"line":225,"column":33},"end":{"line":225,"column":43}},"line":225},"2":{"name":"(anonymous_2)","decl":{"start":{"line":226,"column":12},"end":{"line":226,"column":21}},"loc":{"start":{"line":226,"column":30},"end":{"line":226,"column":37}},"line":226},"3":{"name":"(anonymous_3)","decl":{"start":{"line":231,"column":2},"end":{"line":231,"column":18}},"loc":{"start":{"line":231,"column":18},"end":{"line":259,"column":5}},"line":231},"4":{"name":"(anonymous_4)","decl":{"start":{"line":233,"column":10},"end":{"line":233,"column":43}},"loc":{"start":{"line":233,"column":43},"end":{"line":253,"column":null}},"line":233},"5":{"name":"(anonymous_5)","decl":{"start":{"line":269,"column":8},"end":{"line":269,"column":23}},"loc":{"start":{"line":269,"column":23},"end":{"line":269,"column":null}},"line":269},"6":{"name":"(anonymous_6)","decl":{"start":{"line":290,"column":36},"end":{"line":290,"column":41}},"loc":{"start":{"line":291,"column":18},"end":{"line":299,"column":null}},"line":291},"7":{"name":"(anonymous_7)","decl":{"start":{"line":304,"column":50},"end":{"line":304,"column":65}},"loc":{"start":{"line":304,"column":65},"end":{"line":304,"column":null}},"line":304}},"branchMap":{"0":{"loc":{"start":{"line":236,"column":6},"end":{"line":236,"column":null}},"type":"if","locations":[{"start":{"line":236,"column":6},"end":{"line":236,"column":null}},{"start":{},"end":{}}],"line":236},"1":{"loc":{"start":{"line":240,"column":8},"end":{"line":248,"column":null}},"type":"if","locations":[{"start":{"line":240,"column":8},"end":{"line":248,"column":null}},{"start":{},"end":{}}],"line":240},"2":{"loc":{"start":{"line":247,"column":10},"end":{"line":247,"column":null}},"type":"if","locations":[{"start":{"line":247,"column":10},"end":{"line":247,"column":null}},{"start":{},"end":{}}],"line":247},"3":{"loc":{"start":{"line":261,"column":2},"end":{"line":261,"column":null}},"type":"if","locations":[{"start":{"line":261,"column":2},"end":{"line":261,"column":null}},{"start":{},"end":{}}],"line":261},"4":{"loc":{"start":{"line":268,"column":41},"end":{"line":268,"column":null}},"type":"cond-expr","locations":[{"start":{"line":268,"column":50},"end":{"line":268,"column":61}},{"start":{"line":268,"column":61},"end":{"line":268,"column":null}}],"line":268},"5":{"loc":{"start":{"line":272,"column":14},"end":{"line":272,"column":null}},"type":"cond-expr","locations":[{"start":{"line":272,"column":23},"end":{"line":272,"column":27}},{"start":{"line":272,"column":27},"end":{"line":272,"column":null}}],"line":272},"6":{"loc":{"start":{"line":277,"column":9},"end":{"line":308,"column":null}},"type":"cond-expr","locations":[{"start":{"line":277,"column":18},"end":{"line":308,"column":null}},{"start":{"line":308,"column":26},"end":{"line":308,"column":null}}],"line":277}},"s":{"0":0,"1":0,"2":0,"3":0,"4":0,"5":0,"6":0,"7":0,"8":0,"9":0,"10":0,"11":0,"12":0,"13":0,"14":0,"15":0,"16":0,"17":0,"18":0,"19":0,"20":0,"21":0,"22":0,"23":0,"24":0,"25":0,"26":0,"27":0,"28":0},"f":{"0":0,"1":0,"2":0,"3":0,"4":0,"5":0,"6":0,"7":0},"b":{"0":[0,0],"1":[0,0],"2":[0,0],"3":[0,0],"4":[0,0],"5":[0,0],"6":[0,0]},"meta":{"lastBranch":7,"lastFunction":8,"lastStatement":29,"seen":{"s:11:19:212:Infinity":0,"f:224:9:224:21":0,"s:225:8:225:Infinity":1,"f:225:15:225:24":1,"s:225:33:225:43":2,"s:226:8:226:Infinity":3,"f:226:12:226:21":2,"s:226:30:226:37":4,"s:227:8:227:Infinity":5,"s:228:17:228:Infinity":6,"s:229:23:229:Infinity":7,"s:231:2:259:Infinity":8,"f:231:2:231:18":3,"s:233:10:253:Infinity":9,"f:233:10:233:43":4,"s:234:21:234:Infinity":10,"b:236:6:236:Infinity:undefined:undefined:undefined:undefined":0,"s:236:6:236:Infinity":11,"s:236:37:236:Infinity":12,"s:239:6:249:Infinity":13,"b:240:8:248:Infinity:undefined:undefined:undefined:undefined":1,"s:240:8:248:Infinity":14,"s:242:31:244:Infinity":15,"s:245:24:245:Infinity":16,"b:247:10:247:Infinity:undefined:undefined:undefined:undefined":2,"s:247:10:247:Infinity":17,"s:247:45:247:Infinity":18,"s:252:6:252:Infinity":19,"s:255:18:255:Infinity":20,"s:256:4:256:Infinity":21,"s:258:4:258:Infinity":22,"b:261:2:261:Infinity:undefined:undefined:undefined:undefined":3,"s:261:2:261:Infinity":23,"s:261:21:261:Infinity":24,"s:263:2:310:Infinity":25,"b:268:50:268:61:268:61:268:Infinity":4,"f:269:8:269:23":5,"s:269:23:269:Infinity":26,"b:272:23:272:27:272:27:272:Infinity":5,"b:277:18:308:Infinity:308:26:308:Infinity":6,"f:290:36:290:41":6,"s:291:18:299:Infinity":27,"f:304:50:304:65":7,"s:304:65:304:Infinity":28}}}
,"E:\\FINAL-AAU-REDESIGN\\src\\components\\common\\PageHeader.tsx": {"path":"E:\\FINAL-AAU-REDESIGN\\src\\components\\common\\PageHeader.tsx","statementMap":{"0":{"start":{"line":41,"column":8},"end":{"line":41,"column":null}},"1":{"start":{"line":41,"column":30},"end":{"line":41,"column":37}},"2":{"start":{"line":42,"column":8},"end":{"line":42,"column":null}},"3":{"start":{"line":42,"column":43},"end":{"line":42,"column":63}},"4":{"start":{"line":44,"column":25},"end":{"line":44,"column":null}},"5":{"start":{"line":46,"column":2},"end":{"line":51,"column":null}},"6":{"start":{"line":47,"column":4},"end":{"line":47,"column":null}},"7":{"start":{"line":48,"column":4},"end":{"line":50,"column":null}},"8":{"start":{"line":49,"column":6},"end":{"line":49,"column":null}},"9":{"start":{"line":53,"column":22},"end":{"line":53,"column":null}},"10":{"start":{"line":55,"column":2},"end":{"line":114,"column":null}}},"fnMap":{"0":{"name":"PageHeader","decl":{"start":{"line":28,"column":24},"end":{"line":28,"column":35}},"loc":{"start":{"line":40,"column":20},"end":{"line":116,"column":null}},"line":40},"1":{"name":"(anonymous_1)","decl":{"start":{"line":41,"column":12},"end":{"line":41,"column":21}},"loc":{"start":{"line":41,"column":30},"end":{"line":41,"column":37}},"line":41},"2":{"name":"(anonymous_2)","decl":{"start":{"line":42,"column":25},"end":{"line":42,"column":34}},"loc":{"start":{"line":42,"column":43},"end":{"line":42,"column":63}},"line":42},"3":{"name":"(anonymous_3)","decl":{"start":{"line":46,"column":2},"end":{"line":46,"column":18}},"loc":{"start":{"line":46,"column":18},"end":{"line":51,"column":5}},"line":46},"4":{"name":"(anonymous_4)","decl":{"start":{"line":48,"column":4},"end":{"line":48,"column":17}},"loc":{"start":{"line":48,"column":17},"end":{"line":50,"column":null}},"line":48}},"branchMap":{"0":{"loc":{"start":{"line":32,"column":2},"end":{"line":32,"column":null}},"type":"default-arg","locations":[{"start":{"line":32,"column":9},"end":{"line":32,"column":null}}],"line":32},"1":{"loc":{"start":{"line":33,"column":2},"end":{"line":33,"column":null}},"type":"default-arg","locations":[{"start":{"line":33,"column":9},"end":{"line":33,"column":null}}],"line":33},"2":{"loc":{"start":{"line":35,"column":2},"end":{"line":35,"column":null}},"type":"default-arg","locations":[{"start":{"line":35,"column":17},"end":{"line":35,"column":null}}],"line":35},"3":{"loc":{"start":{"line":47,"column":19},"end":{"line":47,"column":74}},"type":"cond-expr","locations":[{"start":{"line":47,"column":36},"end":{"line":47,"column":65}},{"start":{"line":47,"column":65},"end":{"line":47,"column":74}}],"line":47},"4":{"loc":{"start":{"line":53,"column":22},"end":{"line":53,"column":null}},"type":"binary-expr","locations":[{"start":{"line":53,"column":22},"end":{"line":53,"column":31}},{"start":{"line":53,"column":31},"end":{"line":53,"column":null}}],"line":53},"5":{"loc":{"start":{"line":53,"column":33},"end":{"line":53,"column":46}},"type":"binary-expr","locations":[{"start":{"line":53,"column":33},"end":{"line":53,"column":44}},{"start":{"line":53,"column":44},"end":{"line":53,"column":46}}],"line":53},"6":{"loc":{"start":{"line":61,"column":10},"end":{"line":61,"column":null}},"type":"cond-expr","locations":[{"start":{"line":61,"column":17},"end":{"line":61,"column":39}},{"start":{"line":61,"column":39},"end":{"line":61,"column":null}}],"line":61},"7":{"loc":{"start":{"line":75,"column":7},"end":{"line":75,"column":null}},"type":"binary-expr","locations":[{"start":{"line":75,"column":7},"end":{"line":75,"column":15}},{"start":{"line":75,"column":15},"end":{"line":75,"column":null}}],"line":75},"8":{"loc":{"start":{"line":75,"column":38},"end":{"line":75,"column":72}},"type":"binary-expr","locations":[{"start":{"line":75,"column":38},"end":{"line":75,"column":49}},{"start":{"line":75,"column":49},"end":{"line":75,"column":72}}],"line":75},"9":{"loc":{"start":{"line":90,"column":13},"end":{"line":93,"column":null}},"type":"binary-expr","locations":[{"start":{"line":90,"column":13},"end":{"line":90,"column":null}},{"start":{"line":91,"column":14},"end":{"line":93,"column":null}}],"line":90},"10":{"loc":{"start":{"line":96,"column":11},"end":{"line":112,"column":null}},"type":"binary-expr","locations":[{"start":{"line":96,"column":11},"end":{"line":96,"column":null}},{"start":{"line":97,"column":12},"end":{"line":112,"column":null}}],"line":96}},"s":{"0":0,"1":0,"2":0,"3":0,"4":0,"5":0,"6":0,"7":0,"8":0,"9":0,"10":0},"f":{"0":0,"1":0,"2":0,"3":0,"4":0},"b":{"0":[0],"1":[0],"2":[0],"3":[0,0],"4":[0,0],"5":[0,0],"6":[0,0],"7":[0,0],"8":[0,0],"9":[0,0],"10":[0,0]},"meta":{"lastBranch":11,"lastFunction":5,"lastStatement":11,"seen":{"f:28:24:28:35":0,"b:32:9:32:Infinity":0,"b:33:9:33:Infinity":1,"b:35:17:35:Infinity":2,"s:41:8:41:Infinity":0,"f:41:12:41:21":1,"s:41:30:41:37":1,"s:42:8:42:Infinity":2,"f:42:25:42:34":2,"s:42:43:42:63":3,"s:44:25:44:Infinity":4,"s:46:2:51:Infinity":5,"f:46:2:46:18":3,"s:47:4:47:Infinity":6,"b:47:36:47:65:47:65:47:74":3,"s:48:4:50:Infinity":7,"f:48:4:48:17":4,"s:49:6:49:Infinity":8,"s:53:22:53:Infinity":9,"b:53:22:53:31:53:31:53:Infinity":4,"b:53:33:53:44:53:44:53:46":5,"s:55:2:114:Infinity":10,"b:61:17:61:39:61:39:61:Infinity":6,"b:75:7:75:15:75:15:75:Infinity":7,"b:75:38:75:49:75:49:75:72":8,"b:90:13:90:Infinity:91:14:93:Infinity":9,"b:96:11:96:Infinity:97:12:112:Infinity":10}}}
,"E:\\FINAL-AAU-REDESIGN\\src\\components\\common\\WavesBackground.tsx": {"path":"E:\\FINAL-AAU-REDESIGN\\src\\components\\common\\WavesBackground.tsx","statementMap":{"0":{"start":{"line":8,"column":2},"end":{"line":14,"column":null}}},"fnMap":{"0":{"name":"WavesBackground","decl":{"start":{"line":7,"column":24},"end":{"line":7,"column":40}},"loc":{"start":{"line":7,"column":72},"end":{"line":16,"column":null}},"line":7}},"branchMap":{},"s":{"0":0},"f":{"0":0},"b":{},"meta":{"lastBranch":0,"lastFunction":1,"lastStatement":1,"seen":{"f:7:24:7:40":0,"s:8:2:14:Infinity":0}}}
,"E:\\FINAL-AAU-REDESIGN\\src\\components\\layout\\DashboardLayout.tsx": {"path":"E:\\FINAL-AAU-REDESIGN\\src\\components\\layout\\DashboardLayout.tsx","statementMap":{"0":{"start":{"line":18,"column":43},"end":{"line":18,"column":null}},"1":{"start":{"line":20,"column":2},"end":{"line":51,"column":null}},"2":{"start":{"line":27,"column":29},"end":{"line":27,"column":38}},"3":{"start":{"line":28,"column":10},"end":{"line":48,"column":null}},"4":{"start":{"line":36,"column":32},"end":{"line":36,"column":null}},"5":{"start":{"line":38,"column":31},"end":{"line":38,"column":null}},"6":{"start":{"line":40,"column":14},"end":{"line":44,"column":null}},"7":{"start":{"line":41,"column":16},"end":{"line":41,"column":null}},"8":{"start":{"line":56,"column":2},"end":{"line":59,"column":null}}},"fnMap":{"0":{"name":"DashboardLayout","decl":{"start":{"line":17,"column":24},"end":{"line":17,"column":40}},"loc":{"start":{"line":17,"column":98},"end":{"line":53,"column":null}},"line":17},"1":{"name":"(anonymous_1)","decl":{"start":{"line":27,"column":17},"end":{"line":27,"column":24}},"loc":{"start":{"line":27,"column":29},"end":{"line":27,"column":38}},"line":27},"2":{"name":"(anonymous_2)","decl":{"start":{"line":27,"column":40},"end":{"line":27,"column":45}},"loc":{"start":{"line":28,"column":10},"end":{"line":48,"column":null}},"line":28},"3":{"name":"(anonymous_3)","decl":{"start":{"line":36,"column":12},"end":{"line":36,"column":26}},"loc":{"start":{"line":36,"column":32},"end":{"line":36,"column":null}},"line":36},"4":{"name":"(anonymous_4)","decl":{"start":{"line":38,"column":12},"end":{"line":38,"column":25}},"loc":{"start":{"line":38,"column":31},"end":{"line":38,"column":null}},"line":38},"5":{"name":"(anonymous_5)","decl":{"start":{"line":39,"column":12},"end":{"line":39,"column":24}},"loc":{"start":{"line":39,"column":30},"end":{"line":45,"column":null}},"line":39},"6":{"name":"WidgetPlaceholder","decl":{"start":{"line":55,"column":9},"end":{"line":55,"column":27}},"loc":{"start":{"line":55,"column":63},"end":{"line":61,"column":null}},"line":55}},"branchMap":{"0":{"loc":{"start":{"line":18,"column":72},"end":{"line":18,"column":105}},"type":"binary-expr","locations":[{"start":{"line":18,"column":72},"end":{"line":18,"column":90}},{"start":{"line":18,"column":90},"end":{"line":18,"column":105}}],"line":18},"1":{"loc":{"start":{"line":40,"column":14},"end":{"line":44,"column":null}},"type":"if","locations":[{"start":{"line":40,"column":14},"end":{"line":44,"column":null}},{"start":{},"end":{}}],"line":40},"2":{"loc":{"start":{"line":40,"column":18},"end":{"line":40,"column":54}},"type":"binary-expr","locations":[{"start":{"line":40,"column":18},"end":{"line":40,"column":39}},{"start":{"line":40,"column":39},"end":{"line":40,"column":54}}],"line":40},"3":{"loc":{"start":{"line":47,"column":13},"end":{"line":47,"column":null}},"type":"cond-expr","locations":[{"start":{"line":47,"column":31},"end":{"line":47,"column":68}},{"start":{"line":47,"column":68},"end":{"line":47,"column":null}}],"line":47}},"s":{"0":0,"1":0,"2":0,"3":0,"4":0,"5":0,"6":0,"7":0,"8":0},"f":{"0":0,"1":0,"2":0,"3":0,"4":0,"5":0,"6":0},"b":{"0":[0,0],"1":[0,0],"2":[0,0],"3":[0,0]},"meta":{"lastBranch":4,"lastFunction":7,"lastStatement":9,"seen":{"f:17:24:17:40":0,"s:18:43:18:Infinity":0,"b:18:72:18:90:18:90:18:105":0,"s:20:2:51:Infinity":1,"f:27:17:27:24":1,"s:27:29:27:38":2,"f:27:40:27:45":2,"s:28:10:48:Infinity":3,"f:36:12:36:26":3,"s:36:32:36:Infinity":4,"f:38:12:38:25":4,"s:38:31:38:Infinity":5,"f:39:12:39:24":5,"b:40:14:44:Infinity:undefined:undefined:undefined:undefined":1,"s:40:14:44:Infinity":6,"b:40:18:40:39:40:39:40:54":2,"s:41:16:41:Infinity":7,"b:47:31:47:68:47:68:47:Infinity":3,"f:55:9:55:27":6,"s:56:2:59:Infinity":8}}}
,"E:\\FINAL-AAU-REDESIGN\\src\\components\\layout\\DynamicWaveBackground.tsx": {"path":"E:\\FINAL-AAU-REDESIGN\\src\\components\\layout\\DynamicWaveBackground.tsx","statementMap":{"0":{"start":{"line":6,"column":17},"end":{"line":15,"column":null}},"1":{"start":{"line":18,"column":8},"end":{"line":18,"column":null}},"2":{"start":{"line":19,"column":8},"end":{"line":19,"column":null}},"3":{"start":{"line":19,"column":39},"end":{"line":19,"column":55}},"4":{"start":{"line":20,"column":19},"end":{"line":20,"column":null}},"5":{"start":{"line":21,"column":20},"end":{"line":21,"column":null}},"6":{"start":{"line":22,"column":26},"end":{"line":22,"column":null}},"7":{"start":{"line":24,"column":8},"end":{"line":38,"column":null}},"8":{"start":{"line":25,"column":17},"end":{"line":25,"column":null}},"9":{"start":{"line":26,"column":16},"end":{"line":26,"column":null}},"10":{"start":{"line":28,"column":4},"end":{"line":28,"column":null}},"11":{"start":{"line":28,"column":19},"end":{"line":28,"column":null}},"12":{"start":{"line":30,"column":24},"end":{"line":33,"column":null}},"13":{"start":{"line":31,"column":21},"end":{"line":31,"column":53}},"14":{"start":{"line":32,"column":22},"end":{"line":32,"column":41}},"15":{"start":{"line":33,"column":19},"end":{"line":33,"column":39}},"16":{"start":{"line":34,"column":4},"end":{"line":34,"column":null}},"17":{"start":{"line":34,"column":21},"end":{"line":34,"column":null}},"18":{"start":{"line":36,"column":27},"end":{"line":36,"column":null}},"19":{"start":{"line":37,"column":4},"end":{"line":37,"column":null}},"20":{"start":{"line":40,"column":20},"end":{"line":42,"column":null}},"21":{"start":{"line":44,"column":2},"end":{"line":64,"column":null}},"22":{"start":{"line":45,"column":4},"end":{"line":45,"column":null}},"23":{"start":{"line":45,"column":33},"end":{"line":45,"column":null}},"24":{"start":{"line":47,"column":4},"end":{"line":47,"column":null}},"25":{"start":{"line":48,"column":16},"end":{"line":48,"column":null}},"26":{"start":{"line":49,"column":4},"end":{"line":53,"column":null}},"27":{"start":{"line":50,"column":6},"end":{"line":50,"column":null}},"28":{"start":{"line":51,"column":6},"end":{"line":51,"column":null}},"29":{"start":{"line":52,"column":6},"end":{"line":52,"column":null}},"30":{"start":{"line":54,"column":4},"end":{"line":57,"column":null}},"31":{"start":{"line":55,"column":6},"end":{"line":55,"column":null}},"32":{"start":{"line":56,"column":6},"end":{"line":56,"column":null}},"33":{"start":{"line":58,"column":4},"end":{"line":58,"column":null}},"34":{"start":{"line":60,"column":4},"end":{"line":63,"column":null}},"35":{"start":{"line":61,"column":6},"end":{"line":61,"column":null}},"36":{"start":{"line":62,"column":6},"end":{"line":62,"column":null}},"37":{"start":{"line":66,"column":2},"end":{"line":66,"column":null}},"38":{"start":{"line":66,"column":16},"end":{"line":66,"column":null}},"39":{"start":{"line":71,"column":2},"end":{"line":81,"column":null}}},"fnMap":{"0":{"name":"DynamicWaveBackground","decl":{"start":{"line":17,"column":24},"end":{"line":17,"column":48}},"loc":{"start":{"line":17,"column":48},"end":{"line":83,"column":null}},"line":17},"1":{"name":"(anonymous_1)","decl":{"start":{"line":19,"column":21},"end":{"line":19,"column":30}},"loc":{"start":{"line":19,"column":39},"end":{"line":19,"column":55}},"line":19},"2":{"name":"(anonymous_2)","decl":{"start":{"line":24,"column":17},"end":{"line":24,"column":31}},"loc":{"start":{"line":24,"column":31},"end":{"line":38,"column":5}},"line":24},"3":{"name":"(anonymous_3)","decl":{"start":{"line":31,"column":7},"end":{"line":31,"column":14}},"loc":{"start":{"line":31,"column":21},"end":{"line":31,"column":53}},"line":31},"4":{"name":"(anonymous_4)","decl":{"start":{"line":32,"column":7},"end":{"line":32,"column":13}},"loc":{"start":{"line":32,"column":22},"end":{"line":32,"column":41}},"line":32},"5":{"name":"(anonymous_5)","decl":{"start":{"line":33,"column":7},"end":{"line":33,"column":12}},"loc":{"start":{"line":33,"column":19},"end":{"line":33,"column":39}},"line":33},"6":{"name":"(anonymous_6)","decl":{"start":{"line":44,"column":2},"end":{"line":44,"column":18}},"loc":{"start":{"line":44,"column":18},"end":{"line":64,"column":5}},"line":44},"7":{"name":"(anonymous_7)","decl":{"start":{"line":49,"column":8},"end":{"line":49,"column":23}},"loc":{"start":{"line":49,"column":23},"end":{"line":53,"column":null}},"line":49},"8":{"name":"(anonymous_8)","decl":{"start":{"line":54,"column":8},"end":{"line":54,"column":24}},"loc":{"start":{"line":54,"column":24},"end":{"line":57,"column":null}},"line":54},"9":{"name":"(anonymous_9)","decl":{"start":{"line":60,"column":4},"end":{"line":60,"column":17}},"loc":{"start":{"line":60,"column":17},"end":{"line":63,"column":null}},"line":60}},"branchMap":{"0":{"loc":{"start":{"line":28,"column":4},"end":{"line":28,"column":null}},"type":"if","locations":[{"start":{"line":28,"column":4},"end":{"line":28,"column":null}},{"start":{},"end":{}}],"line":28},"1":{"loc":{"start":{"line":31,"column":21},"end":{"line":31,"column":53}},"type":"binary-expr","locations":[{"start":{"line":31,"column":21},"end":{"line":31,"column":42}},{"start":{"line":31,"column":42},"end":{"line":31,"column":53}}],"line":31},"2":{"loc":{"start":{"line":34,"column":4},"end":{"line":34,"column":null}},"type":"if","locations":[{"start":{"line":34,"column":4},"end":{"line":34,"column":null}},{"start":{},"end":{}}],"line":34},"3":{"loc":{"start":{"line":40,"column":20},"end":{"line":42,"column":null}},"type":"cond-expr","locations":[{"start":{"line":41,"column":6},"end":{"line":41,"column":null}},{"start":{"line":42,"column":6},"end":{"line":42,"column":null}}],"line":40},"4":{"loc":{"start":{"line":45,"column":4},"end":{"line":45,"column":null}},"type":"if","locations":[{"start":{"line":45,"column":4},"end":{"line":45,"column":null}},{"start":{},"end":{}}],"line":45},"5":{"loc":{"start":{"line":66,"column":2},"end":{"line":66,"column":null}},"type":"if","locations":[{"start":{"line":66,"column":2},"end":{"line":66,"column":null}},{"start":{},"end":{}}],"line":66},"6":{"loc":{"start":{"line":75,"column":32},"end":{"line":75,"column":55}},"type":"binary-expr","locations":[{"start":{"line":75,"column":32},"end":{"line":75,"column":45}},{"start":{"line":75,"column":45},"end":{"line":75,"column":55}}],"line":75}},"s":{"0":0,"1":0,"2":0,"3":0,"4":0,"5":0,"6":0,"7":0,"8":0,"9":0,"10":0,"11":0,"12":0,"13":0,"14":0,"15":0,"16":0,"17":0,"18":0,"19":0,"20":0,"21":0,"22":0,"23":0,"24":0,"25":0,"26":0,"27":0,"28":0,"29":0,"30":0,"31":0,"32":0,"33":0,"34":0,"35":0,"36":0,"37":0,"38":0,"39":0},"f":{"0":0,"1":0,"2":0,"3":0,"4":0,"5":0,"6":0,"7":0,"8":0,"9":0},"b":{"0":[0,0],"1":[0,0],"2":[0,0],"3":[0,0],"4":[0,0],"5":[0,0],"6":[0,0]},"meta":{"lastBranch":7,"lastFunction":10,"lastStatement":40,"seen":{"s:6:17:15:Infinity":0,"f:17:24:17:48":0,"s:18:8:18:Infinity":1,"s:19:8:19:Infinity":2,"f:19:21:19:30":1,"s:19:39:19:55":3,"s:20:19:20:Infinity":4,"s:21:20:21:Infinity":5,"s:22:26:22:Infinity":6,"s:24:8:38:Infinity":7,"f:24:17:24:31":2,"s:25:17:25:Infinity":8,"s:26:16:26:Infinity":9,"b:28:4:28:Infinity:undefined:undefined:undefined:undefined":0,"s:28:4:28:Infinity":10,"s:28:19:28:Infinity":11,"s:30:24:33:Infinity":12,"f:31:7:31:14":3,"s:31:21:31:53":13,"b:31:21:31:42:31:42:31:53":1,"f:32:7:32:13":4,"s:32:22:32:41":14,"f:33:7:33:12":5,"s:33:19:33:39":15,"b:34:4:34:Infinity:undefined:undefined:undefined:undefined":2,"s:34:4:34:Infinity":16,"s:34:21:34:Infinity":17,"s:36:27:36:Infinity":18,"s:37:4:37:Infinity":19,"s:40:20:42:Infinity":20,"b:41:6:41:Infinity:42:6:42:Infinity":3,"s:44:2:64:Infinity":21,"f:44:2:44:18":6,"b:45:4:45:Infinity:undefined:undefined:undefined:undefined":4,"s:45:4:45:Infinity":22,"s:45:33:45:Infinity":23,"s:47:4:47:Infinity":24,"s:48:16:48:Infinity":25,"s:49:4:53:Infinity":26,"f:49:8:49:23":7,"s:50:6:50:Infinity":27,"s:51:6:51:Infinity":28,"s:52:6:52:Infinity":29,"s:54:4:57:Infinity":30,"f:54:8:54:24":8,"s:55:6:55:Infinity":31,"s:56:6:56:Infinity":32,"s:58:4:58:Infinity":33,"s:60:4:63:Infinity":34,"f:60:4:60:17":9,"s:61:6:61:Infinity":35,"s:62:6:62:Infinity":36,"b:66:2:66:Infinity:undefined:undefined:undefined:undefined":5,"s:66:2:66:Infinity":37,"s:66:16:66:Infinity":38,"s:71:2:81:Infinity":39,"b:75:32:75:45:75:45:75:55":6}}}
,"E:\\FINAL-AAU-REDESIGN\\src\\components\\layout\\Footer.tsx": {"path":"E:\\FINAL-AAU-REDESIGN\\src\\components\\layout\\Footer.tsx","statementMap":{"0":{"start":{"line":7,"column":8},"end":{"line":7,"column":null}},"1":{"start":{"line":7,"column":30},"end":{"line":7,"column":37}},"2":{"start":{"line":8,"column":2},"end":{"line":56,"column":null}},"3":{"start":{"line":39,"column":32},"end":{"line":39,"column":null}}},"fnMap":{"0":{"name":"Footer","decl":{"start":{"line":6,"column":9},"end":{"line":6,"column":18}},"loc":{"start":{"line":6,"column":18},"end":{"line":58,"column":null}},"line":6},"1":{"name":"(anonymous_1)","decl":{"start":{"line":7,"column":12},"end":{"line":7,"column":21}},"loc":{"start":{"line":7,"column":30},"end":{"line":7,"column":37}},"line":7},"2":{"name":"(anonymous_2)","decl":{"start":{"line":39,"column":16},"end":{"line":39,"column":26}},"loc":{"start":{"line":39,"column":32},"end":{"line":39,"column":null}},"line":39}},"branchMap":{},"s":{"0":0,"1":0,"2":0,"3":0},"f":{"0":0,"1":0,"2":0},"b":{},"meta":{"lastBranch":0,"lastFunction":3,"lastStatement":4,"seen":{"f:6:9:6:18":0,"s:7:8:7:Infinity":0,"f:7:12:7:21":1,"s:7:30:7:37":1,"s:8:2:56:Infinity":2,"f:39:16:39:26":2,"s:39:32:39:Infinity":3}}}
,"E:\\FINAL-AAU-REDESIGN\\src\\components\\layout\\Layout.tsx": {"path":"E:\\FINAL-AAU-REDESIGN\\src\\components\\layout\\Layout.tsx","statementMap":{"0":{"start":{"line":11,"column":8},"end":{"line":11,"column":null}},"1":{"start":{"line":11,"column":42},"end":{"line":11,"column":59}},"2":{"start":{"line":12,"column":8},"end":{"line":12,"column":null}},"3":{"start":{"line":12,"column":39},"end":{"line":12,"column":53}},"4":{"start":{"line":13,"column":8},"end":{"line":13,"column":null}},"5":{"start":{"line":13,"column":43},"end":{"line":13,"column":61}},"6":{"start":{"line":14,"column":8},"end":{"line":14,"column":null}},"7":{"start":{"line":14,"column":32},"end":{"line":14,"column":39}},"8":{"start":{"line":15,"column":8},"end":{"line":15,"column":null}},"9":{"start":{"line":15,"column":36},"end":{"line":15,"column":46}},"10":{"start":{"line":16,"column":2},"end":{"line":16,"column":null}},"11":{"start":{"line":17,"column":8},"end":{"line":17,"column":null}},"12":{"start":{"line":18,"column":21},"end":{"line":18,"column":null}},"13":{"start":{"line":19,"column":8},"end":{"line":19,"column":null}},"14":{"start":{"line":20,"column":8},"end":{"line":20,"column":null}},"15":{"start":{"line":22,"column":2},"end":{"line":52,"column":null}},"16":{"start":{"line":23,"column":4},"end":{"line":27,"column":null}},"17":{"start":{"line":24,"column":6},"end":{"line":24,"column":null}},"18":{"start":{"line":25,"column":6},"end":{"line":25,"column":null}},"19":{"start":{"line":26,"column":6},"end":{"line":26,"column":null}},"20":{"start":{"line":29,"column":4},"end":{"line":45,"column":null}},"21":{"start":{"line":30,"column":6},"end":{"line":30,"column":null}},"22":{"start":{"line":31,"column":6},"end":{"line":31,"column":null}},"23":{"start":{"line":37,"column":6},"end":{"line":37,"column":null}},"24":{"start":{"line":38,"column":6},"end":{"line":38,"column":null}},"25":{"start":{"line":39,"column":6},"end":{"line":44,"column":null}},"26":{"start":{"line":46,"column":4},"end":{"line":46,"column":null}},"27":{"start":{"line":48,"column":4},"end":{"line":51,"column":null}},"28":{"start":{"line":49,"column":6},"end":{"line":49,"column":null}},"29":{"start":{"line":50,"column":6},"end":{"line":50,"column":null}},"30":{"start":{"line":54,"column":2},"end":{"line":56,"column":null}},"31":{"start":{"line":55,"column":4},"end":{"line":55,"column":null}},"32":{"start":{"line":58,"column":2},"end":{"line":79,"column":null}}},"fnMap":{"0":{"name":"Layout","decl":{"start":{"line":10,"column":9},"end":{"line":10,"column":18}},"loc":{"start":{"line":10,"column":18},"end":{"line":81,"column":null}},"line":10},"1":{"name":"(anonymous_1)","decl":{"start":{"line":11,"column":22},"end":{"line":11,"column":32}},"loc":{"start":{"line":11,"column":42},"end":{"line":11,"column":59}},"line":11},"2":{"name":"(anonymous_2)","decl":{"start":{"line":12,"column":19},"end":{"line":12,"column":29}},"loc":{"start":{"line":12,"column":39},"end":{"line":12,"column":53}},"line":12},"3":{"name":"(anonymous_3)","decl":{"start":{"line":13,"column":23},"end":{"line":13,"column":33}},"loc":{"start":{"line":13,"column":43},"end":{"line":13,"column":61}},"line":13},"4":{"name":"(anonymous_4)","decl":{"start":{"line":14,"column":12},"end":{"line":14,"column":22}},"loc":{"start":{"line":14,"column":32},"end":{"line":14,"column":39}},"line":14},"5":{"name":"(anonymous_5)","decl":{"start":{"line":15,"column":16},"end":{"line":15,"column":26}},"loc":{"start":{"line":15,"column":36},"end":{"line":15,"column":46}},"line":15},"6":{"name":"(anonymous_6)","decl":{"start":{"line":22,"column":2},"end":{"line":22,"column":18}},"loc":{"start":{"line":22,"column":18},"end":{"line":52,"column":5}},"line":22},"7":{"name":"(anonymous_7)","decl":{"start":{"line":48,"column":4},"end":{"line":48,"column":17}},"loc":{"start":{"line":48,"column":17},"end":{"line":51,"column":null}},"line":48},"8":{"name":"(anonymous_8)","decl":{"start":{"line":54,"column":2},"end":{"line":54,"column":18}},"loc":{"start":{"line":54,"column":18},"end":{"line":56,"column":5}},"line":54}},"branchMap":{"0":{"loc":{"start":{"line":23,"column":4},"end":{"line":27,"column":null}},"type":"if","locations":[{"start":{"line":23,"column":4},"end":{"line":27,"column":null}},{"start":{},"end":{}}],"line":23},"1":{"loc":{"start":{"line":29,"column":4},"end":{"line":45,"column":null}},"type":"if","locations":[{"start":{"line":29,"column":4},"end":{"line":45,"column":null}},{"start":{"line":36,"column":11},"end":{"line":45,"column":null}}],"line":29},"2":{"loc":{"start":{"line":39,"column":6},"end":{"line":44,"column":null}},"type":"if","locations":[{"start":{"line":39,"column":6},"end":{"line":44,"column":null}},{"start":{},"end":{}}],"line":39},"3":{"loc":{"start":{"line":59,"column":57},"end":{"line":59,"column":null}},"type":"cond-expr","locations":[{"start":{"line":59,"column":71},"end":{"line":59,"column":93}},{"start":{"line":59,"column":93},"end":{"line":59,"column":null}}],"line":59},"4":{"loc":{"start":{"line":76,"column":9},"end":{"line":77,"column":null}},"type":"binary-expr","locations":[{"start":{"line":76,"column":9},"end":{"line":76,"column":24}},{"start":{"line":76,"column":24},"end":{"line":77,"column":null}}],"line":76}},"s":{"0":0,"1":0,"2":0,"3":0,"4":0,"5":0,"6":0,"7":0,"8":0,"9":0,"10":0,"11":0,"12":0,"13":0,"14":0,"15":0,"16":0,"17":0,"18":0,"19":0,"20":0,"21":0,"22":0,"23":0,"24":0,"25":0,"26":0,"27":0,"28":0,"29":0,"30":0,"31":0,"32":0},"f":{"0":0,"1":0,"2":0,"3":0,"4":0,"5":0,"6":0,"7":0,"8":0},"b":{"0":[0,0],"1":[0,0],"2":[0,0],"3":[0,0],"4":[0,0]},"meta":{"lastBranch":5,"lastFunction":9,"lastStatement":33,"seen":{"f:10:9:10:18":0,"s:11:8:11:Infinity":0,"f:11:22:11:32":1,"s:11:42:11:59":1,"s:12:8:12:Infinity":2,"f:12:19:12:29":2,"s:12:39:12:53":3,"s:13:8:13:Infinity":4,"f:13:23:13:33":3,"s:13:43:13:61":5,"s:14:8:14:Infinity":6,"f:14:12:14:22":4,"s:14:32:14:39":7,"s:15:8:15:Infinity":8,"f:15:16:15:26":5,"s:15:36:15:46":9,"s:16:2:16:Infinity":10,"s:17:8:17:Infinity":11,"s:18:21:18:Infinity":12,"s:19:8:19:Infinity":13,"s:20:8:20:Infinity":14,"s:22:2:52:Infinity":15,"f:22:2:22:18":6,"b:23:4:27:Infinity:undefined:undefined:undefined:undefined":0,"s:23:4:27:Infinity":16,"s:24:6:24:Infinity":17,"s:25:6:25:Infinity":18,"s:26:6:26:Infinity":19,"b:29:4:45:Infinity:36:11:45:Infinity":1,"s:29:4:45:Infinity":20,"s:30:6:30:Infinity":21,"s:31:6:31:Infinity":22,"s:37:6:37:Infinity":23,"s:38:6:38:Infinity":24,"b:39:6:44:Infinity:undefined:undefined:undefined:undefined":2,"s:39:6:44:Infinity":25,"s:46:4:46:Infinity":26,"s:48:4:51:Infinity":27,"f:48:4:48:17":7,"s:49:6:49:Infinity":28,"s:50:6:50:Infinity":29,"s:54:2:56:Infinity":30,"f:54:2:54:18":8,"s:55:4:55:Infinity":31,"s:58:2:79:Infinity":32,"b:59:71:59:93:59:93:59:Infinity":3,"b:76:9:76:24:76:24:77:Infinity":4}}}
,"E:\\FINAL-AAU-REDESIGN\\src\\components\\layout\\MessagesDropdown.tsx": {"path":"E:\\FINAL-AAU-REDESIGN\\src\\components\\layout\\MessagesDropdown.tsx","statementMap":{"0":{"start":{"line":13,"column":8},"end":{"line":13,"column":null}},"1":{"start":{"line":14,"column":8},"end":{"line":14,"column":null}},"2":{"start":{"line":14,"column":32},"end":{"line":14,"column":39}},"3":{"start":{"line":15,"column":8},"end":{"line":15,"column":null}},"4":{"start":{"line":15,"column":35},"end":{"line":15,"column":45}},"5":{"start":{"line":16,"column":8},"end":{"line":16,"column":null}},"6":{"start":{"line":16,"column":43},"end":{"line":16,"column":61}},"7":{"start":{"line":18,"column":17},"end":{"line":18,"column":null}},"8":{"start":{"line":19,"column":8},"end":{"line":19,"column":null}},"9":{"start":{"line":21,"column":8},"end":{"line":21,"column":null}},"10":{"start":{"line":21,"column":34},"end":{"line":21,"column":52}},"11":{"start":{"line":23,"column":2},"end":{"line":36,"column":null}},"12":{"start":{"line":24,"column":10},"end":{"line":26,"column":null}},"13":{"start":{"line":25,"column":6},"end":{"line":25,"column":null}},"14":{"start":{"line":25,"column":82},"end":{"line":25,"column":null}},"15":{"start":{"line":27,"column":10},"end":{"line":29,"column":null}},"16":{"start":{"line":28,"column":6},"end":{"line":28,"column":null}},"17":{"start":{"line":28,"column":30},"end":{"line":28,"column":null}},"18":{"start":{"line":30,"column":4},"end":{"line":30,"column":null}},"19":{"start":{"line":31,"column":4},"end":{"line":31,"column":null}},"20":{"start":{"line":32,"column":4},"end":{"line":35,"column":null}},"21":{"start":{"line":33,"column":6},"end":{"line":33,"column":null}},"22":{"start":{"line":34,"column":6},"end":{"line":34,"column":null}},"23":{"start":{"line":38,"column":2},"end":{"line":133,"column":null}},"24":{"start":{"line":49,"column":23},"end":{"line":49,"column":null}},"25":{"start":{"line":49,"column":41},"end":{"line":49,"column":46}},"26":{"start":{"line":80,"column":18},"end":{"line":80,"column":null}},"27":{"start":{"line":81,"column":18},"end":{"line":81,"column":null}},"28":{"start":{"line":90,"column":16},"end":{"line":127,"column":null}},"29":{"start":{"line":94,"column":22},"end":{"line":94,"column":null}},"30":{"start":{"line":95,"column":22},"end":{"line":95,"column":null}}},"fnMap":{"0":{"name":"MessagesDropdown","decl":{"start":{"line":12,"column":24},"end":{"line":12,"column":43}},"loc":{"start":{"line":12,"column":43},"end":{"line":135,"column":null}},"line":12},"1":{"name":"(anonymous_1)","decl":{"start":{"line":14,"column":12},"end":{"line":14,"column":22}},"loc":{"start":{"line":14,"column":32},"end":{"line":14,"column":39}},"line":14},"2":{"name":"(anonymous_2)","decl":{"start":{"line":15,"column":15},"end":{"line":15,"column":25}},"loc":{"start":{"line":15,"column":35},"end":{"line":15,"column":45}},"line":15},"3":{"name":"(anonymous_3)","decl":{"start":{"line":16,"column":23},"end":{"line":16,"column":33}},"loc":{"start":{"line":16,"column":43},"end":{"line":16,"column":61}},"line":16},"4":{"name":"(anonymous_4)","decl":{"start":{"line":21,"column":16},"end":{"line":21,"column":34}},"loc":{"start":{"line":21,"column":34},"end":{"line":21,"column":52}},"line":21},"5":{"name":"(anonymous_5)","decl":{"start":{"line":23,"column":2},"end":{"line":23,"column":18}},"loc":{"start":{"line":23,"column":18},"end":{"line":36,"column":5}},"line":23},"6":{"name":"(anonymous_6)","decl":{"start":{"line":24,"column":10},"end":{"line":24,"column":32}},"loc":{"start":{"line":24,"column":50},"end":{"line":26,"column":null}},"line":24},"7":{"name":"(anonymous_7)","decl":{"start":{"line":27,"column":10},"end":{"line":27,"column":27}},"loc":{"start":{"line":27,"column":48},"end":{"line":29,"column":null}},"line":27},"8":{"name":"(anonymous_8)","decl":{"start":{"line":32,"column":4},"end":{"line":32,"column":17}},"loc":{"start":{"line":32,"column":17},"end":{"line":35,"column":null}},"line":32},"9":{"name":"(anonymous_9)","decl":{"start":{"line":49,"column":8},"end":{"line":49,"column":23}},"loc":{"start":{"line":49,"column":23},"end":{"line":49,"column":null}},"line":49},"10":{"name":"(anonymous_10)","decl":{"start":{"line":49,"column":23},"end":{"line":49,"column":33}},"loc":{"start":{"line":49,"column":41},"end":{"line":49,"column":46}},"line":49},"11":{"name":"(anonymous_11)","decl":{"start":{"line":79,"column":16},"end":{"line":79,"column":31}},"loc":{"start":{"line":79,"column":31},"end":{"line":82,"column":null}},"line":79},"12":{"name":"(anonymous_12)","decl":{"start":{"line":89,"column":28},"end":{"line":89,"column":33}},"loc":{"start":{"line":90,"column":16},"end":{"line":127,"column":null}},"line":90},"13":{"name":"(anonymous_13)","decl":{"start":{"line":93,"column":20},"end":{"line":93,"column":35}},"loc":{"start":{"line":93,"column":35},"end":{"line":96,"column":null}},"line":93}},"branchMap":{"0":{"loc":{"start":{"line":25,"column":6},"end":{"line":25,"column":null}},"type":"if","locations":[{"start":{"line":25,"column":6},"end":{"line":25,"column":null}},{"start":{},"end":{}}],"line":25},"1":{"loc":{"start":{"line":25,"column":10},"end":{"line":25,"column":82}},"type":"binary-expr","locations":[{"start":{"line":25,"column":10},"end":{"line":25,"column":33}},{"start":{"line":25,"column":33},"end":{"line":25,"column":82}}],"line":25},"2":{"loc":{"start":{"line":28,"column":6},"end":{"line":28,"column":null}},"type":"if","locations":[{"start":{"line":28,"column":6},"end":{"line":28,"column":null}},{"start":{},"end":{}}],"line":28},"3":{"loc":{"start":{"line":45,"column":10},"end":{"line":47,"column":null}},"type":"cond-expr","locations":[{"start":{"line":46,"column":14},"end":{"line":46,"column":null}},{"start":{"line":47,"column":14},"end":{"line":47,"column":null}}],"line":45},"4":{"loc":{"start":{"line":57,"column":7},"end":{"line":60,"column":null}},"type":"binary-expr","locations":[{"start":{"line":57,"column":7},"end":{"line":57,"column":null}},{"start":{"line":58,"column":8},"end":{"line":60,"column":null}}],"line":57},"5":{"loc":{"start":{"line":64,"column":9},"end":{"line":132,"column":null}},"type":"binary-expr","locations":[{"start":{"line":64,"column":9},"end":{"line":64,"column":null}},{"start":{"line":65,"column":10},"end":{"line":132,"column":null}}],"line":64},"6":{"loc":{"start":{"line":102,"column":30},"end":{"line":102,"column":null}},"type":"cond-expr","locations":[{"start":{"line":102,"column":46},"end":{"line":102,"column":67}},{"start":{"line":102,"column":67},"end":{"line":102,"column":null}}],"line":102},"7":{"loc":{"start":{"line":102,"column":46},"end":{"line":102,"column":67}},"type":"binary-expr","locations":[{"start":{"line":102,"column":46},"end":{"line":102,"column":58}},{"start":{"line":102,"column":58},"end":{"line":102,"column":67}}],"line":102},"8":{"loc":{"start":{"line":102,"column":67},"end":{"line":102,"column":null}},"type":"binary-expr","locations":[{"start":{"line":102,"column":67},"end":{"line":102,"column":79}},{"start":{"line":102,"column":79},"end":{"line":102,"column":null}}],"line":102},"9":{"loc":{"start":{"line":104,"column":32},"end":{"line":104,"column":null}},"type":"cond-expr","locations":[{"start":{"line":104,"column":43},"end":{"line":104,"column":54}},{"start":{"line":104,"column":54},"end":{"line":104,"column":null}}],"line":104},"10":{"loc":{"start":{"line":109,"column":29},"end":{"line":109,"column":null}},"type":"cond-expr","locations":[{"start":{"line":109,"column":45},"end":{"line":109,"column":66}},{"start":{"line":109,"column":66},"end":{"line":109,"column":null}}],"line":109},"11":{"loc":{"start":{"line":109,"column":45},"end":{"line":109,"column":66}},"type":"binary-expr","locations":[{"start":{"line":109,"column":45},"end":{"line":109,"column":57}},{"start":{"line":109,"column":57},"end":{"line":109,"column":66}}],"line":109},"12":{"loc":{"start":{"line":109,"column":66},"end":{"line":109,"column":null}},"type":"binary-expr","locations":[{"start":{"line":109,"column":66},"end":{"line":109,"column":78}},{"start":{"line":109,"column":78},"end":{"line":109,"column":null}}],"line":109},"13":{"loc":{"start":{"line":112,"column":29},"end":{"line":112,"column":null}},"type":"cond-expr","locations":[{"start":{"line":112,"column":45},"end":{"line":112,"column":56}},{"start":{"line":112,"column":56},"end":{"line":112,"column":null}}],"line":112},"14":{"loc":{"start":{"line":119,"column":28},"end":{"line":119,"column":null}},"type":"cond-expr","locations":[{"start":{"line":119,"column":39},"end":{"line":119,"column":63}},{"start":{"line":119,"column":63},"end":{"line":119,"column":null}}],"line":119},"15":{"loc":{"start":{"line":122,"column":27},"end":{"line":122,"column":null}},"type":"cond-expr","locations":[{"start":{"line":122,"column":43},"end":{"line":122,"column":53}},{"start":{"line":122,"column":53},"end":{"line":122,"column":null}}],"line":122}},"s":{"0":0,"1":0,"2":0,"3":0,"4":0,"5":0,"6":0,"7":0,"8":0,"9":0,"10":0,"11":0,"12":0,"13":0,"14":0,"15":0,"16":0,"17":0,"18":0,"19":0,"20":0,"21":0,"22":0,"23":0,"24":0,"25":0,"26":0,"27":0,"28":0,"29":0,"30":0},"f":{"0":0,"1":0,"2":0,"3":0,"4":0,"5":0,"6":0,"7":0,"8":0,"9":0,"10":0,"11":0,"12":0,"13":0},"b":{"0":[0,0],"1":[0,0],"2":[0,0],"3":[0,0],"4":[0,0],"5":[0,0],"6":[0,0],"7":[0,0],"8":[0,0],"9":[0,0],"10":[0,0],"11":[0,0],"12":[0,0],"13":[0,0],"14":[0,0],"15":[0,0]},"meta":{"lastBranch":16,"lastFunction":14,"lastStatement":31,"seen":{"f:12:24:12:43":0,"s:13:8:13:Infinity":0,"s:14:8:14:Infinity":1,"f:14:12:14:22":1,"s:14:32:14:39":2,"s:15:8:15:Infinity":3,"f:15:15:15:25":2,"s:15:35:15:45":4,"s:16:8:16:Infinity":5,"f:16:23:16:33":3,"s:16:43:16:61":6,"s:18:17:18:Infinity":7,"s:19:8:19:Infinity":8,"s:21:8:21:Infinity":9,"f:21:16:21:34":4,"s:21:34:21:52":10,"s:23:2:36:Infinity":11,"f:23:2:23:18":5,"s:24:10:26:Infinity":12,"f:24:10:24:32":6,"b:25:6:25:Infinity:undefined:undefined:undefined:undefined":0,"s:25:6:25:Infinity":13,"b:25:10:25:33:25:33:25:82":1,"s:25:82:25:Infinity":14,"s:27:10:29:Infinity":15,"f:27:10:27:27":7,"b:28:6:28:Infinity:undefined:undefined:undefined:undefined":2,"s:28:6:28:Infinity":16,"s:28:30:28:Infinity":17,"s:30:4:30:Infinity":18,"s:31:4:31:Infinity":19,"s:32:4:35:Infinity":20,"f:32:4:32:17":8,"s:33:6:33:Infinity":21,"s:34:6:34:Infinity":22,"s:38:2:133:Infinity":23,"b:46:14:46:Infinity:47:14:47:Infinity":3,"f:49:8:49:23":9,"s:49:23:49:Infinity":24,"f:49:23:49:33":10,"s:49:41:49:46":25,"b:57:7:57:Infinity:58:8:60:Infinity":4,"b:64:9:64:Infinity:65:10:132:Infinity":5,"f:79:16:79:31":11,"s:80:18:80:Infinity":26,"s:81:18:81:Infinity":27,"f:89:28:89:33":12,"s:90:16:127:Infinity":28,"f:93:20:93:35":13,"s:94:22:94:Infinity":29,"s:95:22:95:Infinity":30,"b:102:46:102:67:102:67:102:Infinity":6,"b:102:46:102:58:102:58:102:67":7,"b:102:67:102:79:102:79:102:Infinity":8,"b:104:43:104:54:104:54:104:Infinity":9,"b:109:45:109:66:109:66:109:Infinity":10,"b:109:45:109:57:109:57:109:66":11,"b:109:66:109:78:109:78:109:Infinity":12,"b:112:45:112:56:112:56:112:Infinity":13,"b:119:39:119:63:119:63:119:Infinity":14,"b:122:43:122:53:122:53:122:Infinity":15}}}
,"E:\\FINAL-AAU-REDESIGN\\src\\components\\layout\\NotificationsDropdown.tsx": {"path":"E:\\FINAL-AAU-REDESIGN\\src\\components\\layout\\NotificationsDropdown.tsx","statementMap":{"0":{"start":{"line":12,"column":8},"end":{"line":12,"column":null}},"1":{"start":{"line":13,"column":8},"end":{"line":13,"column":null}},"2":{"start":{"line":13,"column":32},"end":{"line":13,"column":39}},"3":{"start":{"line":14,"column":8},"end":{"line":14,"column":null}},"4":{"start":{"line":14,"column":35},"end":{"line":14,"column":45}},"5":{"start":{"line":15,"column":8},"end":{"line":15,"column":null}},"6":{"start":{"line":15,"column":48},"end":{"line":15,"column":71}},"7":{"start":{"line":16,"column":17},"end":{"line":16,"column":null}},"8":{"start":{"line":17,"column":8},"end":{"line":17,"column":null}},"9":{"start":{"line":18,"column":8},"end":{"line":18,"column":null}},"10":{"start":{"line":19,"column":8},"end":{"line":19,"column":null}},"11":{"start":{"line":21,"column":8},"end":{"line":24,"column":null}},"12":{"start":{"line":22,"column":4},"end":{"line":22,"column":null}},"13":{"start":{"line":23,"column":4},"end":{"line":23,"column":null}},"14":{"start":{"line":26,"column":2},"end":{"line":33,"column":null}},"15":{"start":{"line":27,"column":4},"end":{"line":32,"column":null}},"16":{"start":{"line":28,"column":6},"end":{"line":31,"column":null}},"17":{"start":{"line":29,"column":26},"end":{"line":29,"column":null}},"18":{"start":{"line":30,"column":8},"end":{"line":30,"column":null}},"19":{"start":{"line":35,"column":2},"end":{"line":50,"column":null}},"20":{"start":{"line":36,"column":10},"end":{"line":40,"column":null}},"21":{"start":{"line":37,"column":6},"end":{"line":39,"column":null}},"22":{"start":{"line":38,"column":8},"end":{"line":38,"column":null}},"23":{"start":{"line":41,"column":10},"end":{"line":43,"column":null}},"24":{"start":{"line":42,"column":6},"end":{"line":42,"column":null}},"25":{"start":{"line":42,"column":30},"end":{"line":42,"column":null}},"26":{"start":{"line":44,"column":4},"end":{"line":44,"column":null}},"27":{"start":{"line":45,"column":4},"end":{"line":45,"column":null}},"28":{"start":{"line":46,"column":4},"end":{"line":49,"column":null}},"29":{"start":{"line":47,"column":6},"end":{"line":47,"column":null}},"30":{"start":{"line":48,"column":6},"end":{"line":48,"column":null}},"31":{"start":{"line":52,"column":8},"end":{"line":60,"column":null}},"32":{"start":{"line":53,"column":4},"end":{"line":59,"column":null}},"33":{"start":{"line":54,"column":25},"end":{"line":54,"column":null}},"34":{"start":{"line":55,"column":20},"end":{"line":55,"column":null}},"35":{"start":{"line":56,"column":23},"end":{"line":56,"column":null}},"36":{"start":{"line":57,"column":23},"end":{"line":57,"column":null}},"37":{"start":{"line":58,"column":15},"end":{"line":58,"column":null}},"38":{"start":{"line":62,"column":8},"end":{"line":81,"column":null}},"39":{"start":{"line":63,"column":4},"end":{"line":66,"column":null}},"40":{"start":{"line":64,"column":6},"end":{"line":64,"column":null}},"41":{"start":{"line":65,"column":6},"end":{"line":65,"column":null}},"42":{"start":{"line":68,"column":4},"end":{"line":80,"column":null}},"43":{"start":{"line":69,"column":6},"end":{"line":69,"column":null}},"44":{"start":{"line":70,"column":20},"end":{"line":70,"column":null}},"45":{"start":{"line":71,"column":24},"end":{"line":71,"column":null}},"46":{"start":{"line":73,"column":20},"end":{"line":73,"column":null}},"47":{"start":{"line":74,"column":6},"end":{"line":78,"column":null}},"48":{"start":{"line":75,"column":8},"end":{"line":75,"column":null}},"49":{"start":{"line":77,"column":8},"end":{"line":77,"column":null}},"50":{"start":{"line":79,"column":6},"end":{"line":79,"column":null}},"51":{"start":{"line":83,"column":8},"end":{"line":88,"column":null}},"52":{"start":{"line":84,"column":4},"end":{"line":87,"column":null}},"53":{"start":{"line":85,"column":6},"end":{"line":85,"column":null}},"54":{"start":{"line":86,"column":6},"end":{"line":86,"column":null}},"55":{"start":{"line":90,"column":2},"end":{"line":193,"column":null}},"56":{"start":{"line":103,"column":23},"end":{"line":103,"column":null}},"57":{"start":{"line":103,"column":41},"end":{"line":103,"column":46}},"58":{"start":{"line":136,"column":18},"end":{"line":136,"column":null}},"59":{"start":{"line":137,"column":18},"end":{"line":137,"column":null}},"60":{"start":{"line":147,"column":29},"end":{"line":147,"column":null}},"61":{"start":{"line":148,"column":16},"end":{"line":186,"column":null}},"62":{"start":{"line":158,"column":24},"end":{"line":158,"column":null}},"63":{"start":{"line":159,"column":24},"end":{"line":159,"column":null}}},"fnMap":{"0":{"name":"NotificationsDropdown","decl":{"start":{"line":11,"column":24},"end":{"line":11,"column":48}},"loc":{"start":{"line":11,"column":48},"end":{"line":195,"column":null}},"line":11},"1":{"name":"(anonymous_1)","decl":{"start":{"line":13,"column":12},"end":{"line":13,"column":22}},"loc":{"start":{"line":13,"column":32},"end":{"line":13,"column":39}},"line":13},"2":{"name":"(anonymous_2)","decl":{"start":{"line":14,"column":15},"end":{"line":14,"column":25}},"loc":{"start":{"line":14,"column":35},"end":{"line":14,"column":45}},"line":14},"3":{"name":"(anonymous_3)","decl":{"start":{"line":15,"column":28},"end":{"line":15,"column":38}},"loc":{"start":{"line":15,"column":48},"end":{"line":15,"column":71}},"line":15},"4":{"name":"(anonymous_4)","decl":{"start":{"line":21,"column":16},"end":{"line":21,"column":34}},"loc":{"start":{"line":21,"column":34},"end":{"line":24,"column":5}},"line":21},"5":{"name":"(anonymous_5)","decl":{"start":{"line":26,"column":2},"end":{"line":26,"column":18}},"loc":{"start":{"line":26,"column":18},"end":{"line":33,"column":5}},"line":26},"6":{"name":"(anonymous_6)","decl":{"start":{"line":28,"column":6},"end":{"line":28,"column":23}},"loc":{"start":{"line":28,"column":23},"end":{"line":31,"column":9}},"line":28},"7":{"name":"(anonymous_7)","decl":{"start":{"line":35,"column":2},"end":{"line":35,"column":18}},"loc":{"start":{"line":35,"column":18},"end":{"line":50,"column":5}},"line":35},"8":{"name":"(anonymous_8)","decl":{"start":{"line":36,"column":10},"end":{"line":36,"column":32}},"loc":{"start":{"line":36,"column":50},"end":{"line":40,"column":null}},"line":36},"9":{"name":"(anonymous_9)","decl":{"start":{"line":41,"column":10},"end":{"line":41,"column":27}},"loc":{"start":{"line":41,"column":48},"end":{"line":43,"column":null}},"line":4
[...]
:29}},"loc":{"start":{"line":68,"column":66},"end":{"line":136,"column":null}},"line":68},"3":{"name":"(anonymous_3)","decl":{"start":{"line":70,"column":12},"end":{"line":70,"column":21}},"loc":{"start":{"line":70,"column":30},"end":{"line":70,"column":37}},"line":70},"4":{"name":"(anonymous_4)","decl":{"start":{"line":72,"column":29},"end":{"line":72,"column":47}},"loc":{"start":{"line":72,"column":47},"end":{"line":74,"column":5}},"line":72},"5":{"name":"(anonymous_5)","decl":{"start":{"line":106,"column":25},"end":{"line":106,"column":30}},"loc":{"start":{"line":107,"column":14},"end":{"line":112,"column":null}},"line":107}},"branchMap":{"0":{"loc":{"start":{"line":48,"column":8},"end":{"line":48,"column":null}},"type":"binary-expr","locations":[{"start":{"line":48,"column":8},"end":{"line":48,"column":19}},{"start":{"line":48,"column":19},"end":{"line":48,"column":null}}],"line":48},"1":{"loc":{"start":{"line":73,"column":4},"end":{"line":73,"column":null}},"type":"if","locations":[{"start":{"line":73,"column":4},"end":{"line":73,"column":null}},{"start":{},"end":{}}],"line":73},"2":{"loc":{"start":{"line":93,"column":16},"end":{"line":93,"column":null}},"type":"cond-expr","locations":[{"start":{"line":93,"column":35},"end":{"line":93,"column":42}},{"start":{"line":93,"column":42},"end":{"line":93,"column":null}}],"line":93},"3":{"loc":{"start":{"line":93,"column":16},"end":{"line":93,"column":35}},"type":"binary-expr","locations":[{"start":{"line":93,"column":16},"end":{"line":93,"column":24}},{"start":{"line":93,"column":24},"end":{"line":93,"column":35}}],"line":93},"4":{"loc":{"start":{"line":99,"column":11},"end":{"line":99,"column":null}},"type":"cond-expr","locations":[{"start":{"line":99,"column":30},"end":{"line":99,"column":46}},{"start":{"line":99,"column":46},"end":{"line":99,"column":null}}],"line":99},"5":{"loc":{"start":{"line":99,"column":11},"end":{"line":99,"column":30}},"type":"binary-expr","locations":[{"start":{"line":99,"column":11},"end":{"line":99,"column":19}},{"start":{"line":99,"column":19},"end":{"line":99,"column":30}}],"line":99}},"s":{"0":0,"1":0,"2":0,"3":0,"4":0,"5":0,"6":0,"7":0,"8":0,"9":0,"10":0,"11":0,"12":0,"13":0,"14":0,"15":0},"f":{"0":0,"1":0,"2":0,"3":0,"4":0,"5":0},"b":{"0":[0,0],"1":[0,0],"2":[0,0],"3":[0,0],"4":[0,0],"5":[0,0]},"meta":{"lastBranch":6,"lastFunction":6,"lastStatement":16,"seen":{"s:19:37:22:Infinity":0,"s:27:6:61:Infinity":1,"f:27:26:27:Infinity":0,"s:32:8:32:Infinity":2,"f:32:12:32:21":1,"s:32:30:32:37":3,"s:33:27:33:Infinity":4,"s:35:2:59:Infinity":5,"b:48:8:48:19:48:19:48:Infinity":0,"s:63:0:63:Infinity":6,"s:68:6:136:Infinity":7,"f:68:6:68:29":2,"s:69:8:69:Infinity":8,"s:70:8:70:Infinity":9,"f:70:12:70:21":3,"s:70:30:70:37":10,"s:72:8:74:Infinity":11,"f:72:29:72:47":4,"b:73:4:73:Infinity:undefined:undefined:undefined:undefined":1,"s:73:4:73:Infinity":12,"s:73:20:73:Infinity":13,"s:76:2:134:Infinity":14,"b:93:35:93:42:93:42:93:Infinity":2,"b:93:16:93:24:93:24:93:35":3,"b:99:30:99:46:99:46:99:Infinity":4,"b:99:11:99:19:99:19:99:30":5,"f:106:25:106:30":5,"s:107:14:112:Infinity":15}}}
,"E:\\FINAL-AAU-REDESIGN\\src\\widgets\\QuickToolsWidget.tsx": {"path":"E:\\FINAL-AAU-REDESIGN\\src\\widgets\\QuickToolsWidget.tsx","statementMap":{"0":{"start":{"line":25,"column":6},"end":{"line":103,"column":null}},"1":{"start":{"line":32,"column":8},"end":{"line":32,"column":null}},"2":{"start":{"line":32,"column":30},"end":{"line":32,"column":37}},"3":{"start":{"line":33,"column":15},"end":{"line":33,"column":null}},"4":{"start":{"line":35,"column":2},"end":{"line":101,"column":null}},"5":{"start":{"line":53,"column":23},"end":{"line":53,"column":null}},"6":{"start":{"line":83,"column":10},"end":{"line":83,"column":null}},"7":{"start":{"line":84,"column":10},"end":{"line":84,"column":null}},"8":{"start":{"line":108,"column":6},"end":{"line":182,"column":null}},"9":{"start":{"line":109,"column":8},"end":{"line":109,"column":null}},"10":{"start":{"line":110,"column":8},"end":{"line":110,"column":null}},"11":{"start":{"line":110,"column":30},"end":{"line":110,"column":37}},"12":{"start":{"line":111,"column":8},"end":{"line":111,"column":null}},"13":{"start":{"line":111,"column":39},"end":{"line":111,"column":55}},"14":{"start":{"line":112,"column":8},"end":{"line":112,"column":null}},"15":{"start":{"line":112,"column":43},"end":{"line":112,"column":63}},"16":{"start":{"line":113,"column":8},"end":{"line":113,"column":null}},"17":{"start":{"line":113,"column":39},"end":{"line":113,"column":54}},"18":{"start":{"line":114,"column":2},"end":{"line":114,"column":null}},"19":{"start":{"line":116,"column":8},"end":{"line":116,"column":null}},"20":{"start":{"line":116,"column":37},"end":{"line":116,"column":65}},"21":{"start":{"line":118,"column":8},"end":{"line":120,"column":null}},"22":{"start":{"line":119,"column":4},"end":{"line":119,"column":null}},"23":{"start":{"line":122,"column":8},"end":{"line":124,"column":null}},"24":{"start":{"line":123,"column":4},"end":{"line":123,"column":null}},"25":{"start":{"line":126,"column":8},"end":{"line":128,"column":null}},"26":{"start":{"line":127,"column":4},"end":{"line":127,"column":null}},"27":{"start":{"line":127,"column":20},"end":{"line":127,"column":null}},"28":{"start":{"line":130,"column":2},"end":{"line":180,"column":null}},"29":{"start":{"line":157,"column":14},"end":{"line":164,"column":null}},"30":{"start":{"line":184,"column":0},"end":{"line":184,"column":null}}},"fnMap":{"0":{"name":"(anonymous_0)","decl":{"start":{"line":25,"column":22},"end":{"line":25,"column":null}},"loc":{"start":{"line":31,"column":66},"end":{"line":103,"column":1}},"line":31},"1":{"name":"(anonymous_1)","decl":{"start":{"line":32,"column":12},"end":{"line":32,"column":21}},"loc":{"start":{"line":32,"column":30},"end":{"line":32,"column":37}},"line":32},"2":{"name":"(anonymous_2)","decl":{"start":{"line":53,"column":8},"end":{"line":53,"column":23}},"loc":{"start":{"line":53,"column":23},"end":{"line":53,"column":null}},"line":53},"3":{"name":"(anonymous_3)","decl":{"start":{"line":82,"column":8},"end":{"line":82,"column":18}},"loc":{"start":{"line":82,"column":24},"end":{"line":85,"column":null}},"line":82},"4":{"name":"(anonymous_4)","decl":{"start":{"line":108,"column":6},"end":{"line":108,"column":26}},"loc":{"start":{"line":108,"column":57},"end":{"line":182,"column":null}},"line":108},"5":{"name":"(anonymous_5)","decl":{"start":{"line":110,"column":12},"end":{"line":110,"column":21}},"loc":{"start":{"line":110,"column":30},"end":{"line":110,"column":37}},"line":110},"6":{"name":"(anonymous_6)","decl":{"start":{"line":111,"column":21},"end":{"line":111,"column":30}},"loc":{"start":{"line":111,"column":39},"end":{"line":111,"column":55}},"line":111},"7":{"name":"(anonymous_7)","decl":{"start":{"line":112,"column":25},"end":{"line":112,"column":34}},"loc":{"start":{"line":112,"column":43},"end":{"line":112,"column":63}},"line":112},"8":{"name":"(anonymous_8)","decl":{"start":{"line":113,"column":21},"end":{"line":113,"column":30}},"loc":{"start":{"line":113,"column":39},"end":{"line":113,"column":54}},"line":113},"9":{"name":"(anonymous_9)","decl":{"start":{"line":116,"column":23},"end":{"line":116,"column":37}},"loc":{"start":{"line":116,"column":37},"end":{"line":116,"column":65}},"line":116},"10":{"name":"(anonymous_10)","decl":{"start":{"line":118,"column":31},"end":{"line":118,"column":44}},"loc":{"start":{"line":118,"column":59},"end":{"line":120,"column":5}},"line":118},"11":{"name":"(anonymous_11)","decl":{"start":{"line":122,"column":25},"end":{"line":122,"column":38}},"loc":{"start":{"line":122,"column":54},"end":{"line":124,"column":5}},"line":122},"12":{"name":"(anonymous_12)","decl":{"start":{"line":126,"column":24},"end":{"line":126,"column":42}},"loc":{"start":{"line":126,"column":42},"end":{"line":128,"column":5}},"line":126},"13":{"name":"(anonymous_13)","decl":{"start":{"line":156,"column":26},"end":{"line":156,"column":31}},"loc":{"start":{"line":157,"column":14},"end":{"line":164,"column":null}},"line":157}},"branchMap":{"0":{"loc":{"start":{"line":33,"column":15},"end":{"line":33,"column":null}},"type":"binary-expr","locations":[{"start":{"line":33,"column":15},"end":{"line":33,"column":39}},{"start":{"line":33,"column":39},"end":{"line":33,"column":null}}],"line":33},"1":{"loc":{"start":{"line":42,"column":18},"end":{"line":42,"column":null}},"type":"cond-expr","locations":[{"start":{"line":42,"column":31},"end":{"line":42,"column":43}},{"start":{"line":42,"column":43},"end":{"line":42,"column":null}}],"line":42},"2":{"loc":{"start":{"line":53,"column":23},"end":{"line":53,"column":null}},"type":"binary-expr","locations":[{"start":{"line":53,"column":23},"end":{"line":53,"column":37}},{"start":{"line":53,"column":37},"end":{"line":53,"column":null}}],"line":53},"3":{"loc":{"start":{"line":78,"column":10},"end":{"line":80,"column":null}},"type":"cond-expr","locations":[{"start":{"line":79,"column":14},"end":{"line":79,"column":null}},{"start":{"line":80,"column":14},"end":{"line":80,"column":null}}],"line":78},"4":{"loc":{"start":{"line":86,"column":20},"end":{"line":86,"column":null}},"type":"cond-expr","locations":[{"start":{"line":86,"column":28},"end":{"line":86,"column":51}},{"start":{"line":86,"column":51},"end":{"line":86,"column":null}}],"line":86},"5":{"loc":{"start":{"line":97,"column":50},"end":{"line":97,"column":84}},"type":"cond-expr","locations":[{"start":{"line":97,"column":58},"end":{"line":97,"column":75}},{"start":{"line":97,"column":75},"end":{"line":97,"column":84}}],"line":97},"6":{"loc":{"start":{"line":91,"column":17},"end":{"line":91,"column":null}},"type":"cond-expr","locations":[{"start":{"line":91,"column":25},"end":{"line":91,"column":33}},{"start":{"line":91,"column":33},"end":{"line":91,"column":null}}],"line":91},"7":{"loc":{"start":{"line":127,"column":4},"end":{"line":127,"column":null}},"type":"if","locations":[{"start":{"line":127,"column":4},"end":{"line":127,"column":null}},{"start":{},"end":{}}],"line":127}},"s":{"0":0,"1":0,"2":0,"3":0,"4":0,"5":0,"6":0,"7":0,"8":0,"9":0,"10":0,"11":0,"12":0,"13":0,"14":0,"15":0,"16":0,"17":0,"18":0,"19":0,"20":0,"21":0,"22":0,"23":0,"24":0,"25":0,"26":0,"27":0,"28":0,"29":0,"30":0},"f":{"0":0,"1":0,"2":0,"3":0,"4":0,"5":0,"6":0,"7":0,"8":0,"9":0,"10":0,"11":0,"12":0,"13":0},"b":{"0":[0,0],"1":[0,0],"2":[0,0],"3":[0,0],"4":[0,0],"5":[0,0],"6":[0,0],"7":[0,0]},"meta":{"lastBranch":8,"lastFunction":14,"lastStatement":31,"seen":{"s:25:6:103:Infinity":0,"f:25:22:25:Infinity":0,"s:32:8:32:Infinity":1,"f:32:12:32:21":1,"s:32:30:32:37":2,"s:33:15:33:Infinity":3,"b:33:15:33:39:33:39:33:Infinity":0,"s:35:2:101:Infinity":4,"b:42:31:42:43:42:43:42:Infinity":1,"f:53:8:53:23":2,"s:53:23:53:Infinity":5,"b:53:23:53:37:53:37:53:Infinity":2,"b:79:14:79:Infinity:80:14:80:Infinity":3,"f:82:8:82:18":3,"s:83:10:83:Infinity":6,"s:84:10:84:Infinity":7,"b:86:28:86:51:86:51:86:Infinity":4,"b:97:58:97:75:97:75:97:84":5,"b:91:25:91:33:91:33:91:Infinity":6,"s:108:6:182:Infinity":8,"f:108:6:108:26":4,"s:109:8:109:Infinity":9,"s:110:8:110:Infinity":10,"f:110:12:110:21":5,"s:110:30:110:37":11,"s:111:8:111:Infinity":12,"f:111:21:111:30":6,"s:111:39:111:55":13,"s:112:8:112:Infinity":14,"f:112:25:112:34":7,"s:112:43:112:63":15,"s:113:8:113:Infinity":16,"f:113:21:113:30":8,"s:113:39:113:54":17,"s:114:2:114:Infinity":18,"s:116:8:116:Infinity":19,"f:116:23:116:37":9,"s:116:37:116:65":20,"s:118:8:120:Infinity":21,"f:118:31:118:44":10,"s:119:4:119:Infinity":22,"s:122:8:124:Infinity":23,"f:122:25:122:38":11,"s:123:4:123:Infinity":24,"s:126:8:128:Infinity":25,"f:126:24:126:42":12,"b:127:4:127:Infinity:undefined:undefined:undefined:undefined":7,"s:127:4:127:Infinity":26,"s:127:20:127:Infinity":27,"s:130:2:180:Infinity":28,"f:156:26:156:31":13,"s:157:14:164:Infinity":29,"s:184:0:184:Infinity":30}}}
,"E:\\FINAL-AAU-REDESIGN\\src\\widgets\\RecentGradesWidget.tsx": {"path":"E:\\FINAL-AAU-REDESIGN\\src\\widgets\\RecentGradesWidget.tsx","statementMap":{"0":{"start":{"line":29,"column":6},"end":{"line":76,"column":null}},"1":{"start":{"line":32,"column":8},"end":{"line":32,"column":null}},"2":{"start":{"line":32,"column":30},"end":{"line":32,"column":37}},"3":{"start":{"line":34,"column":2},"end":{"line":74,"column":null}},"4":{"start":{"line":78,"column":0},"end":{"line":78,"column":null}},"5":{"start":{"line":83,"column":6},"end":{"line":172,"column":null}},"6":{"start":{"line":84,"column":8},"end":{"line":84,"column":null}},"7":{"start":{"line":85,"column":8},"end":{"line":85,"column":null}},"8":{"start":{"line":85,"column":30},"end":{"line":85,"column":37}},"9":{"start":{"line":86,"column":8},"end":{"line":86,"column":null}},"10":{"start":{"line":86,"column":37},"end":{"line":86,"column":51}},"11":{"start":{"line":88,"column":23},"end":{"line":88,"column":null}},"12":{"start":{"line":88,"column":39},"end":{"line":88,"column":89}},"13":{"start":{"line":89,"column":8},"end":{"line":97,"column":null}},"14":{"start":{"line":90,"column":4},"end":{"line":96,"column":null}},"15":{"start":{"line":90,"column":65},"end":{"line":96,"column":6}},"16":{"start":{"line":99,"column":8},"end":{"line":101,"column":null}},"17":{"start":{"line":100,"column":4},"end":{"line":100,"column":null}},"18":{"start":{"line":100,"column":20},"end":{"line":100,"column":null}},"19":{"start":{"line":103,"column":2},"end":{"line":170,"column":null}},"20":{"start":{"line":135,"column":16},"end":{"line":138,"column":null}},"21":{"start":{"line":174,"column":0},"end":{"line":174,"column":null}}},"fnMap":{"0":{"name":"(anonymous_0)","decl":{"start":{"line":29,"column":23},"end":{"line":29,"column":null}},"loc":{"start":{"line":31,"column":23},"end":{"line":76,"column":1}},"line":31},"1":{"name":"(anonymous_1)","decl":{"start":{"line":32,"column":12},"end":{"line":32,"column":21}},"loc":{"start":{"line":32,"column":30},"end":{"line":32,"column":37}},"line":32},"2":{"name":"(anonymous_2)","decl":{"start":{"line":83,"column":6},"end":{"line":83,"column":28}},"loc":{"start":{"line":83,"column":65},"end":{"line":172,"column":null}},"line":83},"3":{"name":"(anonymous_3)","decl":{"start":{"line":85,"column":12},"end":{"line":85,"column":21}},"loc":{"start":{"line":85,"column":30},"end":{"line":85,"column":37}},"line":85},"4":{"name":"(anonymous_4)","decl":{"start":{"line":86,"column":19},"end":{"line":86,"column":28}},"loc":{"start":{"line":86,"column":37},"end":{"line":86,"column":51}},"line":86},"5":{"name":"(anonymous_5)","decl":{"start":{"line":88,"column":39},"end":{"line":88,"column":53}},"loc":{"start":{"line":88,"column":39},"end":{"line":88,"column":89}},"line":88},"6":{"name":"(anonymous_6)","decl":{"start":{"line":89,"column":24},"end":{"line":89,"column":null}},"loc":{"start":{"line":90,"column":4},"end":{"line":96,"column":null}},"line":90},"7":{"name":"(anonymous_7)","decl":{"start":{"line":90,"column":42},"end":{"line":90,"column":47}},"loc":{"start":{"line":90,"column":65},"end":{"line":96,"column":6}},"line":90},"8":{"name":"(anonymous_8)","decl":{"start":{"line":99,"column":24},"end":{"line":99,"column":42}},"loc":{"start":{"line":99,"column":42},"end":{"line":101,"column":5}},"line":99},"9":{"name":"(anonymous_9)","decl":{"start":{"line":134,"column":29},"end":{"line":134,"column":34}},"loc":{"start":{"line":135,"column":16},"end":{"line":138,"column":null}},"line":135}},"branchMap":{"0":{"loc":{"start":{"line":45,"column":14},"end":{"line":45,"column":null}},"type":"cond-expr","locations":[{"start":{"line":45,"column":37},"end":{"line":45,"column":44}},{"start":{"line":45,"column":44},"end":{"line":45,"column":null}}],"line":45},"1":{"loc":{"start":{"line":46,"column":19},"end":{"line":46,"column":null}},"type":"cond-expr","locations":[{"start":{"line":46,"column":42},"end":{"line":46,"column":67}},{"start":{"line":46,"column":67},"end":{"line":46,"column":null}}],"line":46},"2":{"loc":{"start":{"line":51,"column":13},"end":{"line":69,"column":null}},"type":"cond-expr","locations":[{"start":{"line":52,"column":14},"end":{"line":59,"column":null}},{"start":{"line":61,"column":14},"end":{"line":69,"column":null}}],"line":51},"3":{"loc":{"start":{"line":100,"column":4},"end":{"line":100,"column":null}},"type":"if","locations":[{"start":{"line":100,"column":4},"end":{"line":100,"column":null}},{"start":{},"end":{}}],"line":100},"4":{"loc":{"start":{"line":114,"column":13},"end":{"line":114,"column":null}},"type":"cond-expr","locations":[{"start":{"line":114,"column":32},"end":{"line":114,"column":60}},{"start":{"line":114,"column":60},"end":{"line":114,"column":null}}],"line":114},"5":{"loc":{"start":{"line":114,"column":13},"end":{"line":114,"column":32}},"type":"binary-expr","locations":[{"start":{"line":114,"column":13},"end":{"line":114,"column":21}},{"start":{"line":114,"column":21},"end":{"line":114,"column":32}}],"line":114},"6":{"loc":{"start":{"line":120,"column":16},"end":{"line":120,"column":null}},"type":"cond-expr","locations":[{"start":{"line":120,"column":35},"end":{"line":120,"column":42}},{"start":{"line":120,"column":42},"end":{"line":120,"column":null}}],"line":120},"7":{"loc":{"start":{"line":120,"column":16},"end":{"line":120,"column":35}},"type":"binary-expr","locations":[{"start":{"line":120,"column":16},"end":{"line":120,"column":24}},{"start":{"line":120,"column":24},"end":{"line":120,"column":35}}],"line":120},"8":{"loc":{"start":{"line":126,"column":11},"end":{"line":126,"column":null}},"type":"cond-expr","locations":[{"start":{"line":126,"column":30},"end":{"line":126,"column":46}},{"start":{"line":126,"column":46},"end":{"line":126,"column":null}}],"line":126},"9":{"loc":{"start":{"line":126,"column":11},"end":{"line":126,"column":30}},"type":"binary-expr","locations":[{"start":{"line":126,"column":11},"end":{"line":126,"column":19}},{"start":{"line":126,"column":19},"end":{"line":126,"column":30}}],"line":126},"10":{"loc":{"start":{"line":131,"column":9},"end":{"line":150,"column":null}},"type":"cond-expr","locations":[{"start":{"line":132,"column":10},"end":{"line":143,"column":11}},{"start":{"line":143,"column":10},"end":{"line":150,"column":null}}],"line":131},"11":{"loc":{"start":{"line":136,"column":23},"end":{"line":136,"column":null}},"type":"binary-expr","locations":[{"start":{"line":136,"column":23},"end":{"line":136,"column":31}},{"start":{"line":136,"column":31},"end":{"line":136,"column":null}}],"line":136}},"s":{"0":0,"1":0,"2":0,"3":0,"4":0,"5":0,"6":0,"7":0,"8":0,"9":0,"10":0,"11":0,"12":0,"13":0,"14":0,"15":0,"16":0,"17":0,"18":0,"19":0,"20":0,"21":0},"f":{"0":0,"1":0,"2":0,"3":0,"4":0,"5":0,"6":0,"7":0,"8":0,"9":0},"b":{"0":[0,0],"1":[0,0],"2":[0,0],"3":[0,0],"4":[0,0],"5":[0,0],"6":[0,0],"7":[0,0],"8":[0,0],"9":[0,0],"10":[0,0],"11":[0,0]},"meta":{"lastBranch":12,"lastFunction":10,"lastStatement":22,"seen":{"s:29:6:76:Infinity":0,"f:29:23:29:Infinity":0,"s:32:8:32:Infinity":1,"f:32:12:32:21":1,"s:32:30:32:37":2,"s:34:2:74:Infinity":3,"b:45:37:45:44:45:44:45:Infinity":0,"b:46:42:46:67:46:67:46:Infinity":1,"b:52:14:59:Infinity:61:14:69:Infinity":2,"s:78:0:78:Infinity":4,"s:83:6:172:Infinity":5,"f:83:6:83:28":2,"s:84:8:84:Infinity":6,"s:85:8:85:Infinity":7,"f:85:12:85:21":3,"s:85:30:85:37":8,"s:86:8:86:Infinity":9,"f:86:19:86:28":4,"s:86:37:86:51":10,"s:88:23:88:Infinity":11,"f:88:39:88:53":5,"s:88:39:88:89":12,"s:89:8:97:Infinity":13,"f:89:24:89:Infinity":6,"s:90:4:96:Infinity":14,"f:90:42:90:47":7,"s:90:65:96:6":15,"s:99:8:101:Infinity":16,"f:99:24:99:42":8,"b:100:4:100:Infinity:undefined:undefined:undefined:undefined":3,"s:100:4:100:Infinity":17,"s:100:20:100:Infinity":18,"s:103:2:170:Infinity":19,"b:114:32:114:60:114:60:114:Infinity":4,"b:114:13:114:21:114:21:114:32":5,"b:120:35:120:42:120:42:120:Infinity":6,"b:120:16:120:24:120:24:120:35":7,"b:126:30:126:46:126:46:126:Infinity":8,"b:126:11:126:19:126:19:126:30":9,"b:132:10:143:11:143:10:150:Infinity":10,"f:134:29:134:34":9,"s:135:16:138:Infinity":20,"b:136:23:136:31:136:31:136:Infinity":11,"s:174:0:174:Infinity":21}}}
}
